#
# There is insufficient memory for the Java Runtime Environment to continue.
# Native memory allocation (malloc) failed to allocate 1862736 bytes. Error detail: Chunk::new
# Possible reasons:
#   The system is out of physical RAM or swap space
#   This process is running with CompressedOops enabled, and the Java Heap may be blocking the growth of the native heap
# Possible solutions:
#   Reduce memory load on the system
#   Increase physical memory or swap space
#   Check if swap backing store is full
#   Decrease Java heap size (-Xmx/-Xms)
#   Decrease number of Java threads
#   Decrease Java thread stack sizes (-Xss)
#   Set larger code cache with -XX:ReservedCodeCacheSize=
#   JVM is running with Zero Based Compressed Oops mode in which the Java heap is
#     placed in the first 32GB address space. The Java Heap base address is the
#     maximum limit for the native heap growth. Please use -XX:HeapBaseMinAddress
#     to set the Java Heap base and to place the Java Heap above 32GB virtual address.
# This output file may be truncated or incomplete.
#
#  Out of Memory Error (arena.cpp:168), pid=552, tid=1820
#
# JRE version: OpenJDK Runtime Environment Temurin-21.0.10+7 (21.0.10+7) (build 21.0.10+7-LTS)
# Java VM: OpenJDK 64-Bit Server VM Temurin-21.0.10+7 (21.0.10+7-LTS, mixed mode, sharing, tiered, compressed oops, compressed class ptrs, g1 gc, windows-amd64)
# No core dump will be written. Minidumps are not enabled by default on client versions of Windows
#

---------------  S U M M A R Y ------------

Command Line: -XX:+HeapDumpOnOutOfMemoryError -XX:MaxMetaspaceSize=1024m --add-opens=java.base/java.util=ALL-UNNAMED --add-opens=java.base/java.lang=ALL-UNNAMED --add-opens=java.base/java.lang.invoke=ALL-UNNAMED --add-opens=java.prefs/java.util.prefs=ALL-UNNAMED --add-opens=java.base/java.nio.charset=ALL-UNNAMED --add-opens=java.base/java.net=ALL-UNNAMED --add-opens=java.base/java.util.concurrent.atomic=ALL-UNNAMED -Xmx4096m -Dfile.encoding=UTF-8 -Duser.country=FR -Duser.language=fr -Duser.variant -javaagent:C:\Users\NTIC\.gradle\wrapper\dists\gradle-8.7-all\aan3ydargesu18aqyqjwhr3pc\gradle-8.7\lib\agents\gradle-instrumentation-agent-8.7.jar org.gradle.launcher.daemon.bootstrap.GradleDaemon 8.7

Host: 11th Gen Intel(R) Core(TM) i3-1115G4 @ 3.00GHz, 4 cores, 3G,  Windows 11 , 64 bit Build 26100 (10.0.26100.8115)
Time: Sat Apr 11 13:46:10 2026 W. Central Africa Standard Time elapsed time: 37.699169 seconds (0d 0h 0m 37s)

---------------  T H R E A D  ---------------

Current thread (0x00000268e678a830):  JavaThread "C2 CompilerThread0" daemon [_thread_in_native, id=1820, stack(0x0000009244900000,0x0000009244a00000) (1024K)]


Current CompileTask:
C2:37699 5943       4       sun.reflect.generics.parser.SignatureParser::parsePackageNameAndSimpleClassTypeSignature (119 bytes)

Stack: [0x0000009244900000,0x0000009244a00000]
Native frames: (J=compiled Java code, j=interpreted, Vv=VM code, C=native code)
V  [jvm.dll+0x6d7a39]
V  [jvm.dll+0x8b4b26]
V  [jvm.dll+0x8b70de]
V  [jvm.dll+0x8b77c3]
V  [jvm.dll+0x284346]
V  [jvm.dll+0xc66ed]
V  [jvm.dll+0xc6c31]
V  [jvm.dll+0x3bec01]
V  [jvm.dll+0x38b162]
V  [jvm.dll+0x38a5aa]
V  [jvm.dll+0x24c560]
V  [jvm.dll+0x24bb40]
V  [jvm.dll+0x1cb34e]
V  [jvm.dll+0x25b85d]
V  [jvm.dll+0x259dea]
V  [jvm.dll+0x3f857e]
V  [jvm.dll+0x85f59d]
V  [jvm.dll+0x6d626d]
C  [ucrtbase.dll+0x37b0]
C  [KERNEL32.DLL+0x2e8d7]
C  [ntdll.dll+0x8c3fc]


---------------  P R O C E S S  ---------------

Threads class SMR info:
_java_thread_list=0x00000268eeba7330, length=34, elements={
0x00000268cb01adb0, 0x00000268e67658c0, 0x00000268e6768730, 0x00000268e6769780,
0x00000268e676a460, 0x00000268e6776ef0, 0x00000268e6777950, 0x00000268e678a830,
0x00000268e678ea30, 0x00000268e6c69c80, 0x00000268e6ca2620, 0x00000268ec2d5260,
0x00000268ec41b700, 0x00000268eb934ce0, 0x00000268ec6119b0, 0x00000268ec1c0820,
0x00000268e6cff830, 0x00000268e6cfd970, 0x00000268eba41950, 0x00000268eba40c30,
0x00000268eba3ff10, 0x00000268eba43390, 0x00000268eba41fe0, 0x00000268eba405a0,
0x00000268eba42670, 0x00000268eba42d00, 0x00000268ed5e3f80, 0x00000268ed5e5330,
0x00000268ed5e4610, 0x00000268ed5e59c0, 0x00000268ed5e3260, 0x00000268ed5e6050,
0x00000268ed5e7400, 0x00000268ed5e8120
}

Java Threads: ( => current thread )
  0x00000268cb01adb0 JavaThread "main"                              [_thread_blocked, id=18488, stack(0x0000009243b00000,0x0000009243c00000) (1024K)]
  0x00000268e67658c0 JavaThread "Reference Handler"          daemon [_thread_blocked, id=9896, stack(0x0000009244300000,0x0000009244400000) (1024K)]
  0x00000268e6768730 JavaThread "Finalizer"                  daemon [_thread_blocked, id=18584, stack(0x0000009244400000,0x0000009244500000) (1024K)]
  0x00000268e6769780 JavaThread "Signal Dispatcher"          daemon [_thread_blocked, id=2652, stack(0x0000009244500000,0x0000009244600000) (1024K)]
  0x00000268e676a460 JavaThread "Attach Listener"            daemon [_thread_blocked, id=11664, stack(0x0000009244600000,0x0000009244700000) (1024K)]
  0x00000268e6776ef0 JavaThread "Service Thread"             daemon [_thread_blocked, id=12900, stack(0x0000009244700000,0x0000009244800000) (1024K)]
  0x00000268e6777950 JavaThread "Monitor Deflation Thread"   daemon [_thread_blocked, id=18100, stack(0x0000009244800000,0x0000009244900000) (1024K)]
=>0x00000268e678a830 JavaThread "C2 CompilerThread0"         daemon [_thread_in_native, id=1820, stack(0x0000009244900000,0x0000009244a00000) (1024K)]
  0x00000268e678ea30 JavaThread "C1 CompilerThread0"         daemon [_thread_blocked, id=19324, stack(0x0000009244a00000,0x0000009244b00000) (1024K)]
  0x00000268e6c69c80 JavaThread "Common-Cleaner"             daemon [_thread_blocked, id=11864, stack(0x0000009244b00000,0x0000009244c00000) (1024K)]
  0x00000268e6ca2620 JavaThread "Notification Thread"        daemon [_thread_blocked, id=19648, stack(0x0000009244c00000,0x0000009244d00000) (1024K)]
  0x00000268ec2d5260 JavaThread "Daemon health stats"               [_thread_blocked, id=13700, stack(0x0000009245000000,0x0000009245100000) (1024K)]
  0x00000268ec41b700 JavaThread "Incoming local TCP Connector on port 58688"        [_thread_in_native, id=16416, stack(0x0000009245100000,0x0000009245200000) (1024K)]
  0x00000268eb934ce0 JavaThread "Daemon periodic checks"            [_thread_blocked, id=10864, stack(0x0000009245200000,0x0000009245300000) (1024K)]
  0x00000268ec6119b0 JavaThread "Daemon"                            [_thread_blocked, id=6728, stack(0x0000009245300000,0x0000009245400000) (1024K)]
  0x00000268ec1c0820 JavaThread "Handler for socket connection from /127.0.0.1:58688 to /127.0.0.1:58691"        [_thread_in_native, id=15744, stack(0x0000009245400000,0x0000009245500000) (1024K)]
  0x00000268e6cff830 JavaThread "Cancel handler"                    [_thread_blocked, id=10148, stack(0x0000009245500000,0x0000009245600000) (1024K)]
  0x00000268e6cfd970 JavaThread "Daemon worker"                     [_thread_in_vm, id=9716, stack(0x0000009245600000,0x0000009245700000) (1024K)]
  0x00000268eba41950 JavaThread "Asynchronous log dispatcher for DefaultDaemonConnection: socket connection from /127.0.0.1:58688 to /127.0.0.1:58691"        [_thread_blocked, id=11276, stack(0x0000009245700000,0x0000009245800000) (1024K)]
  0x00000268eba40c30 JavaThread "Stdin handler"                     [_thread_blocked, id=2988, stack(0x0000009245800000,0x0000009245900000) (1024K)]
  0x00000268eba3ff10 JavaThread "Daemon client event forwarder"        [_thread_blocked, id=17280, stack(0x0000009245900000,0x0000009245a00000) (1024K)]
  0x00000268eba43390 JavaThread "Cache worker for journal cache (C:\Users\NTIC\.gradle\caches\journal-1)"        [_thread_blocked, id=19096, stack(0x0000009245a00000,0x0000009245b00000) (1024K)]
  0x00000268eba41fe0 JavaThread "File lock request listener"        [_thread_in_native, id=14324, stack(0x0000009245b00000,0x0000009245c00000) (1024K)]
  0x00000268eba405a0 JavaThread "Cache worker for file hash cache (C:\Users\NTIC\.gradle\caches\8.7\fileHashes)"        [_thread_blocked, id=19216, stack(0x0000009245c00000,0x0000009245d00000) (1024K)]
  0x00000268eba42670 JavaThread "Cache worker for file hash cache (C:\Users\NTIC\Documents\GitHub\parking\parking_front\android\.gradle\8.7\fileHashes)"        [_thread_blocked, id=14796, stack(0x0000009245d00000,0x0000009245e00000) (1024K)]
  0x00000268eba42d00 JavaThread "File watcher server"        daemon [_thread_in_native, id=4156, stack(0x0000009245e00000,0x0000009245f00000) (1024K)]
  0x00000268ed5e3f80 JavaThread "File watcher consumer"      daemon [_thread_blocked, id=18904, stack(0x0000009245f00000,0x0000009246000000) (1024K)]
  0x00000268ed5e5330 JavaThread "Cache worker for checksums cache (C:\Users\NTIC\Documents\GitHub\parking\parking_front\android\.gradle\8.7\checksums)"        [_thread_blocked, id=10332, stack(0x0000009246000000,0x0000009246100000) (1024K)]
  0x00000268ed5e4610 JavaThread "Cache worker for cache directory md-supplier (C:\Users\NTIC\.gradle\caches\8.7\md-supplier)"        [_thread_blocked, id=20104, stack(0x0000009246100000,0x0000009246200000) (1024K)]
  0x00000268ed5e59c0 JavaThread "Cache worker for cache directory md-rule (C:\Users\NTIC\.gradle\caches\8.7\md-rule)"        [_thread_blocked, id=700, stack(0x0000009246200000,0x0000009246300000) (1024K)]
  0x00000268ed5e3260 JavaThread "Cache worker for file content cache (C:\Users\NTIC\.gradle\caches\8.7\fileContent)"        [_thread_blocked, id=4188, stack(0x0000009246300000,0x0000009246400000) (1024K)]
  0x00000268ed5e6050 JavaThread "jar transforms"                    [_thread_blocked, id=4160, stack(0x0000009246500000,0x0000009246600000) (1024K)]
  0x00000268ed5e7400 JavaThread "Cache worker for Build Output Cleanup Cache (C:\Users\NTIC\dev\flutter\packages\flutter_tools\gradle\.gradle\buildOutputCleanup)"        [_thread_blocked, id=6820, stack(0x0000009246400000,0x0000009246500000) (1024K)]
  0x00000268ed5e8120 JavaThread "Memory manager"                    [_thread_blocked, id=14544, stack(0x0000009246600000,0x0000009246700000) (1024K)]
Total: 34

Other Threads:
  0x00000268e67449b0 VMThread "VM Thread"                           [id=18508, stack(0x0000009244200000,0x0000009244300000) (1024K)]
  0x00000268e6735720 WatcherThread "VM Periodic Task Thread"        [id=7328, stack(0x0000009244100000,0x0000009244200000) (1024K)]
  0x00000268cb409cb0 WorkerThread "GC Thread#0"                     [id=5140, stack(0x0000009243c00000,0x0000009243d00000) (1024K)]
  0x00000268e6e1d4c0 WorkerThread "GC Thread#1"                     [id=6428, stack(0x0000009244d00000,0x0000009244e00000) (1024K)]
  0x00000268e6e68200 WorkerThread "GC Thread#2"                     [id=8172, stack(0x0000009244e00000,0x0000009244f00000) (1024K)]
  0x00000268e6c78220 WorkerThread "GC Thread#3"                     [id=12960, stack(0x0000009244f00000,0x0000009245000000) (1024K)]
  0x00000268cb41aec0 ConcurrentGCThread "G1 Main Marker"            [id=8864, stack(0x0000009243d00000,0x0000009243e00000) (1024K)]
  0x00000268cb41d300 WorkerThread "G1 Conc#0"                       [id=19932, stack(0x0000009243e00000,0x0000009243f00000) (1024K)]
  0x00000268cb4574f0 ConcurrentGCThread "G1 Refine#0"               [id=19500, stack(0x0000009243f00000,0x0000009244000000) (1024K)]
  0x00000268cb457e20 ConcurrentGCThread "G1 Service"                [id=13132, stack(0x0000009244000000,0x0000009244100000) (1024K)]
Total: 10

Threads with active compile tasks:
C2 CompilerThread0  37758 5943       4       sun.reflect.generics.parser.SignatureParser::parsePackageNameAndSimpleClassTypeSignature (119 bytes)
Total: 1

VM state: not at safepoint (normal execution)

VM Mutex/Monitor currently owned by a thread: None

Heap address: 0x0000000700000000, size: 4096 MB, Compressed Oops mode: Zero based, Oop shift amount: 3

CDS archive(s) mapped at: [0x0000026880000000-0x0000026880ba0000-0x0000026880ba0000), size 12189696, SharedBaseAddress: 0x0000026880000000, ArchiveRelocationMode: 1.
Compressed class space mapped at: 0x0000026881000000-0x00000268b5000000, reserved size: 872415232
Narrow klass base: 0x0000026880000000, Narrow klass shift: 0, Narrow klass range: 0x100000000

GC Precious Log:
 CardTable entry size: 512
 Card Set container configuration: InlinePtr #cards 4 size 8 Array Of Cards #cards 16 size 48 Howl #buckets 8 coarsen threshold 3686 Howl Bitmap #cards 512 size 80 coarsen threshold 460 Card regions per heap region 1 cards per card region 4096
 CPUs: 4 total, 4 available
 Memory: 3662M
 Large Page Support: Disabled
 NUMA Support: Disabled
 Compressed Oops: Enabled (Zero based)
 Heap Region Size: 2M
 Heap Min Capacity: 8M
 Heap Initial Capacity: 58M
 Heap Max Capacity: 4G
 Pre-touch: Disabled
 Parallel Workers: 4
 Concurrent Workers: 1
 Concurrent Refinement Workers: 4
 Periodic GC: Disabled

Heap:
 garbage-first heap   total 88064K, used 42064K [0x0000000700000000, 0x0000000800000000)
  region size 2048K, 3 young (6144K), 2 survivors (4096K)
 Metaspace       used 55975K, committed 57856K, reserved 917504K
  class space    used 8204K, committed 9152K, reserved 851968K

Heap Regions: E=young(eden), S=young(survivor), O=old, HS=humongous(starts), HC=humongous(continues), CS=collection set, F=free, TAMS=top-at-mark-start, PB=parsable bottom
|   0|0x0000000700000000, 0x0000000700200000, 0x0000000700200000|100%|HS|  |TAMS 0x0000000700000000| PB 0x0000000700000000| Complete 
|   1|0x0000000700200000, 0x0000000700400000, 0x0000000700400000|100%|HC|  |TAMS 0x0000000700200000| PB 0x0000000700200000| Complete 
|   2|0x0000000700400000, 0x0000000700600000, 0x0000000700600000|100%| O|  |TAMS 0x0000000700400000| PB 0x0000000700400000| Untracked 
|   3|0x0000000700600000, 0x0000000700800000, 0x0000000700800000|100%| O|  |TAMS 0x0000000700600000| PB 0x0000000700600000| Untracked 
|   4|0x0000000700800000, 0x0000000700a00000, 0x0000000700a00000|100%| O|  |TAMS 0x0000000700800000| PB 0x0000000700800000| Untracked 
|   5|0x0000000700a00000, 0x0000000700c00000, 0x0000000700c00000|100%| O|  |TAMS 0x0000000700a00000| PB 0x0000000700a00000| Untracked 
|   6|0x0000000700c00000, 0x0000000700e00000, 0x0000000700e00000|100%| O|  |TAMS 0x0000000700c00000| PB 0x0000000700c00000| Untracked 
|   7|0x0000000700e00000, 0x0000000701000000, 0x0000000701000000|100%| O|  |TAMS 0x0000000700e00000| PB 0x0000000700e00000| Untracked 
|   8|0x0000000701000000, 0x0000000701200000, 0x0000000701200000|100%| O|  |TAMS 0x0000000701000000| PB 0x0000000701000000| Untracked 
|   9|0x0000000701200000, 0x0000000701400000, 0x0000000701400000|100%| O|  |TAMS 0x0000000701200000| PB 0x0000000701200000| Untracked 
|  10|0x0000000701400000, 0x0000000701600000, 0x0000000701600000|100%| O|  |TAMS 0x0000000701400000| PB 0x0000000701400000| Untracked 
|  11|0x0000000701600000, 0x0000000701800000, 0x0000000701800000|100%| O|  |TAMS 0x0000000701600000| PB 0x0000000701600000| Untracked 
|  12|0x0000000701800000, 0x0000000701a00000, 0x0000000701a00000|100%| O|  |TAMS 0x0000000701800000| PB 0x0000000701800000| Untracked 
|  13|0x0000000701a00000, 0x0000000701c00000, 0x0000000701c00000|100%| O|  |TAMS 0x0000000701a00000| PB 0x0000000701a00000| Untracked 
|  14|0x0000000701c00000, 0x0000000701e00000, 0x0000000701e00000|100%| O|  |TAMS 0x0000000701c00000| PB 0x0000000701c00000| Untracked 
|  15|0x0000000701e00000, 0x0000000702000000, 0x0000000702000000|100%| O|  |TAMS 0x0000000701e00000| PB 0x0000000701e00000| Untracked 
|  16|0x0000000702000000, 0x0000000702200000, 0x0000000702200000|100%| O|  |TAMS 0x0000000702000000| PB 0x0000000702000000| Untracked 
|  17|0x0000000702200000, 0x0000000702369d40, 0x0000000702400000| 70%| O|  |TAMS 0x0000000702200000| PB 0x0000000702200000| Untracked 
|  18|0x0000000702400000, 0x0000000702400000, 0x0000000702600000|  0%| F|  |TAMS 0x0000000702400000| PB 0x0000000702400000| Untracked 
|  19|0x0000000702600000, 0x00000007027aa310, 0x0000000702800000| 83%| S|CS|TAMS 0x0000000702600000| PB 0x0000000702600000| Complete 
|  20|0x0000000702800000, 0x0000000702800000, 0x0000000702a00000|  0%| F|  |TAMS 0x0000000702800000| PB 0x0000000702800000| Untracked 
|  21|0x0000000702a00000, 0x0000000702a00000, 0x0000000702c00000|  0%| F|  |TAMS 0x0000000702a00000| PB 0x0000000702a00000| Untracked 
|  22|0x0000000702c00000, 0x0000000702e00000, 0x0000000702e00000|100%| S|CS|TAMS 0x0000000702c00000| PB 0x0000000702c00000| Complete 
|  23|0x0000000702e00000, 0x0000000702e00000, 0x0000000703000000|  0%| F|  |TAMS 0x0000000702e00000| PB 0x0000000702e00000| Untracked 
|  24|0x0000000703000000, 0x0000000703000000, 0x0000000703200000|  0%| F|  |TAMS 0x0000000703000000| PB 0x0000000703000000| Untracked 
|  25|0x0000000703200000, 0x0000000703200000, 0x0000000703400000|  0%| F|  |TAMS 0x0000000703200000| PB 0x0000000703200000| Untracked 
|  26|0x0000000703400000, 0x0000000703400000, 0x0000000703600000|  0%| F|  |TAMS 0x0000000703400000| PB 0x0000000703400000| Untracked 
|  27|0x0000000703600000, 0x0000000703600000, 0x0000000703800000|  0%| F|  |TAMS 0x0000000703600000| PB 0x0000000703600000| Untracked 
|  28|0x0000000703800000, 0x0000000703800000, 0x0000000703a00000|  0%| F|  |TAMS 0x0000000703800000| PB 0x0000000703800000| Untracked 
|  29|0x0000000703a00000, 0x0000000703a00000, 0x0000000703c00000|  0%| F|  |TAMS 0x0000000703a00000| PB 0x0000000703a00000| Untracked 
|  30|0x0000000703c00000, 0x0000000703c00000, 0x0000000703e00000|  0%| F|  |TAMS 0x0000000703c00000| PB 0x0000000703c00000| Untracked 
|  31|0x0000000703e00000, 0x0000000703e00000, 0x0000000704000000|  0%| F|  |TAMS 0x0000000703e00000| PB 0x0000000703e00000| Untracked 
|  32|0x0000000704000000, 0x0000000704000000, 0x0000000704200000|  0%| F|  |TAMS 0x0000000704000000| PB 0x0000000704000000| Untracked 
|  33|0x0000000704200000, 0x0000000704200000, 0x0000000704400000|  0%| F|  |TAMS 0x0000000704200000| PB 0x0000000704200000| Untracked 
|  34|0x0000000704400000, 0x0000000704400000, 0x0000000704600000|  0%| F|  |TAMS 0x0000000704400000| PB 0x0000000704400000| Untracked 
|  35|0x0000000704600000, 0x0000000704600000, 0x0000000704800000|  0%| F|  |TAMS 0x0000000704600000| PB 0x0000000704600000| Untracked 
|  36|0x0000000704800000, 0x0000000704800000, 0x0000000704a00000|  0%| F|  |TAMS 0x0000000704800000| PB 0x0000000704800000| Untracked 
|  37|0x0000000704a00000, 0x0000000704a00000, 0x0000000704c00000|  0%| F|  |TAMS 0x0000000704a00000| PB 0x0000000704a00000| Untracked 
|  38|0x0000000704c00000, 0x0000000704c00000, 0x0000000704e00000|  0%| F|  |TAMS 0x0000000704c00000| PB 0x0000000704c00000| Untracked 
|  39|0x0000000704e00000, 0x0000000704e00000, 0x0000000705000000|  0%| F|  |TAMS 0x0000000704e00000| PB 0x0000000704e00000| Untracked 
|  40|0x0000000705000000, 0x0000000705000000, 0x0000000705200000|  0%| F|  |TAMS 0x0000000705000000| PB 0x0000000705000000| Untracked 
|  41|0x0000000705200000, 0x0000000705387168, 0x0000000705400000| 76%| E|  |TAMS 0x0000000705200000| PB 0x0000000705200000| Complete 
|2047|0x00000007ffe00000, 0x0000000800000000, 0x0000000800000000|100%| O|  |TAMS 0x00000007ffe00000| PB 0x00000007ffe00000| Untracked 

Card table byte_map: [0x00000268dfcc0000,0x00000268e04c0000] _byte_map_base: 0x00000268dc4c0000

Marking Bits: (CMBitMap*) 0x00000268cb40a2d0
 Bits: [0x00000268e04c0000, 0x00000268e44c0000)

Polling page: 0x00000268cb2c0000

Metaspace:

Usage:
  Non-class:     46.65 MB used.
      Class:      8.01 MB used.
       Both:     54.66 MB used.

Virtual space:
  Non-class space:       64.00 MB reserved,      47.56 MB ( 74%) committed,  1 nodes.
      Class space:      832.00 MB reserved,       8.94 MB (  1%) committed,  1 nodes.
             Both:      896.00 MB reserved,      56.50 MB (  6%) committed. 

Chunk freelists:
   Non-Class:  32.00 KB
       Class:  7.12 MB
        Both:  7.15 MB

MaxMetaspaceSize: 1.00 GB
CompressedClassSpaceSize: 832.00 MB
Initial GC threshold: 21.00 MB
Current GC threshold: 59.00 MB
CDS: on
 - commit_granule_bytes: 65536.
 - commit_granule_words: 8192.
 - virtual_space_node_default_size: 8388608.
 - enlarge_chunks_in_place: 1.
 - use_allocation_guard: 0.


Internal statistics:

num_allocs_failed_limit: 6.
num_arena_births: 3262.
num_arena_deaths: 0.
num_vsnodes_births: 2.
num_vsnodes_deaths: 0.
num_space_committed: 904.
num_space_uncommitted: 0.
num_chunks_returned_to_freelist: 6.
num_chunks_taken_from_freelist: 5905.
num_chunk_merges: 3.
num_chunk_splits: 3859.
num_chunks_enlarged: 2420.
num_inconsistent_stats: 0.

CodeHeap 'non-profiled nmethods': size=120000Kb used=3293Kb max_used=3293Kb free=116706Kb
 bounds [0x00000268d7960000, 0x00000268d7ca0000, 0x00000268dee90000]
CodeHeap 'profiled nmethods': size=120000Kb used=11064Kb max_used=11064Kb free=108936Kb
 bounds [0x00000268cfe90000, 0x00000268d0960000, 0x00000268d73c0000]
CodeHeap 'non-nmethods': size=5760Kb used=2835Kb max_used=2854Kb free=2924Kb
 bounds [0x00000268d73c0000, 0x00000268d76a0000, 0x00000268d7960000]
CodeCache: size=245760Kb, used=17192Kb, max_used=17211Kb, free=228566Kb
 total_blobs=6376, nmethods=5490, adapters=789, full_count=0
Compilation: enabled, stopped_count=0, restarted_count=0

Compilation events (20 events):
Event: 37.559 Thread 0x00000268e678ea30 5940       3       java.lang.reflect.ProxyGenerator::addProxyMethod (190 bytes)
Event: 37.560 Thread 0x00000268e678ea30 nmethod 5940 0x00000268d094d710 code [0x00000268d094da60, 0x00000268d094eea0]
Event: 37.560 Thread 0x00000268e678ea30 5941   !   3       java.lang.reflect.Proxy$ProxyBuilder::ensureVisible (65 bytes)
Event: 37.561 Thread 0x00000268e678a830 nmethod 5938 0x00000268d7c96c10 code [0x00000268d7c96da0, 0x00000268d7c96ed8]
Event: 37.561 Thread 0x00000268e678ea30 nmethod 5941 0x00000268d094f610 code [0x00000268d094f8c0, 0x00000268d09502f8]
Event: 37.561 Thread 0x00000268e678ea30 5942       3       java.lang.reflect.Proxy$ProxyBuilder::ensureAccess (39 bytes)
Event: 37.562 Thread 0x00000268e678ea30 nmethod 5942 0x00000268d0950790 code [0x00000268d0950a00, 0x00000268d0951238]
Event: 37.562 Thread 0x00000268e678ea30 5939       3       java.lang.Module::isOpen (18 bytes)
Event: 37.562 Thread 0x00000268e678ea30 nmethod 5939 0x00000268d0951610 code [0x00000268d0951800, 0x00000268d0951bf8]
Event: 37.563 Thread 0x00000268e678a830 5943       4       sun.reflect.generics.parser.SignatureParser::parsePackageNameAndSimpleClassTypeSignature (119 bytes)
Event: 37.564 Thread 0x00000268e678ea30 5944       3       java.util.HashSet::<init> (29 bytes)
Event: 37.564 Thread 0x00000268e678ea30 nmethod 5944 0x00000268d0951d90 code [0x00000268d0951f80, 0x00000268d0952470]
Event: 37.567 Thread 0x00000268e678ea30 5946       3       org.objectweb.asm.Frame::execute (2318 bytes)
Event: 37.571 Thread 0x00000268e678ea30 nmethod 5946 0x00000268d0952610 code [0x00000268d0953440, 0x00000268d09598f8]
Event: 37.571 Thread 0x00000268e678ea30 5948       3       java.lang.invoke.Invokers$Holder::linkToTargetMethod (13 bytes)
Event: 37.571 Thread 0x00000268e678ea30 nmethod 5948 0x00000268d095b590 code [0x00000268d095b760, 0x00000268d095bbb0]
Event: 37.571 Thread 0x00000268e678ea30 5949       3       java.util.Collections$EmptySet::toArray (11 bytes)
Event: 37.571 Thread 0x00000268e678ea30 nmethod 5949 0x00000268d095bc90 code [0x00000268d095be40, 0x00000268d095c130]
Event: 37.683 Thread 0x00000268e678ea30 5951       1       org.gradle.api.internal.tasks.properties.annotations.OutputPropertyRoleAnnotationHandler::getAnnotationTypes (5 bytes)
Event: 37.683 Thread 0x00000268e678ea30 nmethod 5951 0x00000268d7c97090 code [0x00000268d7c97220, 0x00000268d7c972f0]

GC Heap History (20 events):
Event: 27.502 GC heap before
{Heap before GC invocations=10 (full 0):
 garbage-first heap   total 59392K, used 49570K [0x0000000700000000, 0x0000000800000000)
  region size 2048K, 14 young (28672K), 2 survivors (4096K)
 Metaspace       used 27021K, committed 28096K, reserved 917504K
  class space    used 4106K, committed 4608K, reserved 851968K
}
Event: 27.508 GC heap after
{Heap after GC invocations=11 (full 0):
 garbage-first heap   total 59392K, used 25850K [0x0000000700000000, 0x0000000800000000)
  region size 2048K, 2 young (4096K), 2 survivors (4096K)
 Metaspace       used 27021K, committed 28096K, reserved 917504K
  class space    used 4106K, committed 4608K, reserved 851968K
}
Event: 29.275 GC heap before
{Heap before GC invocations=11 (full 0):
 garbage-first heap   total 59392K, used 48378K [0x0000000700000000, 0x0000000800000000)
  region size 2048K, 13 young (26624K), 2 survivors (4096K)
 Metaspace       used 32058K, committed 33152K, reserved 917504K
  class space    used 4694K, committed 5248K, reserved 851968K
}
Event: 29.280 GC heap after
{Heap after GC invocations=12 (full 0):
 garbage-first heap   total 59392K, used 28429K [0x0000000700000000, 0x0000000800000000)
  region size 2048K, 2 young (4096K), 2 survivors (4096K)
 Metaspace       used 32058K, committed 33152K, reserved 917504K
  class space    used 4694K, committed 5248K, reserved 851968K
}
Event: 29.553 GC heap before
{Heap before GC invocations=12 (full 0):
 garbage-first heap   total 59392K, used 50957K [0x0000000700000000, 0x0000000800000000)
  region size 2048K, 13 young (26624K), 2 survivors (4096K)
 Metaspace       used 33592K, committed 34688K, reserved 917504K
  class space    used 4861K, committed 5376K, reserved 851968K
}
Event: 29.559 GC heap after
{Heap after GC invocations=13 (full 0):
 garbage-first heap   total 59392K, used 30939K [0x0000000700000000, 0x0000000800000000)
  region size 2048K, 2 young (4096K), 2 survivors (4096K)
 Metaspace       used 33592K, committed 34688K, reserved 917504K
  class space    used 4861K, committed 5376K, reserved 851968K
}
Event: 30.079 GC heap before
{Heap before GC invocations=13 (full 0):
 garbage-first heap   total 59392K, used 41179K [0x0000000700000000, 0x0000000800000000)
  region size 2048K, 8 young (16384K), 2 survivors (4096K)
 Metaspace       used 34910K, committed 36096K, reserved 917504K
  class space    used 5085K, committed 5696K, reserved 851968K
}
Event: 30.082 GC heap after
{Heap after GC invocations=14 (full 0):
 garbage-first heap   total 59392K, used 31293K [0x0000000700000000, 0x0000000800000000)
  region size 2048K, 1 young (2048K), 1 survivors (2048K)
 Metaspace       used 34910K, committed 36096K, reserved 917504K
  class space    used 5085K, committed 5696K, reserved 851968K
}
Event: 30.581 GC heap before
{Heap before GC invocations=15 (full 0):
 garbage-first heap   total 59392K, used 51773K [0x0000000700000000, 0x0000000800000000)
  region size 2048K, 10 young (20480K), 1 survivors (2048K)
 Metaspace       used 37102K, committed 38400K, reserved 917504K
  class space    used 5324K, committed 5952K, reserved 851968K
}
Event: 30.586 GC heap after
{Heap after GC invocations=16 (full 0):
 garbage-first heap   total 59392K, used 32939K [0x0000000700000000, 0x0000000800000000)
  region size 2048K, 2 young (4096K), 2 survivors (4096K)
 Metaspace       used 37102K, committed 38400K, reserved 917504K
  class space    used 5324K, committed 5952K, reserved 851968K
}
Event: 31.181 GC heap before
{Heap before GC invocations=16 (full 0):
 garbage-first heap   total 59392K, used 51371K [0x0000000700000000, 0x0000000800000000)
  region size 2048K, 11 young (22528K), 2 survivors (4096K)
 Metaspace       used 38181K, committed 39488K, reserved 917504K
  class space    used 5509K, committed 6144K, reserved 851968K
}
Event: 31.192 GC heap after
{Heap after GC invocations=17 (full 0):
 garbage-first heap   total 88064K, used 34642K [0x0000000700000000, 0x0000000800000000)
  region size 2048K, 2 young (4096K), 2 survivors (4096K)
 Metaspace       used 38181K, committed 39488K, reserved 917504K
  class space    used 5509K, committed 6144K, reserved 851968K
}
Event: 32.016 GC heap before
{Heap before GC invocations=17 (full 0):
 garbage-first heap   total 88064K, used 73554K [0x0000000700000000, 0x0000000800000000)
  region size 2048K, 22 young (45056K), 2 survivors (4096K)
 Metaspace       used 41593K, committed 43008K, reserved 917504K
  class space    used 6079K, committed 6784K, reserved 851968K
}
Event: 32.023 GC heap after
{Heap after GC invocations=18 (full 0):
 garbage-first heap   total 88064K, used 36864K [0x0000000700000000, 0x0000000800000000)
  region size 2048K, 2 young (4096K), 2 survivors (4096K)
 Metaspace       used 41593K, committed 43008K, reserved 917504K
  class space    used 6079K, committed 6784K, reserved 851968K
}
Event: 33.564 GC heap before
{Heap before GC invocations=18 (full 0):
 garbage-first heap   total 88064K, used 79872K [0x0000000700000000, 0x0000000800000000)
  region size 2048K, 23 young (47104K), 2 survivors (4096K)
 Metaspace       used 46761K, committed 48448K, reserved 917504K
  class space    used 6901K, committed 7744K, reserved 851968K
}
Event: 33.573 GC heap after
{Heap after GC invocations=19 (full 0):
 garbage-first heap   total 88064K, used 38483K [0x0000000700000000, 0x0000000800000000)
  region size 2048K, 2 young (4096K), 2 survivors (4096K)
 Metaspace       used 46761K, committed 48448K, reserved 917504K
  class space    used 6901K, committed 7744K, reserved 851968K
}
Event: 35.116 GC heap before
{Heap before GC invocations=19 (full 0):
 garbage-first heap   total 88064K, used 79443K [0x0000000700000000, 0x0000000800000000)
  region size 2048K, 22 young (45056K), 2 survivors (4096K)
 Metaspace       used 51443K, committed 53248K, reserved 917504K
  class space    used 7603K, committed 8512K, reserved 851968K
}
Event: 35.123 GC heap after
{Heap after GC invocations=20 (full 0):
 garbage-first heap   total 88064K, used 40324K [0x0000000700000000, 0x0000000800000000)
  region size 2048K, 2 young (4096K), 2 survivors (4096K)
 Metaspace       used 51443K, committed 53248K, reserved 917504K
  class space    used 7603K, committed 8512K, reserved 851968K
}
Event: 37.623 GC heap before
{Heap before GC invocations=20 (full 0):
 garbage-first heap   total 88064K, used 79236K [0x0000000700000000, 0x0000000800000000)
  region size 2048K, 21 young (43008K), 2 survivors (4096K)
 Metaspace       used 55909K, committed 57792K, reserved 917504K
  class space    used 8197K, committed 9152K, reserved 851968K
}
Event: 37.632 GC heap after
{Heap after GC invocations=21 (full 0):
 garbage-first heap   total 88064K, used 42064K [0x0000000700000000, 0x0000000800000000)
  region size 2048K, 2 young (4096K), 2 survivors (4096K)
 Metaspace       used 55909K, committed 57792K, reserved 917504K
  class space    used 8197K, committed 9152K, reserved 851968K
}

Dll operation events (14 events):
Event: 0.080 Loaded shared library C:\Users\NTIC\.vscode\extensions\redhat.java-1.53.0-win32-x64\jre\21.0.10-win32-x86_64\bin\java.dll
Event: 0.195 Loaded shared library C:\Users\NTIC\.vscode\extensions\redhat.java-1.53.0-win32-x64\jre\21.0.10-win32-x86_64\bin\zip.dll
Event: 0.220 Loaded shared library C:\Users\NTIC\.vscode\extensions\redhat.java-1.53.0-win32-x64\jre\21.0.10-win32-x86_64\bin\instrument.dll
Event: 0.228 Loaded shared library C:\Users\NTIC\.vscode\extensions\redhat.java-1.53.0-win32-x64\jre\21.0.10-win32-x86_64\bin\net.dll
Event: 0.231 Loaded shared library C:\Users\NTIC\.vscode\extensions\redhat.java-1.53.0-win32-x64\jre\21.0.10-win32-x86_64\bin\nio.dll
Event: 0.242 Loaded shared library C:\Users\NTIC\.vscode\extensions\redhat.java-1.53.0-win32-x64\jre\21.0.10-win32-x86_64\bin\zip.dll
Event: 2.042 Loaded shared library C:\Users\NTIC\.vscode\extensions\redhat.java-1.53.0-win32-x64\jre\21.0.10-win32-x86_64\bin\jimage.dll
Event: 2.253 Loaded shared library C:\Users\NTIC\.vscode\extensions\redhat.java-1.53.0-win32-x64\jre\21.0.10-win32-x86_64\bin\verify.dll
Event: 4.341 Loaded shared library C:\Users\NTIC\.gradle\native\c067742578af261105cb4f569cf0c3c89f3d7b1fecec35dd04571415982c5e48\windows-amd64\native-platform.dll
Event: 4.420 Loaded shared library C:\Users\NTIC\.gradle\native\38dada09dfb8b06ba9b0570ebf7e218e3eb74d4ef43ca46872605cf95ebc2f47\windows-amd64\native-platform-file-events.dll
Event: 9.780 Loaded shared library C:\Users\NTIC\.vscode\extensions\redhat.java-1.53.0-win32-x64\jre\21.0.10-win32-x86_64\bin\management.dll
Event: 9.787 Loaded shared library C:\Users\NTIC\.vscode\extensions\redhat.java-1.53.0-win32-x64\jre\21.0.10-win32-x86_64\bin\management_ext.dll
Event: 10.318 Loaded shared library C:\Users\NTIC\.vscode\extensions\redhat.java-1.53.0-win32-x64\jre\21.0.10-win32-x86_64\bin\extnet.dll
Event: 10.670 Loaded shared library C:\Users\NTIC\.vscode\extensions\redhat.java-1.53.0-win32-x64\jre\21.0.10-win32-x86_64\bin\sunmscapi.dll

Deoptimization events (20 events):
Event: 36.024 Thread 0x00000268e6cfd970 Uncommon trap: trap_request=0xffffffde fr.pc=0x00000268d7b7c2a4 relative=0x0000000000001624
Event: 36.024 Thread 0x00000268e6cfd970 Uncommon trap: reason=class_check action=maybe_recompile pc=0x00000268d7b7c2a4 method=jdk.internal.loader.URLClassPath.getLoader(I)Ljdk/internal/loader/URLClassPath$Loader; @ 190 c2
Event: 36.024 Thread 0x00000268e6cfd970 DEOPT PACKING pc=0x00000268d7b7c2a4 sp=0x00000092456f60d0
Event: 36.024 Thread 0x00000268e6cfd970 DEOPT UNPACKING pc=0x00000268d7417ba2 sp=0x00000092456f60b0 mode 2
Event: 36.024 Thread 0x00000268e6cfd970 Uncommon trap: trap_request=0xffffffde fr.pc=0x00000268d7bb2994 relative=0x0000000000000234
Event: 36.024 Thread 0x00000268e6cfd970 Uncommon trap: reason=class_check action=maybe_recompile pc=0x00000268d7bb2994 method=jdk.internal.loader.URLClassPath.getResource(Ljava/lang/String;Z)Ljdk/internal/loader/Resource; @ 53 c2
Event: 36.024 Thread 0x00000268e6cfd970 DEOPT PACKING pc=0x00000268d7bb2994 sp=0x00000092456f6180
Event: 36.024 Thread 0x00000268e6cfd970 DEOPT UNPACKING pc=0x00000268d7417ba2 sp=0x00000092456f6110 mode 2
Event: 36.067 Thread 0x00000268e6cfd970 Uncommon trap: trap_request=0xffffffde fr.pc=0x00000268d7b248a4 relative=0x00000000000002e4
Event: 36.067 Thread 0x00000268e6cfd970 Uncommon trap: reason=class_check action=maybe_recompile pc=0x00000268d7b248a4 method=java.util.Collections$SetFromMap.remove(Ljava/lang/Object;)Z @ 5 c2
Event: 36.067 Thread 0x00000268e6cfd970 DEOPT PACKING pc=0x00000268d7b248a4 sp=0x00000092456f8490
Event: 36.067 Thread 0x00000268e6cfd970 DEOPT UNPACKING pc=0x00000268d7417ba2 sp=0x00000092456f8468 mode 2
Event: 37.078 Thread 0x00000268e6cfd970 Uncommon trap: trap_request=0xffffffd6 fr.pc=0x00000268d7c75e0c relative=0x00000000000003cc
Event: 37.078 Thread 0x00000268e6cfd970 Uncommon trap: reason=array_check action=maybe_recompile pc=0x00000268d7c75e0c method=java.util.LinkedHashMap.keysToArray([Ljava/lang/Object;Z)[Ljava/lang/Object; @ 67 c2
Event: 37.078 Thread 0x00000268e6cfd970 DEOPT PACKING pc=0x00000268d7c75e0c sp=0x00000092456f83e0
Event: 37.078 Thread 0x00000268e6cfd970 DEOPT UNPACKING pc=0x00000268d7417ba2 sp=0x00000092456f8380 mode 2
Event: 37.567 Thread 0x00000268e6cfd970 Uncommon trap: trap_request=0xffffff45 fr.pc=0x00000268d7bfbb80 relative=0x0000000000000820
Event: 37.567 Thread 0x00000268e6cfd970 Uncommon trap: reason=unstable_if action=reinterpret pc=0x00000268d7bfbb80 method=org.objectweb.asm.Frame.execute(IILorg/objectweb/asm/Symbol;Lorg/objectweb/asm/SymbolTable;)V @ 1 c2
Event: 37.567 Thread 0x00000268e6cfd970 DEOPT PACKING pc=0x00000268d7bfbb80 sp=0x00000092456f5b00
Event: 37.567 Thread 0x00000268e6cfd970 DEOPT UNPACKING pc=0x00000268d7417ba2 sp=0x00000092456f5a88 mode 2

Classes loaded (20 events):
Event: 33.244 Loading class com/sun/org/apache/xerces/internal/jaxp/DocumentBuilderFactoryImpl
Event: 33.245 Loading class com/sun/org/apache/xerces/internal/jaxp/DocumentBuilderFactoryImpl done
Event: 33.515 Loading class java/util/regex/Pattern$SliceI
Event: 33.516 Loading class java/util/regex/Pattern$SliceI done
Event: 35.545 Loading class java/util/ArrayList$SubList$1
Event: 35.545 Loading class java/util/ArrayList$SubList$1 done
Event: 35.563 Loading class java/lang/Override
Event: 35.564 Loading class java/lang/Override done
Event: 35.995 Loading class jdk/internal/loader/URLClassPath$FileLoader
Event: 35.996 Loading class jdk/internal/loader/URLClassPath$FileLoader done
Event: 35.998 Loading class jdk/internal/loader/URLClassPath$FileLoader$1
Event: 35.998 Loading class jdk/internal/loader/URLClassPath$FileLoader$1 done
Event: 36.091 Loading class java/lang/AbstractMethodError
Event: 36.092 Loading class java/lang/AbstractMethodError done
Event: 36.141 Loading class java/io/DeleteOnExitHook
Event: 36.141 Loading class java/io/DeleteOnExitHook done
Event: 36.142 Loading class java/io/DeleteOnExitHook$1
Event: 36.142 Loading class java/io/DeleteOnExitHook$1 done
Event: 37.454 Loading class java/util/Comparators$NaturalOrderComparator
Event: 37.455 Loading class java/util/Comparators$NaturalOrderComparator done

Classes unloaded (0 events):
No events

Classes redefined (0 events):
No events

Internal exceptions (20 events):
Event: 32.365 Thread 0x00000268e6cfd970 Exception <a 'java/lang/NoSuchMethodError'{0x000000070471e5d8}: 'java.lang.Object java.lang.invoke.DirectMethodHandle$Holder.newInvokeSpecial(java.lang.Object, java.lang.Object, java.lang.Object, java.lang.Object, java.lang.Object, java.lang.Object, java.lang.Object, java.lang.Object, java.lang.Object, java.lang.Object, java.lang.Object, java.lang.Object, java.lang.Object)'> (0x000000070471e5d8) 
thrown [s\src\hotspot\share\interpreter\linkResolver.cpp, line 773]
Event: 32.379 Thread 0x00000268e6cfd970 Exception <a 'java/lang/NoSuchMethodError'{0x00000007047ab240}: 'java.lang.Object java.lang.invoke.DirectMethodHandle$Holder.newInvokeSpecial(java.lang.Object, java.lang.Object, java.lang.Object, java.lang.Object, int)'> (0x00000007047ab240) 
thrown [s\src\hotspot\share\interpreter\linkResolver.cpp, line 773]
Event: 32.379 Thread 0x00000268e6cfd970 Exception <a 'java/lang/NoSuchMethodError'{0x00000007047b0568}: 'java.lang.Object java.lang.invoke.DirectMethodHandle$Holder.invokeSpecial(java.lang.Object, java.lang.Object, java.lang.Object, java.lang.Object, java.lang.Object, int)'> (0x00000007047b0568) 
thrown [s\src\hotspot\share\interpreter\linkResolver.cpp, line 773]
Event: 32.379 Thread 0x00000268e6cfd970 Exception <a 'java/lang/NoSuchMethodError'{0x00000007047b5248}: 'java.lang.Object java.lang.invoke.Invokers$Holder.linkToTargetMethod(java.lang.Object, java.lang.Object, java.lang.Object, int, java.lang.Object)'> (0x00000007047b5248) 
thrown [s\src\hotspot\share\interpreter\linkResolver.cpp, line 773]
Event: 32.447 Thread 0x00000268e6cfd970 Exception <a 'java/lang/NoSuchMethodError'{0x0000000704575e38}: 'int java.lang.invoke.DirectMethodHandle$Holder.invokeInterface(java.lang.Object, java.lang.Object, java.lang.Object, java.lang.Object)'> (0x0000000704575e38) 
thrown [s\src\hotspot\share\interpreter\linkResolver.cpp, line 773]
Event: 32.527 Thread 0x00000268e6cfd970 Exception <a 'java/lang/NoSuchMethodError'{0x00000007040a1238}: 'java.lang.Object java.lang.invoke.DirectMethodHandle$Holder.newInvokeSpecial(java.lang.Object, java.lang.Object, java.lang.Object, java.lang.Object, java.lang.Object, java.lang.Object, java.lang.Object, java.lang.Object, java.lang.Object, java.lang.Object, java.lang.Object, java.lang.Object, java.lang.Object, java.lang.Object, java.lang.Object, java.lang.Object, java.lang.Object, java.lang.Object, java.lang.Object, java.lang.Object, java.lang
Event: 32.528 Thread 0x00000268e6cfd970 Exception <a 'java/lang/NoSuchMethodError'{0x00000007040a9220}: 'java.lang.Object java.lang.invoke.DirectMethodHandle$Holder.invokeSpecial(java.lang.Object, java.lang.Object, java.lang.Object, java.lang.Object, java.lang.Object, java.lang.Object, java.lang.Object, java.lang.Object, java.lang.Object, java.lang.Object, java.lang.Object, java.lang.Object, java.lang.Object, java.lang.Object, java.lang.Object, java.lang.Object, java.lang.Object, java.lang.Object, java.lang.Object, java.lang.Object, java.lang.Ob
Event: 32.528 Thread 0x00000268e6cfd970 Exception <a 'java/lang/NoSuchMethodError'{0x00000007040afd48}: 'java.lang.Object java.lang.invoke.DelegatingMethodHandle$Holder.reinvoke_L(java.lang.Object, java.lang.Object, java.lang.Object, java.lang.Object, java.lang.Object, java.lang.Object, java.lang.Object, java.lang.Object, java.lang.Object, java.lang.Object, java.lang.Object, java.lang.Object, java.lang.Object, java.lang.Object, java.lang.Object, java.lang.Object, java.lang.Object, java.lang.Object, java.lang.Object, java.lang.Object, java.lang.O
Event: 32.701 Thread 0x00000268e6cfd970 Exception <a 'java/lang/NoSuchMethodError'{0x0000000703aff760}: 'java.lang.Object java.lang.invoke.DirectMethodHandle$Holder.newInvokeSpecial(java.lang.Object, int, java.lang.Object)'> (0x0000000703aff760) 
thrown [s\src\hotspot\share\interpreter\linkResolver.cpp, line 773]
Event: 33.296 Thread 0x00000268e6cfd970 Exception <a 'java/lang/NoSuchMethodError'{0x0000000702e39f48}: 'java.lang.Object java.lang.invoke.DirectMethodHandle$Holder.newInvokeSpecial(java.lang.Object, java.lang.Object, java.lang.Object, java.lang.Object, java.lang.Object, java.lang.Object, java.lang.Object, java.lang.Object, java.lang.Object, java.lang.Object, java.lang.Object, java.lang.Object, java.lang.Object, java.lang.Object, java.lang.Object, java.lang.Object)'> (0x0000000702e39f48) 
thrown [s\src\hotspot\share\interpreter\linkResolver.cpp,
Event: 33.296 Thread 0x00000268e6cfd970 Exception <a 'java/lang/NoSuchMethodError'{0x0000000702e413e0}: 'java.lang.Object java.lang.invoke.DirectMethodHandle$Holder.invokeSpecial(java.lang.Object, java.lang.Object, java.lang.Object, java.lang.Object, java.lang.Object, java.lang.Object, java.lang.Object, java.lang.Object, java.lang.Object, java.lang.Object, java.lang.Object, java.lang.Object, java.lang.Object, java.lang.Object, java.lang.Object, java.lang.Object, java.lang.Object)'> (0x0000000702e413e0) 
thrown [s\src\hotspot\share\interpreter\li
Event: 33.297 Thread 0x00000268e6cfd970 Exception <a 'java/lang/NoSuchMethodError'{0x0000000702e47798}: 'java.lang.Object java.lang.invoke.DelegatingMethodHandle$Holder.reinvoke_L(java.lang.Object, java.lang.Object, java.lang.Object, java.lang.Object, java.lang.Object, java.lang.Object, java.lang.Object, java.lang.Object, java.lang.Object, java.lang.Object, java.lang.Object, java.lang.Object, java.lang.Object, java.lang.Object, java.lang.Object, java.lang.Object)'> (0x0000000702e47798) 
thrown [s\src\hotspot\share\interpreter\linkResolver.cpp, l
Event: 34.179 Thread 0x00000268e6cfd970 Exception <a 'java/lang/NoSuchMethodError'{0x0000000704717110}: 'java.lang.Object java.lang.invoke.DirectMethodHandle$Holder.newInvokeSpecial(java.lang.Object, java.lang.Object, java.lang.Object, java.lang.Object, java.lang.Object, java.lang.Object, java.lang.Object, java.lang.Object, java.lang.Object, java.lang.Object, java.lang.Object, java.lang.Object, java.lang.Object, java.lang.Object, java.lang.Object, java.lang.Object, java.lang.Object, java.lang.Object, java.lang.Object, java.lang.Object, java.lang
Event: 36.048 Thread 0x00000268e6cfd970 Exception <a 'java/lang/NoSuchMethodError'{0x0000000704085f78}: 'void java.lang.invoke.DirectMethodHandle$Holder.invokeInterface(java.lang.Object, java.lang.Object, java.lang.Object, java.lang.Object)'> (0x0000000704085f78) 
thrown [s\src\hotspot\share\interpreter\linkResolver.cpp, line 773]
Event: 36.872 Thread 0x00000268e6cfd970 Exception <a 'java/lang/NoSuchMethodError'{0x0000000703750028}: 'int java.lang.invoke.DirectMethodHandle$Holder.invokeSpecialIFC(java.lang.Object, java.lang.Object, java.lang.Object)'> (0x0000000703750028) 
thrown [s\src\hotspot\share\interpreter\linkResolver.cpp, line 773]
Event: 37.084 Thread 0x00000268e6cfd970 Exception <a 'java/lang/NoSuchMethodError'{0x00000007032bec78}: 'java.lang.Object java.lang.invoke.DirectMethodHandle$Holder.newInvokeSpecial(java.lang.Object, java.lang.Object, java.lang.Object, java.lang.Object, java.lang.Object, int)'> (0x00000007032bec78) 
thrown [s\src\hotspot\share\interpreter\linkResolver.cpp, line 773]
Event: 37.085 Thread 0x00000268e6cfd970 Exception <a 'java/lang/NoSuchMethodError'{0x00000007032c3af0}: 'java.lang.Object java.lang.invoke.DirectMethodHandle$Holder.invokeSpecial(java.lang.Object, java.lang.Object, java.lang.Object, java.lang.Object, java.lang.Object, java.lang.Object, int)'> (0x00000007032c3af0) 
thrown [s\src\hotspot\share\interpreter\linkResolver.cpp, line 773]
Event: 37.085 Thread 0x00000268e6cfd970 Exception <a 'java/lang/NoSuchMethodError'{0x00000007032c82f8}: 'java.lang.Object java.lang.invoke.Invokers$Holder.linkToTargetMethod(java.lang.Object, java.lang.Object, java.lang.Object, java.lang.Object, int, java.lang.Object)'> (0x00000007032c82f8) 
thrown [s\src\hotspot\share\interpreter\linkResolver.cpp, line 773]
Event: 37.098 Thread 0x00000268e6cfd970 Exception <a 'java/lang/NoSuchMethodError'{0x000000070330b238}: 'java.lang.Object java.lang.invoke.DirectMethodHandle$Holder.invokeSpecial(java.lang.Object, java.lang.Object, java.lang.Object, java.lang.Object, java.lang.Object, long)'> (0x000000070330b238) 
thrown [s\src\hotspot\share\interpreter\linkResolver.cpp, line 773]
Event: 37.121 Thread 0x00000268e6cfd970 Exception <a 'java/lang/NoSuchMethodError'{0x0000000703330178}: 'void java.lang.invoke.DirectMethodHandle$Holder.invokeStatic(java.lang.Object, java.lang.Object, java.lang.Object, int, java.lang.Object)'> (0x0000000703330178) 
thrown [s\src\hotspot\share\interpreter\linkResolver.cpp, line 773]

ZGC Phase Switch (0 events):
No events

VM Operations (20 events):
Event: 32.427 Executing non-safepoint VM operation: HandshakeAllThreads (Deoptimize)
Event: 32.427 Executing non-safepoint VM operation: HandshakeAllThreads (Deoptimize) done
Event: 32.445 Executing non-safepoint VM operation: HandshakeAllThreads (Deoptimize)
Event: 32.445 Executing non-safepoint VM operation: HandshakeAllThreads (Deoptimize) done
Event: 32.808 Executing non-safepoint VM operation: HandshakeAllThreads (Deoptimize)
Event: 32.808 Executing non-safepoint VM operation: HandshakeAllThreads (Deoptimize) done
Event: 33.563 Executing safepoint VM operation: G1CollectForAllocation (G1 Evacuation Pause)
Event: 33.573 Executing safepoint VM operation: G1CollectForAllocation (G1 Evacuation Pause) done
Event: 34.583 Executing safepoint VM operation: Cleanup
Event: 34.583 Executing safepoint VM operation: Cleanup done
Event: 35.116 Executing safepoint VM operation: G1CollectForAllocation (G1 Evacuation Pause)
Event: 35.123 Executing safepoint VM operation: G1CollectForAllocation (G1 Evacuation Pause) done
Event: 36.004 Executing safepoint VM operation: ICBufferFull
Event: 36.004 Executing safepoint VM operation: ICBufferFull done
Event: 36.881 Executing non-safepoint VM operation: HandshakeAllThreads (Deoptimize)
Event: 36.881 Executing non-safepoint VM operation: HandshakeAllThreads (Deoptimize) done
Event: 36.938 Executing non-safepoint VM operation: HandshakeAllThreads (Deoptimize)
Event: 36.938 Executing non-safepoint VM operation: HandshakeAllThreads (Deoptimize) done
Event: 37.622 Executing safepoint VM operation: G1CollectForAllocation (G1 Evacuation Pause)
Event: 37.632 Executing safepoint VM operation: G1CollectForAllocation (G1 Evacuation Pause) done

Memory protections (0 events):
No events

Nmethod flushes (20 events):
Event: 30.125 Thread 0x00000268e67449b0 flushing  nmethod 0x00000268d00af890
Event: 30.125 Thread 0x00000268e67449b0 flushing  nmethod 0x00000268d00b1590
Event: 30.125 Thread 0x00000268e67449b0 flushing  nmethod 0x00000268d00b1c10
Event: 30.125 Thread 0x00000268e67449b0 flushing  nmethod 0x00000268d00b2110
Event: 30.125 Thread 0x00000268e67449b0 flushing  nmethod 0x00000268d012fb90
Event: 30.125 Thread 0x00000268e67449b0 flushing  nmethod 0x00000268d0130890
Event: 30.125 Thread 0x00000268e67449b0 flushing  nmethod 0x00000268d0175390
Event: 30.125 Thread 0x00000268e67449b0 flushing  nmethod 0x00000268d0179790
Event: 30.125 Thread 0x00000268e67449b0 flushing  nmethod 0x00000268d01eb010
Event: 30.125 Thread 0x00000268e67449b0 flushing  nmethod 0x00000268d0200290
Event: 30.125 Thread 0x00000268e67449b0 flushing  nmethod 0x00000268d0204590
Event: 30.125 Thread 0x00000268e67449b0 flushing  nmethod 0x00000268d023c610
Event: 30.125 Thread 0x00000268e67449b0 flushing  nmethod 0x00000268d023df10
Event: 30.125 Thread 0x00000268e67449b0 flushing  nmethod 0x00000268d024a410
Event: 30.125 Thread 0x00000268e67449b0 flushing  nmethod 0x00000268d029a710
Event: 30.125 Thread 0x00000268e67449b0 flushing  nmethod 0x00000268d029bd90
Event: 30.125 Thread 0x00000268e67449b0 flushing  nmethod 0x00000268d029eb90
Event: 30.125 Thread 0x00000268e67449b0 flushing  nmethod 0x00000268d02ede90
Event: 30.125 Thread 0x00000268e67449b0 flushing  nmethod 0x00000268d02eef10
Event: 30.125 Thread 0x00000268e67449b0 flushing  nmethod 0x00000268d02f4a90

Events (20 events):
Event: 10.986 Thread 0x00000268e6cfd970 Thread added: 0x00000268eba41950
Event: 10.996 Thread 0x00000268e6cfd970 Thread added: 0x00000268eba40c30
Event: 11.000 Thread 0x00000268e6cfd970 Thread added: 0x00000268eba3ff10
Event: 12.870 Thread 0x00000268e6cfd970 Thread added: 0x00000268eba43390
Event: 12.900 Thread 0x00000268e6cfd970 Thread added: 0x00000268eba41fe0
Event: 12.936 Thread 0x00000268e6cfd970 Thread added: 0x00000268eba405a0
Event: 16.682 Thread 0x00000268e6cfd970 Thread added: 0x00000268eba42670
Event: 18.998 Thread 0x00000268e6cfd970 Thread added: 0x00000268eba42d00
Event: 19.075 Thread 0x00000268e6cfd970 Thread added: 0x00000268ed5e3f80
Event: 20.093 Thread 0x00000268e6cfd970 Thread added: 0x00000268ed5e5330
Event: 20.399 Thread 0x00000268e6cfd970 Thread added: 0x00000268ed5e4610
Event: 20.541 Thread 0x00000268e6cfd970 Thread added: 0x00000268ed5e59c0
Event: 21.192 Thread 0x00000268e6cfd970 Thread added: 0x00000268ed5e3260
Event: 28.316 Thread 0x00000268e678ea30 Thread added: 0x00000268ecf14020
Event: 28.692 Thread 0x00000268ecf14020 Thread exited: 0x00000268ecf14020
Event: 29.490 Thread 0x00000268e678ea30 Thread added: 0x00000268ed6467e0
Event: 30.015 Thread 0x00000268e6cfd970 Thread added: 0x00000268ed5e6050
Event: 31.077 Thread 0x00000268ed6467e0 Thread exited: 0x00000268ed6467e0
Event: 32.219 Thread 0x00000268e6cfd970 Thread added: 0x00000268ed5e7400
Event: 33.612 Thread 0x00000268e6cfd970 Thread added: 0x00000268ed5e8120


Dynamic libraries:
0x00007ff74df60000 - 0x00007ff74df6e000 	C:\Users\NTIC\.vscode\extensions\redhat.java-1.53.0-win32-x64\jre\21.0.10-win32-x86_64\bin\java.exe
0x00007ffc1ec80000 - 0x00007ffc1eee7000 	C:\WINDOWS\SYSTEM32\ntdll.dll
0x00007ffc1d800000 - 0x00007ffc1d8c9000 	C:\WINDOWS\System32\KERNEL32.DLL
0x00007ffc1b550000 - 0x00007ffc1b944000 	C:\WINDOWS\System32\KERNELBASE.dll
0x00007ffc1c800000 - 0x00007ffc1c94b000 	C:\WINDOWS\System32\ucrtbase.dll
0x00007ffbf8720000 - 0x00007ffbf873e000 	C:\Users\NTIC\.vscode\extensions\redhat.java-1.53.0-win32-x64\jre\21.0.10-win32-x86_64\bin\VCRUNTIME140.dll
0x00007ffbf87d0000 - 0x00007ffbf87e8000 	C:\Users\NTIC\.vscode\extensions\redhat.java-1.53.0-win32-x64\jre\21.0.10-win32-x86_64\bin\jli.dll
0x00007ffc1de50000 - 0x00007ffc1e015000 	C:\WINDOWS\System32\USER32.dll
0x00007ffbff700000 - 0x00007ffbff993000 	C:\WINDOWS\WinSxS\amd64_microsoft.windows.common-controls_6595b64144ccf1df_6.0.26100.8115_none_3e075c82e3354f9c\COMCTL32.dll
0x00007ffc1c950000 - 0x00007ffc1c977000 	C:\WINDOWS\System32\win32u.dll
0x00007ffc1d4b0000 - 0x00007ffc1d559000 	C:\WINDOWS\System32\msvcrt.dll
0x00007ffc1de20000 - 0x00007ffc1de4b000 	C:\WINDOWS\System32\GDI32.dll
0x00007ffc1c6d0000 - 0x00007ffc1c7fa000 	C:\WINDOWS\System32\gdi32full.dll
0x00007ffc1c330000 - 0x00007ffc1c3d3000 	C:\WINDOWS\System32\msvcp_win.dll
0x00007ffc1e9b0000 - 0x00007ffc1e9e2000 	C:\WINDOWS\System32\IMM32.DLL
0x00007ffc17340000 - 0x00007ffc1734c000 	C:\Users\NTIC\.vscode\extensions\redhat.java-1.53.0-win32-x64\jre\21.0.10-win32-x86_64\bin\vcruntime140_1.dll
0x00007ffbd4a40000 - 0x00007ffbd4acd000 	C:\Users\NTIC\.vscode\extensions\redhat.java-1.53.0-win32-x64\jre\21.0.10-win32-x86_64\bin\msvcp140.dll
0x00007ffb5bbc0000 - 0x00007ffb5c961000 	C:\Users\NTIC\.vscode\extensions\redhat.java-1.53.0-win32-x64\jre\21.0.10-win32-x86_64\bin\server\jvm.dll
0x00007ffc1ead0000 - 0x00007ffc1eb86000 	C:\WINDOWS\System32\ADVAPI32.dll
0x00007ffc1eb90000 - 0x00007ffc1ec37000 	C:\WINDOWS\System32\sechost.dll
0x00007ffc1d300000 - 0x00007ffc1d418000 	C:\WINDOWS\System32\RPCRT4.dll
0x00007ffc1d750000 - 0x00007ffc1d7d0000 	C:\WINDOWS\System32\WS2_32.dll
0x00007ffc08dc0000 - 0x00007ffc08dcb000 	C:\WINDOWS\SYSTEM32\VERSION.dll
0x00007ffc1b3a0000 - 0x00007ffc1b3fe000 	C:\WINDOWS\SYSTEM32\POWRPROF.dll
0x00007ffc10af0000 - 0x00007ffc10b26000 	C:\WINDOWS\SYSTEM32\WINMM.dll
0x00007ffc1b380000 - 0x00007ffc1b394000 	C:\WINDOWS\SYSTEM32\UMPDC.dll
0x00007ffc1a2e0000 - 0x00007ffc1a2fb000 	C:\WINDOWS\SYSTEM32\kernel.appcore.dll
0x00007ffc12c40000 - 0x00007ffc12c4a000 	C:\Users\NTIC\.vscode\extensions\redhat.java-1.53.0-win32-x64\jre\21.0.10-win32-x86_64\bin\jimage.dll
0x00007ffc19350000 - 0x00007ffc19592000 	C:\WINDOWS\SYSTEM32\DBGHELP.DLL
0x00007ffc1e260000 - 0x00007ffc1e5e2000 	C:\WINDOWS\System32\combase.dll
0x00007ffc1e9f0000 - 0x00007ffc1eac7000 	C:\WINDOWS\System32\OLEAUT32.dll
0x00007ffbfa4f0000 - 0x00007ffbfa52b000 	C:\WINDOWS\SYSTEM32\dbgcore.DLL
0x00007ffc1b950000 - 0x00007ffc1b9f5000 	C:\WINDOWS\System32\bcryptPrimitives.dll
0x00007ffbf7ec0000 - 0x00007ffbf7ecf000 	C:\Users\NTIC\.vscode\extensions\redhat.java-1.53.0-win32-x64\jre\21.0.10-win32-x86_64\bin\instrument.dll
0x00007ffbf6680000 - 0x00007ffbf66a0000 	C:\Users\NTIC\.vscode\extensions\redhat.java-1.53.0-win32-x64\jre\21.0.10-win32-x86_64\bin\java.dll
0x00007ffc1cb30000 - 0x00007ffc1d296000 	C:\WINDOWS\System32\SHELL32.dll
0x00007ffc1c560000 - 0x00007ffc1c6ca000 	C:\WINDOWS\System32\wintypes.dll
0x00007ffc1bac0000 - 0x00007ffc1c325000 	C:\WINDOWS\System32\windows.storage.dll
0x00007ffc1ca30000 - 0x00007ffc1cb27000 	C:\WINDOWS\System32\SHCORE.dll
0x00007ffc1e1f0000 - 0x00007ffc1e256000 	C:\WINDOWS\System32\shlwapi.dll
0x00007ffc1b470000 - 0x00007ffc1b499000 	C:\WINDOWS\SYSTEM32\profapi.dll
0x00007ffbf6630000 - 0x00007ffbf6648000 	C:\Users\NTIC\.vscode\extensions\redhat.java-1.53.0-win32-x64\jre\21.0.10-win32-x86_64\bin\zip.dll
0x00007ffc12bf0000 - 0x00007ffc12c00000 	C:\Users\NTIC\.vscode\extensions\redhat.java-1.53.0-win32-x64\jre\21.0.10-win32-x86_64\bin\net.dll
0x00007ffc0a9d0000 - 0x00007ffc0aafd000 	C:\WINDOWS\SYSTEM32\WINHTTP.dll
0x00007ffc1a850000 - 0x00007ffc1a8bc000 	C:\WINDOWS\system32\mswsock.dll
0x00007ffbf64f0000 - 0x00007ffbf6506000 	C:\Users\NTIC\.vscode\extensions\redhat.java-1.53.0-win32-x64\jre\21.0.10-win32-x86_64\bin\nio.dll
0x00007ffbf6590000 - 0x00007ffbf65a0000 	C:\Users\NTIC\.vscode\extensions\redhat.java-1.53.0-win32-x64\jre\21.0.10-win32-x86_64\bin\verify.dll
0x00007ffbf4060000 - 0x00007ffbf4087000 	C:\Users\NTIC\.gradle\native\c067742578af261105cb4f569cf0c3c89f3d7b1fecec35dd04571415982c5e48\windows-amd64\native-platform.dll
0x00007ffb95510000 - 0x00007ffb95654000 	C:\Users\NTIC\.gradle\native\38dada09dfb8b06ba9b0570ebf7e218e3eb74d4ef43ca46872605cf95ebc2f47\windows-amd64\native-platform-file-events.dll
0x00007ffc08030000 - 0x00007ffc0803a000 	C:\Users\NTIC\.vscode\extensions\redhat.java-1.53.0-win32-x64\jre\21.0.10-win32-x86_64\bin\management.dll
0x00007ffc022d0000 - 0x00007ffc022dc000 	C:\Users\NTIC\.vscode\extensions\redhat.java-1.53.0-win32-x64\jre\21.0.10-win32-x86_64\bin\management_ext.dll
0x00007ffc1d7f0000 - 0x00007ffc1d7f8000 	C:\WINDOWS\System32\PSAPI.DLL
0x00007ffc1ab30000 - 0x00007ffc1ab4b000 	C:\WINDOWS\SYSTEM32\CRYPTSP.dll
0x00007ffc1a240000 - 0x00007ffc1a279000 	C:\WINDOWS\system32\rsaenh.dll
0x00007ffc1a900000 - 0x00007ffc1a933000 	C:\WINDOWS\SYSTEM32\USERENV.dll
0x00007ffc1b440000 - 0x00007ffc1b46a000 	C:\WINDOWS\SYSTEM32\bcrypt.dll
0x00007ffc1ab50000 - 0x00007ffc1ab5c000 	C:\WINDOWS\SYSTEM32\CRYPTBASE.dll
0x00007ffc19cd0000 - 0x00007ffc19d02000 	C:\WINDOWS\SYSTEM32\IPHLPAPI.DLL
0x00007ffc1d7e0000 - 0x00007ffc1d7ea000 	C:\WINDOWS\System32\NSI.dll
0x00007ffbf86f0000 - 0x00007ffbf86f9000 	C:\Users\NTIC\.vscode\extensions\redhat.java-1.53.0-win32-x64\jre\21.0.10-win32-x86_64\bin\extnet.dll
0x00007ffc012f0000 - 0x00007ffc012fe000 	C:\Users\NTIC\.vscode\extensions\redhat.java-1.53.0-win32-x64\jre\21.0.10-win32-x86_64\bin\sunmscapi.dll
0x00007ffc1c3e0000 - 0x00007ffc1c557000 	C:\WINDOWS\System32\CRYPT32.dll
0x00007ffc1ad50000 - 0x00007ffc1ad80000 	C:\WINDOWS\SYSTEM32\ncrypt.dll
0x00007ffc1ad00000 - 0x00007ffc1ad3f000 	C:\WINDOWS\SYSTEM32\NTASN1.dll
0x00007ffc00de0000 - 0x00007ffc00de8000 	C:\WINDOWS\system32\wshunix.dll

JVMTI agents:
C:\Users\NTIC\.gradle\wrapper\dists\gradle-8.7-all\aan3ydargesu18aqyqjwhr3pc\gradle-8.7\lib\agents\gradle-instrumentation-agent-8.7.jar path:C:\Users\NTIC\.vscode\extensions\redhat.java-1.53.0-win32-x64\jre\21.0.10-win32-x86_64\bin\instrument.dll, loaded, initialized, instrumentlib options:none

dbghelp: loaded successfully - version: 4.0.5 - missing functions: none
symbol engine: initialized successfully - sym options: 0x614 - pdb path: .;C:\Users\NTIC\.vscode\extensions\redhat.java-1.53.0-win32-x64\jre\21.0.10-win32-x86_64\bin;C:\WINDOWS\SYSTEM32;C:\WINDOWS\WinSxS\amd64_microsoft.windows.common-controls_6595b64144ccf1df_6.0.26100.8115_none_3e075c82e3354f9c;C:\Users\NTIC\.vscode\extensions\redhat.java-1.53.0-win32-x64\jre\21.0.10-win32-x86_64\bin\server;C:\Users\NTIC\.gradle\native\c067742578af261105cb4f569cf0c3c89f3d7b1fecec35dd04571415982c5e48\windows-amd64;C:\Users\NTIC\.gradle\native\38dada09dfb8b06ba9b0570ebf7e218e3eb74d4ef43ca46872605cf95ebc2f47\windows-amd64

VM Arguments:
jvm_args: -XX:+HeapDumpOnOutOfMemoryError -XX:MaxMetaspaceSize=1024m --add-opens=java.base/java.util=ALL-UNNAMED --add-opens=java.base/java.lang=ALL-UNNAMED --add-opens=java.base/java.lang.invoke=ALL-UNNAMED --add-opens=java.prefs/java.util.prefs=ALL-UNNAMED --add-opens=java.base/java.nio.charset=ALL-UNNAMED --add-opens=java.base/java.net=ALL-UNNAMED --add-opens=java.base/java.util.concurrent.atomic=ALL-UNNAMED -Xmx4096m -Dfile.encoding=UTF-8 -Duser.country=FR -Duser.language=fr -Duser.variant -javaagent:C:\Users\NTIC\.gradle\wrapper\dists\gradle-8.7-all\aan3ydargesu18aqyqjwhr3pc\gradle-8.7\lib\agents\gradle-instrumentation-agent-8.7.jar 
java_command: org.gradle.launcher.daemon.bootstrap.GradleDaemon 8.7
java_class_path (initial): C:\Users\NTIC\.gradle\wrapper\dists\gradle-8.7-all\aan3ydargesu18aqyqjwhr3pc\gradle-8.7\lib\gradle-launcher-8.7.jar
Launcher Type: SUN_STANDARD

[Global flags]
     intx CICompilerCount                          = 3                                         {product} {ergonomic}
   size_t CompressedClassSpaceSize                 = 872415232                                 {product} {ergonomic}
     uint ConcGCThreads                            = 1                                         {product} {ergonomic}
     uint G1ConcRefinementThreads                  = 4                                         {product} {ergonomic}
   size_t G1HeapRegionSize                         = 2097152                                   {product} {ergonomic}
    uintx GCDrainStackTargetSize                   = 64                                        {product} {ergonomic}
     bool HeapDumpOnOutOfMemoryError               = true                                   {manageable} {command line}
   size_t InitialHeapSize                          = 60817408                                  {product} {ergonomic}
   size_t MarkStackSize                            = 4194304                                   {product} {ergonomic}
   size_t MaxHeapSize                              = 4294967296                                {product} {command line}
   size_t MaxMetaspaceSize                         = 1073741824                                {product} {command line}
   size_t MaxNewSize                               = 2575302656                                {product} {ergonomic}
   size_t MinHeapDeltaBytes                        = 2097152                                   {product} {ergonomic}
   size_t MinHeapSize                              = 8388608                                   {product} {ergonomic}
    uintx NonNMethodCodeHeapSize                   = 5832780                                {pd product} {ergonomic}
    uintx NonProfiledCodeHeapSize                  = 122912730                              {pd product} {ergonomic}
    uintx ProfiledCodeHeapSize                     = 122912730                              {pd product} {ergonomic}
    uintx ReservedCodeCacheSize                    = 251658240                              {pd product} {ergonomic}
     bool SegmentedCodeCache                       = true                                      {product} {ergonomic}
   size_t SoftMaxHeapSize                          = 4294967296                             {manageable} {ergonomic}
     bool UseCompressedOops                        = true                           {product lp64_product} {ergonomic}
     bool UseG1GC                                  = true                                      {product} {ergonomic}
     bool UseLargePagesIndividualAllocation        = false                                  {pd product} {ergonomic}

Logging:
Log output configuration:
 #0: stdout all=warning uptime,level,tags foldmultilines=false
 #1: stderr all=off uptime,level,tags foldmultilines=false

Release file:
JAVA_VERSION="21.0.10" 
MODULES="java.base java.compiler java.datatransfer java.xml java.prefs java.desktop java.instrument java.logging java.management java.security.sasl java.naming java.rmi java.management.rmi java.net.http java.scripting java.security.jgss java.transaction.xa java.sql java.sql.rowset java.xml.crypto java.se java.smartcardio jdk.accessibility jdk.internal.jvmstat jdk.attach jdk.charsets jdk.internal.opt jdk.zipfs jdk.compiler jdk.crypto.ec jdk.crypto.cryptoki jdk.crypto.mscapi jdk.dynalink jdk.internal.ed jdk.editpad jdk.hotspot.agent jdk.httpserver jdk.internal.le jdk.internal.vm.ci jdk.internal.vm.compiler jdk.internal.vm.compiler.management jdk.jartool jdk.javadoc jdk.jcmd jdk.management jdk.management.agent jdk.jconsole jdk.jdeps jdk.jdwp.agent jdk.jdi jdk.jfr jdk.jshell jdk.jsobject jdk.jstatd jdk.localedata jdk.management.jfr jdk.naming.dns jdk.naming.rmi jdk.net jdk.nio.mapmode jdk.random jdk.sctp jdk.security.auth jdk.security.jgss jdk.unsupported jdk.unsupported.desktop jdk.xml.dom" 

Environment Variables:
JAVA_HOME=C:\Users\NTIC\Downloads\jdk-17_windows-x64_bin\jdk-17.0.10
PATH=C:\Users\NTIC\AppData\Local\Programs\Microsoft VS Code;C:\Program Files\Common Files\Oracle\Java\javapath;C:\oraclexe\app\oracle\product\10.2.0\server\bin;C:\WINDOWS\system32;C:\WINDOWS;C:\WINDOWS\System32\Wbem;C:\WINDOWS\System32\WindowsPowerShell\v1.0\;C:\WINDOWS\System32\OpenSSH\;C:\Program Files\Git\cmd;C:\Program Files\nodejs\;C:\Program Files\MySQL\MySQL Server 8.0\bin;C:\xampp\php;C:\ProgramData\ComposerSetup\bin;C:\Users\NTIC\Downloads\flutter_windows_3.16.9-stable\flutter\bin;C:\Program Files\Java\jdk-20\bin;C:\Users\NTIC\Downloads\gradle-8.7-all\gradle-8.7\bin;C:\Users\NTIC\AppData\Local\Pub\Cache\bin;C:\wamp64\bin\php\php8.3.0;C:\Program Files\MongoDB\mongosh-2.5.0-win32-x64\bin;C:\Program Files\dotnet\;C:\Program Files\apache-maven-3.9.12\bin;;C:\Program Files\Docker\Docker\resources\bin;C:\Users\NTIC\Downloads\jdk-17_windows-x64_bin\jdk-17.0.10\bin;C:\Program Files\Common Files\Oracle\Java\javapath;C:\oraclexe\app\oracle\product\10.2.0\server\bin;C:\WINDOWS\system32;C:\WINDOWS;C:\WINDOWS\System32\Wbem;C:\WINDOWS\System32\WindowsPowerShell\v1.0\;C:\WINDOWS\System32\OpenSSH\;C:\Program Files\Git\cmd;C:\Program Files\nodejs\;C:\Program Files\MySQL\MySQL Server 8.0\bin;C:\xampp\php;C:\ProgramData\ComposerSetup\bin;C:\Users\NTIC\Downloads\flutter_windows_3.16.9-stable\flutter\bin;C:\Program Files\Java\jdk-20\bin;C:\Users\NTIC\Downloads\gradle-8.7-all\gradle-8.7\bin;C:\Users\NTIC\AppData\Local\Pub\Cache\bin;C:\wamp64\bin\php\php8.3.0;C:\Program Files\MongoDB\mongosh-2.5.0-win32-x64\bin;C:\Program Files\dotnet\;C:\Program Files\apache-maven-3.9.12\bin;;C:\Program Files\Docker\Docker\resources\bin;C:\Users\NTIC\AppData\Local\Programs\Microsoft VS Code\bin;C:\Users\NTIC\AppData\Local\Programs\Windsurf\bin;C:\Users\NTIC\AppData\Local\GitHubDesktop\bin
USERNAME=NTIC
OS=Windows_NT
PROCESSOR_IDENTIFIER=Intel64 Family 6 Model 140 Stepping 1, GenuineIntel
TMP=C:\Users\NTIC\AppData\Local\Temp
TEMP=C:\Users\NTIC\AppData\Local\Temp




Periodic native trim disabled

---------------  S Y S T E M  ---------------

OS:
 Windows 11 , 64 bit Build 26100 (10.0.26100.8115)
OS uptime: 3 days 13:42 hours
Hyper-V role detected

CPU: total 4 (initial active 4) (2 cores per cpu, 2 threads per core) family 6 model 140 stepping 1 microcode 0xbc, cx8, cmov, fxsr, ht, mmx, 3dnowpref, sse, sse2, sse3, ssse3, sse4.1, sse4.2, popcnt, lzcnt, tsc, tscinvbit, avx, avx2, aes, erms, clmul, bmi1, bmi2, adx, avx512f, avx512dq, avx512cd, avx512bw, avx512vl, sha, fma, vzeroupper, avx512_vpopcntdq, avx512_vpclmulqdq, avx512_vaes, avx512_vnni, clflush, clflushopt, clwb, avx512_vbmi2, avx512_vbmi, hv, rdtscp, rdpid, fsrm, gfni, avx512_bitalg, f16c, cet_ibt, cet_ss, avx512_ifma
Processor Information for the first 4 processors :
  Max Mhz: 2995, Current Mhz: 2995, Mhz Limit: 2995

Memory: 4k page, system-wide physical 3662M (111M free)
TotalPageFile size 14926M (AvailPageFile size 1M)
current process WorkingSet (physical memory assigned to process): 214M, peak: 228M
current process commit charge ("private bytes"): 292M, peak: 294M

vm_info: OpenJDK 64-Bit Server VM (21.0.10+7-LTS) for windows-amd64 JRE (21.0.10+7-LTS), built on 2026-01-20T00:00:00Z by "admin" with MS VC++ 17.12 (VS2022)

END.
