#
# There is insufficient memory for the Java Runtime Environment to continue.
# Native memory allocation (malloc) failed to allocate 1301616 bytes for Chunk::new
# Possible reasons:
#   The system is out of physical RAM or swap space
#   The process is running with CompressedOops enabled, and the Java Heap may be blocking the growth of the native heap
# Possible solutions:
#   Reduce memory load on the system
#   Increase physical memory or swap space
#   Check if swap backing store is full
#   Decrease Java heap size (-Xmx/-Xms)
#   Decrease number of Java threads
#   Decrease Java thread stack sizes (-Xss)
#   Set larger code cache with -XX:ReservedCodeCacheSize=
#   JVM is running with Zero Based Compressed Oops mode in which the Java heap is
#     placed in the first 32GB address space. The Java Heap base address is the
#     maximum limit for the native heap growth. Please use -XX:HeapBaseMinAddress
#     to set the Java Heap base and to place the Java Heap above 32GB virtual address.
# This output file may be truncated or incomplete.
#
#  Out of Memory Error (arena.cpp:189), pid=4580, tid=4428
#
# JRE version: Java(TM) SE Runtime Environment (17.0.10+11) (build 17.0.10+11-LTS-240)
# Java VM: Java HotSpot(TM) 64-Bit Server VM (17.0.10+11-LTS-240, mixed mode, sharing, tiered, compressed oops, compressed class ptrs, g1 gc, windows-amd64)
# No core dump will be written. Minidumps are not enabled by default on client versions of Windows
#

---------------  S U M M A R Y ------------

Command Line: --add-opens=java.base/java.lang=ALL-UNNAMED --add-opens=java.base/java.lang.invoke=ALL-UNNAMED --add-opens=java.base/java.util=ALL-UNNAMED --add-opens=java.prefs/java.util.prefs=ALL-UNNAMED --add-exports=jdk.compiler/com.sun.tools.javac.api=ALL-UNNAMED --add-exports=jdk.compiler/com.sun.tools.javac.util=ALL-UNNAMED --add-opens=java.base/java.util=ALL-UNNAMED --add-opens=java.prefs/java.util.prefs=ALL-UNNAMED --add-opens=java.base/java.nio.charset=ALL-UNNAMED --add-opens=java.base/java.net=ALL-UNNAMED --add-opens=java.base/java.util.concurrent.atomic=ALL-UNNAMED --add-opens=java.xml/javax.xml.namespace=ALL-UNNAMED -XX:+HeapDumpOnOutOfMemoryError -XX:MaxMetaspaceSize=1024m -Xmx4096m -Dfile.encoding=UTF-8 -Duser.country=FR -Duser.language=fr -Duser.variant -javaagent:C:\Users\NTIC\.gradle\wrapper\dists\gradle-8.11.1-all\2qik7nd48slq1ooc2496ixf4i\gradle-8.11.1\lib\agents\gradle-instrumentation-agent-8.11.1.jar org.gradle.launcher.daemon.bootstrap.GradleDaemon 8.11.1

Host: 11th Gen Intel(R) Core(TM) i3-1115G4 @ 3.00GHz, 4 cores, 3G,  Windows 11 , 64 bit Build 26100 (10.0.26100.8115)
Time: Mon Apr 13 10:10:51 2026 W. Central Africa Standard Time elapsed time: 30.460220 seconds (0d 0h 0m 30s)

---------------  T H R E A D  ---------------

Current thread (0x0000020ce9f40330):  JavaThread "C2 CompilerThread0" daemon [_thread_in_native, id=4428, stack(0x0000003670b00000,0x0000003670c00000)]


Current CompileTask:
C2:  30460 3253       4       java.lang.invoke.MethodType::makeImpl (109 bytes)

Stack: [0x0000003670b00000,0x0000003670c00000]
Native frames: (J=compiled Java code, j=interpreted, Vv=VM code, C=native code)
V  [jvm.dll+0x677a5a]
V  [jvm.dll+0x7d8b2d]
V  [jvm.dll+0x7da48e]
V  [jvm.dll+0x7daaf3]
V  [jvm.dll+0x2455ff]
V  [jvm.dll+0xaaafb]
V  [jvm.dll+0xab09c]
V  [jvm.dll+0x361b5f]
V  [jvm.dll+0x32c211]
V  [jvm.dll+0x32b6aa]
V  [jvm.dll+0x21794f]
V  [jvm.dll+0x216d81]
V  [jvm.dll+0x1a3410]
V  [jvm.dll+0x226aeb]
V  [jvm.dll+0x224cab]
V  [jvm.dll+0x78e45c]
V  [jvm.dll+0x78888a]
V  [jvm.dll+0x676935]
C  [ucrtbase.dll+0x37b0]
C  [KERNEL32.DLL+0x2e8d7]
C  [ntdll.dll+0x8c3fc]


---------------  P R O C E S S  ---------------

Threads class SMR info:
_java_thread_list=0x0000020cf08a6f40, length=33, elements={
0x0000020cc79f1f50, 0x0000020ce9f23db0, 0x0000020ce9f253f0, 0x0000020ce9f37ae0,
0x0000020ce9f38f20, 0x0000020ce9f397f0, 0x0000020ce9f3b0d0, 0x0000020ce9f40330,
0x0000020ce9f4af80, 0x0000020ce9f58c50, 0x0000020cc7aadd20, 0x0000020cee299b90,
0x0000020cef2e2c70, 0x0000020ceedd7ab0, 0x0000020cefa39870, 0x0000020cef061fe0,
0x0000020cee23fc50, 0x0000020cee496950, 0x0000020cee497370, 0x0000020cee496e60,
0x0000020cee495a20, 0x0000020cee497d90, 0x0000020cee497880, 0x0000020cee495f30,
0x0000020cee496440, 0x0000020cee4982a0, 0x0000020cee4987b0, 0x0000020cee498cc0,
0x0000020cee4991d0, 0x0000020cf0ca40d0, 0x0000020cf0ca2270, 0x0000020cf0ca5510,
0x0000020cf0ca2c90
}

Java Threads: ( => current thread )
  0x0000020cc79f1f50 JavaThread "main" [_thread_blocked, id=10500, stack(0x000000366fe00000,0x000000366ff00000)]
  0x0000020ce9f23db0 JavaThread "Reference Handler" daemon [_thread_blocked, id=1820, stack(0x0000003670500000,0x0000003670600000)]
  0x0000020ce9f253f0 JavaThread "Finalizer" daemon [_thread_blocked, id=10076, stack(0x0000003670600000,0x0000003670700000)]
  0x0000020ce9f37ae0 JavaThread "Signal Dispatcher" daemon [_thread_blocked, id=3700, stack(0x0000003670700000,0x0000003670800000)]
  0x0000020ce9f38f20 JavaThread "Attach Listener" daemon [_thread_blocked, id=11364, stack(0x0000003670800000,0x0000003670900000)]
  0x0000020ce9f397f0 JavaThread "Service Thread" daemon [_thread_blocked, id=14924, stack(0x0000003670900000,0x0000003670a00000)]
  0x0000020ce9f3b0d0 JavaThread "Monitor Deflation Thread" daemon [_thread_blocked, id=16264, stack(0x0000003670a00000,0x0000003670b00000)]
=>0x0000020ce9f40330 JavaThread "C2 CompilerThread0" daemon [_thread_in_native, id=4428, stack(0x0000003670b00000,0x0000003670c00000)]
  0x0000020ce9f4af80 JavaThread "C1 CompilerThread0" daemon [_thread_blocked, id=3232, stack(0x0000003670c00000,0x0000003670d00000)]
  0x0000020ce9f58c50 JavaThread "Sweeper thread" daemon [_thread_blocked, id=14468, stack(0x0000003670d00000,0x0000003670e00000)]
  0x0000020cc7aadd20 JavaThread "Common-Cleaner" daemon [_thread_blocked, id=7392, stack(0x0000003670e00000,0x0000003670f00000)]
  0x0000020cee299b90 JavaThread "Notification Thread" daemon [_thread_blocked, id=11640, stack(0x0000003670f00000,0x0000003671000000)]
  0x0000020cef2e2c70 JavaThread "Daemon health stats" [_thread_blocked, id=11184, stack(0x0000003671400000,0x0000003671500000)]
  0x0000020ceedd7ab0 JavaThread "Incoming local TCP Connector on port 57225" [_thread_in_native, id=13704, stack(0x0000003671500000,0x0000003671600000)]
  0x0000020cefa39870 JavaThread "Daemon periodic checks" [_thread_blocked, id=6740, stack(0x0000003671600000,0x0000003671700000)]
  0x0000020cef061fe0 JavaThread "Daemon" [_thread_blocked, id=11756, stack(0x0000003671700000,0x0000003671800000)]
  0x0000020cee23fc50 JavaThread "Handler for socket connection from /127.0.0.1:57225 to /127.0.0.1:57228" [_thread_in_native, id=9960, stack(0x0000003671800000,0x0000003671900000)]
  0x0000020cee496950 JavaThread "Cancel handler" [_thread_blocked, id=12424, stack(0x0000003671900000,0x0000003671a00000)]
  0x0000020cee497370 JavaThread "Daemon worker" [_thread_in_native, id=10184, stack(0x0000003671a00000,0x0000003671b00000)]
  0x0000020cee496e60 JavaThread "Asynchronous log dispatcher for DefaultDaemonConnection: socket connection from /127.0.0.1:57225 to /127.0.0.1:57228" [_thread_blocked, id=1076, stack(0x0000003671b00000,0x0000003671c00000)]
  0x0000020cee495a20 JavaThread "Stdin handler" [_thread_blocked, id=6980, stack(0x0000003671c00000,0x0000003671d00000)]
  0x0000020cee497d90 JavaThread "Daemon client event forwarder" [_thread_blocked, id=2756, stack(0x0000003671d00000,0x0000003671e00000)]
  0x0000020cee497880 JavaThread "Cache worker for journal cache (C:\Users\NTIC\.gradle\caches\journal-1)" [_thread_blocked, id=4616, stack(0x0000003671e00000,0x0000003671f00000)]
  0x0000020cee495f30 JavaThread "File lock request listener" [_thread_in_native, id=5696, stack(0x0000003671f00000,0x0000003672000000)]
  0x0000020cee496440 JavaThread "Cache worker for file hash cache (C:\Users\NTIC\.gradle\caches\8.11.1\fileHashes)" [_thread_blocked, id=10388, stack(0x0000003672000000,0x0000003672100000)]
  0x0000020cee4982a0 JavaThread "Cache worker for file content cache (C:\Users\NTIC\.gradle\caches\8.11.1\fileContent)" [_thread_blocked, id=3024, stack(0x0000003672100000,0x0000003672200000)]
  0x0000020cee4987b0 JavaThread "Cache worker for file hash cache (C:\Users\NTIC\Documents\GitHub\parking\parking_front\android\.gradle\8.11.1\fileHashes)" [_thread_blocked, id=15028, stack(0x0000003672200000,0x0000003672300000)]
  0x0000020cee498cc0 JavaThread "Cache worker for Build Output Cleanup Cache (C:\Users\NTIC\Documents\GitHub\parking\parking_front\android\.gradle\buildOutputCleanup)" [_thread_blocked, id=12192, stack(0x0000003672300000,0x0000003672400000)]
  0x0000020cee4991d0 JavaThread "File watcher server" daemon [_thread_in_native, id=11196, stack(0x0000003672400000,0x0000003672500000)]
  0x0000020cf0ca40d0 JavaThread "File watcher consumer" daemon [_thread_blocked, id=12824, stack(0x0000003672500000,0x0000003672600000)]
  0x0000020cf0ca2270 JavaThread "jar transforms" [_thread_blocked, id=1412, stack(0x0000003672600000,0x0000003672700000)]
  0x0000020cf0ca5510 JavaThread "jar transforms Thread 2" [_thread_blocked, id=13788, stack(0x0000003672700000,0x0000003672800000)]
  0x0000020cf0ca2c90 JavaThread "jar transforms Thread 3" [_thread_blocked, id=2528, stack(0x0000003672800000,0x0000003672900000)]

Other Threads:
  0x0000020ce9f1c130 VMThread "VM Thread" [stack: 0x0000003670400000,0x0000003670500000] [id=12480]
  0x0000020cee29aca0 WatcherThread [stack: 0x0000003671000000,0x0000003671100000] [id=6580]
  0x0000020cc7a5d7b0 GCTaskThread "GC Thread#0" [stack: 0x000000366ff00000,0x0000003670000000] [id=13124]
  0x0000020cee34b4c0 GCTaskThread "GC Thread#1" [stack: 0x0000003671100000,0x0000003671200000] [id=3032]
  0x0000020cee455820 GCTaskThread "GC Thread#2" [stack: 0x0000003671200000,0x0000003671300000] [id=13692]
  0x0000020cee984ba0 GCTaskThread "GC Thread#3" [stack: 0x0000003671300000,0x0000003671400000] [id=9328]
  0x0000020cc580dfe0 ConcurrentGCThread "G1 Main Marker" [stack: 0x0000003670000000,0x0000003670100000] [id=5488]
  0x0000020cc580e900 ConcurrentGCThread "G1 Conc#0" [stack: 0x0000003670100000,0x0000003670200000] [id=5600]
  0x0000020cc7aa1220 ConcurrentGCThread "G1 Refine#0" [stack: 0x0000003670200000,0x0000003670300000] [id=2748]
  0x0000020cc7aa2830 ConcurrentGCThread "G1 Service" [stack: 0x0000003670300000,0x0000003670400000] [id=13188]

Threads with active compile tasks:
C2 CompilerThread0    30540 3253       4       java.lang.invoke.MethodType::makeImpl (109 bytes)

VM state: not at safepoint (normal execution)

VM Mutex/Monitor currently owned by a thread: None

Heap address: 0x0000000700000000, size: 4096 MB, Compressed Oops mode: Zero based, Oop shift amount: 3

CDS archive(s) mapped at: [0x0000020c80000000-0x0000020c80bd0000-0x0000020c80bd0000), size 12386304, SharedBaseAddress: 0x0000020c80000000, ArchiveRelocationMode: 1.
Compressed class space mapped at: 0x0000020c81000000-0x0000020cb5000000, reserved size: 872415232
Narrow klass base: 0x0000020c80000000, Narrow klass shift: 0, Narrow klass range: 0x100000000

GC Precious Log:
 CPUs: 4 total, 4 available
 Memory: 3662M
 Large Page Support: Disabled
 NUMA Support: Disabled
 Compressed Oops: Enabled (Zero based)
 Heap Region Size: 2M
 Heap Min Capacity: 8M
 Heap Initial Capacity: 58M
 Heap Max Capacity: 4G
 Pre-touch: Disabled
 Parallel Workers: 4
 Concurrent Workers: 1
 Concurrent Refinement Workers: 4
 Periodic GC: Disabled

Heap:
 garbage-first heap   total 59392K, used 34549K [0x0000000700000000, 0x0000000800000000)
  region size 2048K, 6 young (12288K), 2 survivors (4096K)
 Metaspace       used 24578K, committed 25024K, reserved 917504K
  class space    used 3591K, committed 3840K, reserved 851968K

Heap Regions: E=young(eden), S=young(survivor), O=old, HS=humongous(starts), HC=humongous(continues), CS=collection set, F=free, OA=open archive, CA=closed archive, TAMS=top-at-mark-start (previous, next)
|   0|0x0000000700000000, 0x0000000700200000, 0x0000000700200000|100%|HS|  |TAMS 0x0000000700200000, 0x0000000700000000| Complete 
|   1|0x0000000700200000, 0x0000000700400000, 0x0000000700400000|100%|HC|  |TAMS 0x0000000700400000, 0x0000000700200000| Complete 
|   2|0x0000000700400000, 0x0000000700600000, 0x0000000700600000|100%| O|  |TAMS 0x0000000700600000, 0x0000000700400000| Untracked 
|   3|0x0000000700600000, 0x0000000700800000, 0x0000000700800000|100%| O|  |TAMS 0x0000000700800000, 0x0000000700600000| Untracked 
|   4|0x0000000700800000, 0x0000000700a00000, 0x0000000700a00000|100%| O|  |TAMS 0x0000000700a00000, 0x0000000700800000| Untracked 
|   5|0x0000000700a00000, 0x0000000700c00000, 0x0000000700c00000|100%| O|  |TAMS 0x0000000700c00000, 0x0000000700a00000| Untracked 
|   6|0x0000000700c00000, 0x0000000700e00000, 0x0000000700e00000|100%| O|  |TAMS 0x0000000700e00000, 0x0000000700c00000| Untracked 
|   7|0x0000000700e00000, 0x0000000701000000, 0x0000000701000000|100%| O|  |TAMS 0x0000000701000000, 0x0000000700e00000| Untracked 
|   8|0x0000000701000000, 0x0000000701200000, 0x0000000701200000|100%| O|  |TAMS 0x0000000701200000, 0x0000000701000000| Untracked 
|   9|0x0000000701200000, 0x0000000701400000, 0x0000000701400000|100%| O|  |TAMS 0x0000000701400000, 0x0000000701200000| Untracked 
|  10|0x0000000701400000, 0x0000000701600000, 0x0000000701600000|100%| O|  |TAMS 0x000000070151ae00, 0x0000000701400000| Untracked 
|  11|0x0000000701600000, 0x00000007017bd600, 0x0000000701800000| 86%| O|  |TAMS 0x0000000701600000, 0x0000000701600000| Untracked 
|  12|0x0000000701800000, 0x0000000701800000, 0x0000000701a00000|  0%| F|  |TAMS 0x0000000701800000, 0x0000000701800000| Untracked 
|  13|0x0000000701a00000, 0x0000000701a00000, 0x0000000701c00000|  0%| F|  |TAMS 0x0000000701a00000, 0x0000000701a00000| Untracked 
|  14|0x0000000701c00000, 0x0000000701c00000, 0x0000000701e00000|  0%| F|  |TAMS 0x0000000701c00000, 0x0000000701c00000| Untracked 
|  15|0x0000000701e00000, 0x0000000701e00000, 0x0000000702000000|  0%| F|  |TAMS 0x0000000701e00000, 0x0000000701e00000| Untracked 
|  16|0x0000000702000000, 0x0000000702200000, 0x0000000702200000|100%| S|CS|TAMS 0x0000000702000000, 0x0000000702000000| Complete 
|  17|0x0000000702200000, 0x0000000702400000, 0x0000000702400000|100%| S|CS|TAMS 0x0000000702200000, 0x0000000702200000| Complete 
|  18|0x0000000702400000, 0x0000000702400000, 0x0000000702600000|  0%| F|  |TAMS 0x0000000702400000, 0x0000000702400000| Untracked 
|  19|0x0000000702600000, 0x0000000702600000, 0x0000000702800000|  0%| F|  |TAMS 0x0000000702600000, 0x0000000702600000| Untracked 
|  20|0x0000000702800000, 0x0000000702800000, 0x0000000702a00000|  0%| F|  |TAMS 0x0000000702800000, 0x0000000702800000| Untracked 
|  21|0x0000000702a00000, 0x0000000702a00000, 0x0000000702c00000|  0%| F|  |TAMS 0x0000000702a00000, 0x0000000702a00000| Untracked 
|  22|0x0000000702c00000, 0x0000000702c00000, 0x0000000702e00000|  0%| F|  |TAMS 0x0000000702c00000, 0x0000000702c00000| Untracked 
|  23|0x0000000702e00000, 0x0000000702e00000, 0x0000000703000000|  0%| F|  |TAMS 0x0000000702e00000, 0x0000000702e00000| Untracked 
|  24|0x0000000703000000, 0x0000000703000000, 0x0000000703200000|  0%| F|  |TAMS 0x0000000703000000, 0x0000000703000000| Untracked 
|  25|0x0000000703200000, 0x0000000703247c88, 0x0000000703400000| 14%| E|  |TAMS 0x0000000703200000, 0x0000000703200000| Complete 
|  26|0x0000000703400000, 0x0000000703600000, 0x0000000703600000|100%| E|CS|TAMS 0x0000000703400000, 0x0000000703400000| Complete 
|  27|0x0000000703600000, 0x0000000703800000, 0x0000000703800000|100%| E|CS|TAMS 0x0000000703600000, 0x0000000703600000| Complete 
|  28|0x0000000703800000, 0x0000000703a00000, 0x0000000703a00000|100%| E|CS|TAMS 0x0000000703800000, 0x0000000703800000| Complete 

Card table byte_map: [0x0000020cdea90000,0x0000020cdf290000] _byte_map_base: 0x0000020cdb290000

Marking Bits (Prev, Next): (CMBitMap*) 0x0000020cc7a5dd20, (CMBitMap*) 0x0000020cc7a5dce0
 Prev Bits: [0x0000020ce3a90000, 0x0000020ce7a90000)
 Next Bits: [0x0000020cdfa90000, 0x0000020ce3a90000)

Polling page: 0x0000020cc5870000

Metaspace:

Usage:
  Non-class:     20.50 MB used.
      Class:      3.51 MB used.
       Both:     24.01 MB used.

Virtual space:
  Non-class space:       64.00 MB reserved,      20.69 MB ( 32%) committed,  1 nodes.
      Class space:      832.00 MB reserved,       3.75 MB ( <1%) committed,  1 nodes.
             Both:      896.00 MB reserved,      24.44 MB (  3%) committed. 

Chunk freelists:
   Non-Class:  10.75 MB
       Class:  12.11 MB
        Both:  22.86 MB

MaxMetaspaceSize: 1.00 GB
CompressedClassSpaceSize: 832.00 MB
Initial GC threshold: 21.00 MB
Current GC threshold: 35.25 MB
CDS: on
MetaspaceReclaimPolicy: balanced
 - commit_granule_bytes: 65536.
 - commit_granule_words: 8192.
 - virtual_space_node_default_size: 8388608.
 - enlarge_chunks_in_place: 1.
 - new_chunks_are_fully_committed: 0.
 - uncommit_free_chunks: 1.
 - use_allocation_guard: 0.
 - handle_deallocations: 1.


Internal statistics:

num_allocs_failed_limit: 3.
num_arena_births: 408.
num_arena_deaths: 0.
num_vsnodes_births: 2.
num_vsnodes_deaths: 0.
num_space_committed: 391.
num_space_uncommitted: 0.
num_chunks_returned_to_freelist: 3.
num_chunks_taken_from_freelist: 1325.
num_chunk_merges: 3.
num_chunk_splits: 835.
num_chunks_enlarged: 560.
num_inconsistent_stats: 0.

CodeHeap 'non-profiled nmethods': size=120000Kb used=1909Kb max_used=1909Kb free=118090Kb
 bounds [0x0000020cd6d60000, 0x0000020cd6fd0000, 0x0000020cde290000]
CodeHeap 'profiled nmethods': size=120000Kb used=6878Kb max_used=6878Kb free=113122Kb
 bounds [0x0000020ccf290000, 0x0000020ccf950000, 0x0000020cd67c0000]
CodeHeap 'non-nmethods': size=5760Kb used=1260Kb max_used=1298Kb free=4499Kb
 bounds [0x0000020cd67c0000, 0x0000020cd6a30000, 0x0000020cd6d60000]
 total_blobs=3835 nmethods=3274 adapters=473
 compilation: enabled
              stopped_count=0, restarted_count=0
 full_count=0

Compilation events (20 events):
Event: 30.362 Thread 0x0000020ce9f4af80 3265       3       sun.security.provider.ByteArrayAccess::i2bBig4 (10 bytes)
Event: 30.363 Thread 0x0000020ce9f4af80 nmethod 3265 0x0000020ccf942e90 code [0x0000020ccf9430c0, 0x0000020ccf943878]
Event: 30.396 Thread 0x0000020ce9f4af80 3266       3       java.security.CodeSource::getCertificates (98 bytes)
Event: 30.397 Thread 0x0000020ce9f4af80 nmethod 3266 0x0000020ccf943b90 code [0x0000020ccf943de0, 0x0000020ccf944958]
Event: 30.399 Thread 0x0000020ce9f4af80 3267       3       java.util.concurrent.ConcurrentHashMap::isEmpty (15 bytes)
Event: 30.400 Thread 0x0000020ce9f4af80 nmethod 3267 0x0000020ccf944c90 code [0x0000020ccf944e40, 0x0000020ccf944fe8]
Event: 30.415 Thread 0x0000020ce9f4af80 3268       1       jdk.internal.event.SecurityProviderServiceEvent::isEnabled (2 bytes)
Event: 30.415 Thread 0x0000020ce9f4af80 nmethod 3268 0x0000020cd6f3d190 code [0x0000020cd6f3d320, 0x0000020cd6f3d3f8]
Event: 30.416 Thread 0x0000020ce9f4af80 3269       3       jdk.internal.perf.PerfCounter::getParentDelegationTime (4 bytes)
Event: 30.416 Thread 0x0000020ce9f4af80 nmethod 3269 0x0000020ccf945090 code [0x0000020ccf945220, 0x0000020ccf945318]
Event: 30.416 Thread 0x0000020ce9f4af80 3270       3       jdk.internal.perf.PerfCounter::addTime (6 bytes)
Event: 30.416 Thread 0x0000020ce9f4af80 nmethod 3270 0x0000020ccf945390 code [0x0000020ccf945520, 0x0000020ccf945668]
Event: 30.416 Thread 0x0000020ce9f4af80 3271       3       jdk.internal.perf.PerfCounter::getFindClassTime (4 bytes)
Event: 30.416 Thread 0x0000020ce9f4af80 nmethod 3271 0x0000020ccf945710 code [0x0000020ccf9458a0, 0x0000020ccf945998]
Event: 30.416 Thread 0x0000020ce9f4af80 3272       3       jdk.internal.perf.PerfCounter::getFindClasses (4 bytes)
Event: 30.416 Thread 0x0000020ce9f4af80 nmethod 3272 0x0000020ccf945a10 code [0x0000020ccf945ba0, 0x0000020ccf945c98]
Event: 30.417 Thread 0x0000020ce9f4af80 3273       3       java.util.LinkedHashMap::get (29 bytes)
Event: 30.417 Thread 0x0000020ce9f4af80 nmethod 3273 0x0000020ccf945d10 code [0x0000020ccf945ec0, 0x0000020ccf9460f8]
Event: 30.424 Thread 0x0000020ce9f4af80 3274       1       sun.security.provider.DigestBase::engineGetDigestLength (5 bytes)
Event: 30.424 Thread 0x0000020ce9f4af80 nmethod 3274 0x0000020cd6f3d490 code [0x0000020cd6f3d620, 0x0000020cd6f3d6f8]

GC Heap History (20 events):
Event: 2.835 GC heap before
{Heap before GC invocations=1 (full 0):
 garbage-first heap   total 59392K, used 21735K [0x0000000700000000, 0x0000000800000000)
  region size 2048K, 9 young (18432K), 1 survivors (2048K)
 Metaspace       used 1600K, committed 1728K, reserved 917504K
  class space    used 139K, committed 192K, reserved 851968K
}
Event: 2.842 GC heap after
{Heap after GC invocations=2 (full 0):
 garbage-first heap   total 59392K, used 10110K [0x0000000700000000, 0x0000000800000000)
  region size 2048K, 2 young (4096K), 2 survivors (4096K)
 Metaspace       used 1600K, committed 1728K, reserved 917504K
  class space    used 139K, committed 192K, reserved 851968K
}
Event: 7.957 GC heap before
{Heap before GC invocations=2 (full 0):
 garbage-first heap   total 59392K, used 40830K [0x0000000700000000, 0x0000000800000000)
  region size 2048K, 17 young (34816K), 2 survivors (4096K)
 Metaspace       used 4421K, committed 4608K, reserved 917504K
  class space    used 541K, committed 640K, reserved 851968K
}
Event: 7.971 GC heap after
{Heap after GC invocations=3 (full 0):
 garbage-first heap   total 59392K, used 11497K [0x0000000700000000, 0x0000000800000000)
  region size 2048K, 1 young (2048K), 1 survivors (2048K)
 Metaspace       used 4421K, committed 4608K, reserved 917504K
  class space    used 541K, committed 640K, reserved 851968K
}
Event: 10.636 GC heap before
{Heap before GC invocations=3 (full 0):
 garbage-first heap   total 59392K, used 40169K [0x0000000700000000, 0x0000000800000000)
  region size 2048K, 15 young (30720K), 1 survivors (2048K)
 Metaspace       used 4459K, committed 4608K, reserved 917504K
  class space    used 541K, committed 640K, reserved 851968K
}
Event: 10.641 GC heap after
{Heap after GC invocations=4 (full 0):
 garbage-first heap   total 59392K, used 12553K [0x0000000700000000, 0x0000000800000000)
  region size 2048K, 2 young (4096K), 2 survivors (4096K)
 Metaspace       used 4459K, committed 4608K, reserved 917504K
  class space    used 541K, committed 640K, reserved 851968K
}
Event: 14.026 GC heap before
{Heap before GC invocations=4 (full 0):
 garbage-first heap   total 59392K, used 41225K [0x0000000700000000, 0x0000000800000000)
  region size 2048K, 16 young (32768K), 2 survivors (4096K)
 Metaspace       used 7157K, committed 7424K, reserved 917504K
  class space    used 957K, committed 1088K, reserved 851968K
}
Event: 14.034 GC heap after
{Heap after GC invocations=5 (full 0):
 garbage-first heap   total 59392K, used 17941K [0x0000000700000000, 0x0000000800000000)
  region size 2048K, 2 young (4096K), 2 survivors (4096K)
 Metaspace       used 7157K, committed 7424K, reserved 917504K
  class space    used 957K, committed 1088K, reserved 851968K
}
Event: 20.887 GC heap before
{Heap before GC invocations=5 (full 0):
 garbage-first heap   total 59392K, used 40469K [0x0000000700000000, 0x0000000800000000)
  region size 2048K, 14 young (28672K), 2 survivors (4096K)
 Metaspace       used 12840K, committed 13120K, reserved 917504K
  class space    used 1708K, committed 1856K, reserved 851968K
}
Event: 20.920 GC heap after
{Heap after GC invocations=6 (full 0):
 garbage-first heap   total 59392K, used 20633K [0x0000000700000000, 0x0000000800000000)
  region size 2048K, 2 young (4096K), 2 survivors (4096K)
 Metaspace       used 12840K, committed 13120K, reserved 917504K
  class space    used 1708K, committed 1856K, reserved 851968K
}
Event: 23.858 GC heap before
{Heap before GC invocations=6 (full 0):
 garbage-first heap   total 59392K, used 39065K [0x0000000700000000, 0x0000000800000000)
  region size 2048K, 12 young (24576K), 2 survivors (4096K)
 Metaspace       used 15954K, committed 16256K, reserved 917504K
  class space    used 2200K, committed 2304K, reserved 851968K
}
Event: 23.862 GC heap after
{Heap after GC invocations=7 (full 0):
 garbage-first heap   total 59392K, used 21865K [0x0000000700000000, 0x0000000800000000)
  region size 2048K, 1 young (2048K), 1 survivors (2048K)
 Metaspace       used 15954K, committed 16256K, reserved 917504K
  class space    used 2200K, committed 2304K, reserved 851968K
}
Event: 25.247 GC heap before
{Heap before GC invocations=7 (full 0):
 garbage-first heap   total 59392K, used 42345K [0x0000000700000000, 0x0000000800000000)
  region size 2048K, 11 young (22528K), 1 survivors (2048K)
 Metaspace       used 18465K, committed 18752K, reserved 917504K
  class space    used 2642K, committed 2752K, reserved 851968K
}
Event: 25.252 GC heap after
{Heap after GC invocations=8 (full 0):
 garbage-first heap   total 59392K, used 22922K [0x0000000700000000, 0x0000000800000000)
  region size 2048K, 2 young (4096K), 2 survivors (4096K)
 Metaspace       used 18465K, committed 18752K, reserved 917504K
  class space    used 2642K, committed 2752K, reserved 851968K
}
Event: 26.112 GC heap before
{Heap before GC invocations=8 (full 0):
 garbage-first heap   total 59392K, used 43402K [0x0000000700000000, 0x0000000800000000)
  region size 2048K, 12 young (24576K), 2 survivors (4096K)
 Metaspace       used 20744K, committed 21120K, reserved 917504K
  class space    used 3006K, committed 3200K, reserved 851968K
}
Event: 26.119 GC heap after
{Heap after GC invocations=9 (full 0):
 garbage-first heap   total 59392K, used 24435K [0x0000000700000000, 0x0000000800000000)
  region size 2048K, 2 young (4096K), 2 survivors (4096K)
 Metaspace       used 20744K, committed 21120K, reserved 917504K
  class space    used 3006K, committed 3200K, reserved 851968K
}
Event: 26.423 GC heap before
{Heap before GC invocations=9 (full 0):
 garbage-first heap   total 59392K, used 26483K [0x0000000700000000, 0x0000000800000000)
  region size 2048K, 4 young (8192K), 2 survivors (4096K)
 Metaspace       used 21141K, committed 21504K, reserved 917504K
  class space    used 3062K, committed 3264K, reserved 851968K
}
Event: 26.438 GC heap after
{Heap after GC invocations=10 (full 0):
 garbage-first heap   total 59392K, used 24740K [0x0000000700000000, 0x0000000800000000)
  region size 2048K, 1 young (2048K), 1 survivors (2048K)
 Metaspace       used 21141K, committed 21504K, reserved 917504K
  class space    used 3062K, committed 3264K, reserved 851968K
}
Event: 29.026 GC heap before
{Heap before GC invocations=11 (full 0):
 garbage-first heap   total 59392K, used 43172K [0x0000000700000000, 0x0000000800000000)
  region size 2048K, 11 young (22528K), 1 survivors (2048K)
 Metaspace       used 23647K, committed 24064K, reserved 917504K
  class space    used 3466K, committed 3648K, reserved 851968K
}
Event: 29.061 GC heap after
{Heap after GC invocations=12 (full 0):
 garbage-first heap   total 59392K, used 28405K [0x0000000700000000, 0x0000000800000000)
  region size 2048K, 2 young (4096K), 2 survivors (4096K)
 Metaspace       used 23647K, committed 24064K, reserved 917504K
  class space    used 3466K, committed 3648K, reserved 851968K
}

Deoptimization events (20 events):
Event: 29.542 Thread 0x0000020cee497370 Uncommon trap: trap_request=0xffffffc6 fr.pc=0x0000020cd6e9fd6c relative=0x000000000000606c
Event: 29.542 Thread 0x0000020cee497370 Uncommon trap: reason=bimorphic_or_optimized_type_check action=maybe_recompile pc=0x0000020cd6e9fd6c method=java.lang.ClassLoader.loadClass(Ljava/lang/String;Z)Ljava/lang/Class; @ 38 c2
Event: 29.542 Thread 0x0000020cee497370 DEOPT PACKING pc=0x0000020cd6e9fd6c sp=0x0000003671afa6f0
Event: 29.542 Thread 0x0000020cee497370 DEOPT UNPACKING pc=0x0000020cd6815ba3 sp=0x0000003671afa760 mode 2
Event: 29.547 Thread 0x0000020cee497370 Uncommon trap: trap_request=0xffffffc6 fr.pc=0x0000020cd6e9fd6c relative=0x000000000000606c
Event: 29.547 Thread 0x0000020cee497370 Uncommon trap: reason=bimorphic_or_optimized_type_check action=maybe_recompile pc=0x0000020cd6e9fd6c method=java.lang.ClassLoader.loadClass(Ljava/lang/String;Z)Ljava/lang/Class; @ 38 c2
Event: 29.547 Thread 0x0000020cee497370 DEOPT PACKING pc=0x0000020cd6e9fd6c sp=0x0000003671afa940
Event: 29.547 Thread 0x0000020cee497370 DEOPT UNPACKING pc=0x0000020cd6815ba3 sp=0x0000003671afa9b0 mode 2
Event: 29.547 Thread 0x0000020cee497370 Uncommon trap: trap_request=0xffffffc6 fr.pc=0x0000020cd6e9fd6c relative=0x000000000000606c
Event: 29.547 Thread 0x0000020cee497370 Uncommon trap: reason=bimorphic_or_optimized_type_check action=maybe_recompile pc=0x0000020cd6e9fd6c method=java.lang.ClassLoader.loadClass(Ljava/lang/String;Z)Ljava/lang/Class; @ 38 c2
Event: 29.547 Thread 0x0000020cee497370 DEOPT PACKING pc=0x0000020cd6e9fd6c sp=0x0000003671afbc10
Event: 29.547 Thread 0x0000020cee497370 DEOPT UNPACKING pc=0x0000020cd6815ba3 sp=0x0000003671afbc80 mode 2
Event: 30.179 Thread 0x0000020cee497370 Uncommon trap: trap_request=0xffffff45 fr.pc=0x0000020cd6ecd8f8 relative=0x0000000000000538
Event: 30.179 Thread 0x0000020cee497370 Uncommon trap: reason=unstable_if action=reinterpret pc=0x0000020cd6ecd8f8 method=java.util.LinkedHashMap.get(Ljava/lang/Object;)Ljava/lang/Object; @ 16 c2
Event: 30.179 Thread 0x0000020cee497370 DEOPT PACKING pc=0x0000020cd6ecd8f8 sp=0x0000003671afb2b0
Event: 30.179 Thread 0x0000020cee497370 DEOPT UNPACKING pc=0x0000020cd6815ba3 sp=0x0000003671afb268 mode 2
Event: 30.184 Thread 0x0000020cee497370 Uncommon trap: trap_request=0xffffff45 fr.pc=0x0000020cd6f377a0 relative=0x0000000000000100
Event: 30.184 Thread 0x0000020cee497370 Uncommon trap: reason=unstable_if action=reinterpret pc=0x0000020cd6f377a0 method=java.math.BigInteger.addOne([IIII)I @ 55 c2
Event: 30.184 Thread 0x0000020cee497370 DEOPT PACKING pc=0x0000020cd6f377a0 sp=0x0000003671afac10
Event: 30.184 Thread 0x0000020cee497370 DEOPT UNPACKING pc=0x0000020cd6815ba3 sp=0x0000003671afabb0 mode 2

Classes unloaded (0 events):
No events

Classes redefined (0 events):
No events

Internal exceptions (20 events):
Event: 27.162 Thread 0x0000020cee497370 Exception <a 'java/lang/NoSuchMethodError'{0x0000000702c45390}: 'java.lang.Object java.lang.invoke.Invokers$Holder.linkToTargetMethod(java.lang.Object, long, java.lang.Object)'> (0x0000000702c45390) 
thrown [s\open\src\hotspot\share\interpreter\linkResolver.cpp, line 759]
Event: 28.038 Thread 0x0000020cee497370 Exception <a 'java/lang/NoSuchMethodError'{0x0000000702d84578}: 'void java.lang.invoke.DirectMethodHandle$Holder.invokeSpecial(java.lang.Object, java.lang.Object, java.lang.Object, java.lang.Object, java.lang.Object)'> (0x0000000702d84578) 
thrown [s\open\src\hotspot\share\interpreter\linkResolver.cpp, line 759]
Event: 28.089 Thread 0x0000020cee497370 Exception <a 'java/lang/NoSuchMethodError'{0x0000000702a13ef0}: 'int java.lang.invoke.DirectMethodHandle$Holder.invokeInterface(java.lang.Object, java.lang.Object)'> (0x0000000702a13ef0) 
thrown [s\open\src\hotspot\share\interpreter\linkResolver.cpp, line 759]
Event: 28.101 Thread 0x0000020cee497370 Exception <a 'java/lang/NoSuchMethodError'{0x0000000702a3c7f0}: 'java.lang.Object java.lang.invoke.DirectMethodHandle$Holder.invokeStatic(java.lang.Object, java.lang.Object, int, java.lang.Object)'> (0x0000000702a3c7f0) 
thrown [s\open\src\hotspot\share\interpreter\linkResolver.cpp, line 759]
Event: 28.102 Thread 0x0000020cee497370 Exception <a 'java/lang/NoSuchMethodError'{0x0000000702a44220}: 'java.lang.Object java.lang.invoke.DirectMethodHandle$Holder.newInvokeSpecial(java.lang.Object, java.lang.Object, int, java.lang.Object)'> (0x0000000702a44220) 
thrown [s\open\src\hotspot\share\interpreter\linkResolver.cpp, line 759]
Event: 28.102 Thread 0x0000020cee497370 Exception <a 'java/lang/NoSuchMethodError'{0x0000000702a486b0}: 'java.lang.Object java.lang.invoke.DirectMethodHandle$Holder.invokeSpecial(java.lang.Object, java.lang.Object, java.lang.Object, int, java.lang.Object)'> (0x0000000702a486b0) 
thrown [s\open\src\hotspot\share\interpreter\linkResolver.cpp, line 759]
Event: 29.550 Thread 0x0000020cee497370 Exception <a 'java/lang/NoSuchMethodError'{0x00000007036e4988}: static Lorg/gradle/tooling/internal/consumer/connection/InternalPhasedActionAdapter;.<clinit>()V> (0x00000007036e4988) 
thrown [s\open\src\hotspot\share\prims\jni.cpp, line 1107]
Event: 29.557 Thread 0x0000020cee497370 Exception <a 'java/lang/NoSuchMethodError'{0x000000070371b398}: static Lorg/gradle/tooling/internal/consumer/connection/InternalBuildActionAdapter;.<clinit>()V> (0x000000070371b398) 
thrown [s\open\src\hotspot\share\prims\jni.cpp, line 1107]
Event: 30.332 Thread 0x0000020cee497370 Exception <a 'java/lang/NoSuchMethodError'{0x000000070349ac98}: static Lorg/gradle/tooling/internal/consumer/versioning/VersionDetails;.<clinit>()V> (0x000000070349ac98) 
thrown [s\open\src\hotspot\share\prims\jni.cpp, line 1107]
Event: 30.333 Thread 0x0000020cee497370 Exception <a 'java/lang/NoSuchMethodError'{0x000000070349d658}: static Lorg/gradle/tooling/internal/consumer/versioning/VersionDetails$R26VersionDetails;.<clinit>()V> (0x000000070349d658) 
thrown [s\open\src\hotspot\share\prims\jni.cpp, line 1107]
Event: 30.333 Thread 0x0000020cee497370 Exception <a 'java/lang/NoSuchMethodError'{0x000000070349ebd0}: static Lorg/gradle/tooling/internal/consumer/versioning/VersionDetails$R28VersionDetails;.<clinit>()V> (0x000000070349ebd0) 
thrown [s\open\src\hotspot\share\prims\jni.cpp, line 1107]
Event: 30.334 Thread 0x0000020cee497370 Exception <a 'java/lang/NoSuchMethodError'{0x00000007034a00d8}: static Lorg/gradle/tooling/internal/consumer/versioning/VersionDetails$R35VersionDetails;.<clinit>()V> (0x00000007034a00d8) 
thrown [s\open\src\hotspot\share\prims\jni.cpp, line 1107]
Event: 30.334 Thread 0x0000020cee497370 Exception <a 'java/lang/NoSuchMethodError'{0x00000007034a17a8}: static Lorg/gradle/tooling/internal/consumer/versioning/VersionDetails$R44VersionDetails;.<clinit>()V> (0x00000007034a17a8) 
thrown [s\open\src\hotspot\share\prims\jni.cpp, line 1107]
Event: 30.334 Thread 0x0000020cee497370 Exception <a 'java/lang/NoSuchMethodError'{0x00000007034a2db0}: static Lorg/gradle/tooling/internal/consumer/versioning/VersionDetails$R48VersionDetails;.<clinit>()V> (0x00000007034a2db0) 
thrown [s\open\src\hotspot\share\prims\jni.cpp, line 1107]
Event: 30.334 Thread 0x0000020cee497370 Exception <a 'java/lang/NoSuchMethodError'{0x00000007034a3fb0}: static Lorg/gradle/tooling/internal/consumer/versioning/VersionDetails$R51VersionDetails;.<clinit>()V> (0x00000007034a3fb0) 
thrown [s\open\src\hotspot\share\prims\jni.cpp, line 1107]
Event: 30.337 Thread 0x0000020cee497370 Exception <a 'java/lang/NoSuchMethodError'{0x00000007034b6170}: static [Lorg/gradle/tooling/BuildAction;.<clinit>()V> (0x00000007034b6170) 
thrown [s\open\src\hotspot\share\prims\jni.cpp, line 1107]
Event: 30.340 Thread 0x0000020cee497370 Exception <a 'java/lang/NoSuchMethodError'{0x00000007034c6748}: static Lorg/eclipse/buildship/core/internal/workspace/TellGradleToRunSynchronizationTasks;.<clinit>()V> (0x00000007034c6748) 
thrown [s\open\src\hotspot\share\prims\jni.cpp, line 1107]
Event: 30.345 Thread 0x0000020cee497370 Exception <a 'java/lang/NoSuchMethodError'{0x00000007034edf50}: 'java.lang.Object java.lang.invoke.DirectMethodHandle$Holder.newInvokeSpecial(java.lang.Object, java.lang.Object, java.lang.Object, int)'> (0x00000007034edf50) 
thrown [s\open\src\hotspot\share\interpreter\linkResolver.cpp, line 759]
Event: 30.346 Thread 0x0000020cee497370 Exception <a 'java/lang/NoSuchMethodError'{0x00000007034f25d8}: 'java.lang.Object java.lang.invoke.DirectMethodHandle$Holder.invokeSpecial(java.lang.Object, java.lang.Object, java.lang.Object, java.lang.Object, int)'> (0x00000007034f25d8) 
thrown [s\open\src\hotspot\share\interpreter\linkResolver.cpp, line 759]
Event: 30.346 Thread 0x0000020cee497370 Exception <a 'java/lang/NoSuchMethodError'{0x00000007034f6448}: 'java.lang.Object java.lang.invoke.Invokers$Holder.linkToTargetMethod(java.lang.Object, java.lang.Object, int, java.lang.Object)'> (0x00000007034f6448) 
thrown [s\open\src\hotspot\share\interpreter\linkResolver.cpp, line 759]

VM Operations (20 events):
Event: 26.112 Executing VM operation: G1CollectForAllocation
Event: 26.119 Executing VM operation: G1CollectForAllocation done
Event: 26.422 Executing VM operation: CollectForMetadataAllocation
Event: 26.438 Executing VM operation: CollectForMetadataAllocation done
Event: 26.487 Executing VM operation: G1Concurrent
Event: 26.492 Executing VM operation: G1Concurrent done
Event: 26.505 Executing VM operation: G1Concurrent
Event: 26.506 Executing VM operation: G1Concurrent done
Event: 27.335 Executing VM operation: HandshakeAllThreads
Event: 27.335 Executing VM operation: HandshakeAllThreads done
Event: 28.342 Executing VM operation: Cleanup
Event: 28.342 Executing VM operation: Cleanup done
Event: 28.588 Executing VM operation: HandshakeAllThreads
Event: 28.588 Executing VM operation: HandshakeAllThreads done
Event: 29.026 Executing VM operation: G1CollectForAllocation
Event: 29.063 Executing VM operation: G1CollectForAllocation done
Event: 29.340 Executing VM operation: HandshakeAllThreads
Event: 29.340 Executing VM operation: HandshakeAllThreads done
Event: 30.350 Executing VM operation: Cleanup
Event: 30.352 Executing VM operation: Cleanup done

Events (20 events):
Event: 29.488 loading class java/util/Base64$Encoder
Event: 29.488 loading class java/util/Base64$Encoder done
Event: 29.494 loading class java/util/jar/JarVerifier$VerifierStream
Event: 29.494 loading class java/util/jar/JarVerifier$VerifierStream done
Event: 29.495 loading class sun/security/util/ManifestEntryVerifier$SunProviderHolder
Event: 29.495 loading class sun/security/util/ManifestEntryVerifier$SunProviderHolder done
Event: 30.366 loading class java/util/concurrent/locks/ReentrantReadWriteLock
Event: 30.391 loading class java/util/concurrent/locks/ReadWriteLock
Event: 30.392 loading class java/util/concurrent/locks/ReadWriteLock done
Event: 30.392 loading class java/util/concurrent/locks/ReentrantReadWriteLock done
Event: 30.392 loading class java/util/concurrent/locks/ReentrantReadWriteLock$NonfairSync
Event: 30.392 loading class java/util/concurrent/locks/ReentrantReadWriteLock$Sync
Event: 30.394 loading class java/util/concurrent/locks/ReentrantReadWriteLock$Sync done
Event: 30.394 loading class java/util/concurrent/locks/ReentrantReadWriteLock$NonfairSync done
Event: 30.394 loading class java/util/concurrent/locks/ReentrantReadWriteLock$Sync$ThreadLocalHoldCounter
Event: 30.394 loading class java/util/concurrent/locks/ReentrantReadWriteLock$Sync$ThreadLocalHoldCounter done
Event: 30.394 loading class java/util/concurrent/locks/ReentrantReadWriteLock$ReadLock
Event: 30.394 loading class java/util/concurrent/locks/ReentrantReadWriteLock$ReadLock done
Event: 30.394 loading class java/util/concurrent/locks/ReentrantReadWriteLock$WriteLock
Event: 30.394 loading class java/util/concurrent/locks/ReentrantReadWriteLock$WriteLock done


Dynamic libraries:
0x00007ff7f8980000 - 0x00007ff7f8990000 	C:\Users\NTIC\Downloads\jdk-17_windows-x64_bin\jdk-17.0.10\bin\java.exe
0x00007ffdf7f40000 - 0x00007ffdf81a7000 	C:\WINDOWS\SYSTEM32\ntdll.dll
0x00007ffdf7480000 - 0x00007ffdf7549000 	C:\WINDOWS\System32\KERNEL32.DLL
0x00007ffdf4810000 - 0x00007ffdf4c04000 	C:\WINDOWS\System32\KERNELBASE.dll
0x00007ffdf4e10000 - 0x00007ffdf4f5b000 	C:\WINDOWS\System32\ucrtbase.dll
0x00007ffdbf250000 - 0x00007ffdbf26b000 	C:\Users\NTIC\Downloads\jdk-17_windows-x64_bin\jdk-17.0.10\bin\VCRUNTIME140.dll
0x00007ffdbf270000 - 0x00007ffdbf289000 	C:\Users\NTIC\Downloads\jdk-17_windows-x64_bin\jdk-17.0.10\bin\jli.dll
0x00007ffdf7b90000 - 0x00007ffdf7c46000 	C:\WINDOWS\System32\ADVAPI32.dll
0x00007ffdf6300000 - 0x00007ffdf63a9000 	C:\WINDOWS\System32\msvcrt.dll
0x00007ffdf5d80000 - 0x00007ffdf5e27000 	C:\WINDOWS\System32\sechost.dll
0x00007ffdf7ce0000 - 0x00007ffdf7df8000 	C:\WINDOWS\System32\RPCRT4.dll
0x00007ffdf5e30000 - 0x00007ffdf5ff5000 	C:\WINDOWS\System32\USER32.dll
0x00007ffdf5ca0000 - 0x00007ffdf5cc7000 	C:\WINDOWS\System32\win32u.dll
0x00007ffdf6cc0000 - 0x00007ffdf6ceb000 	C:\WINDOWS\System32\GDI32.dll
0x00007ffdf4f60000 - 0x00007ffdf508a000 	C:\WINDOWS\System32\gdi32full.dll
0x00007ffdf5140000 - 0x00007ffdf51e3000 	C:\WINDOWS\System32\msvcp_win.dll
0x00007ffddb6e0000 - 0x00007ffddb973000 	C:\WINDOWS\WinSxS\amd64_microsoft.windows.common-controls_6595b64144ccf1df_6.0.26100.8115_none_3e075c82e3354f9c\COMCTL32.dll
0x00007ffde4960000 - 0x00007ffde496b000 	C:\WINDOWS\SYSTEM32\VERSION.dll
0x00007ffdf7a90000 - 0x00007ffdf7ac2000 	C:\WINDOWS\System32\IMM32.DLL
0x00007ffddf110000 - 0x00007ffddf11c000 	C:\Users\NTIC\Downloads\jdk-17_windows-x64_bin\jdk-17.0.10\bin\vcruntime140_1.dll
0x00007ffdaf830000 - 0x00007ffdaf8be000 	C:\Users\NTIC\Downloads\jdk-17_windows-x64_bin\jdk-17.0.10\bin\msvcp140.dll
0x00007ffd81b30000 - 0x00007ffd8270f000 	C:\Users\NTIC\Downloads\jdk-17_windows-x64_bin\jdk-17.0.10\bin\server\jvm.dll
0x00007ffdf7a80000 - 0x00007ffdf7a88000 	C:\WINDOWS\System32\PSAPI.DLL
0x00007ffdefa50000 - 0x00007ffdefa5a000 	C:\WINDOWS\SYSTEM32\WSOCK32.dll
0x00007ffdf7c50000 - 0x00007ffdf7cd0000 	C:\WINDOWS\System32\WS2_32.dll
0x00007ffded470000 - 0x00007ffded4a6000 	C:\WINDOWS\SYSTEM32\WINMM.dll
0x00007ffdf35a0000 - 0x00007ffdf35bb000 	C:\WINDOWS\SYSTEM32\kernel.appcore.dll
0x00007ffdbb9b0000 - 0x00007ffdbb9ba000 	C:\Users\NTIC\Downloads\jdk-17_windows-x64_bin\jdk-17.0.10\bin\jimage.dll
0x00007ffdf2600000 - 0x00007ffdf2842000 	C:\WINDOWS\SYSTEM32\DBGHELP.DLL
0x00007ffdf7560000 - 0x00007ffdf78e2000 	C:\WINDOWS\System32\combase.dll
0x00007ffdf6b20000 - 0x00007ffdf6bf7000 	C:\WINDOWS\System32\OLEAUT32.dll
0x00007ffdda0d0000 - 0x00007ffdda10b000 	C:\WINDOWS\SYSTEM32\dbgcore.DLL
0x00007ffdf5090000 - 0x00007ffdf5135000 	C:\WINDOWS\System32\bcryptPrimitives.dll
0x00007ffdbb9a0000 - 0x00007ffdbb9ae000 	C:\Users\NTIC\Downloads\jdk-17_windows-x64_bin\jdk-17.0.10\bin\instrument.dll
0x00007ffdb7390000 - 0x00007ffdb73b5000 	C:\Users\NTIC\Downloads\jdk-17_windows-x64_bin\jdk-17.0.10\bin\java.dll
0x00007ffdade80000 - 0x00007ffdadf57000 	C:\Users\NTIC\Downloads\jdk-17_windows-x64_bin\jdk-17.0.10\bin\jsvml.dll
0x00007ffdf63b0000 - 0x00007ffdf6b16000 	C:\WINDOWS\System32\SHELL32.dll
0x00007ffdf4ca0000 - 0x00007ffdf4e0a000 	C:\WINDOWS\System32\wintypes.dll
0x00007ffdf5430000 - 0x00007ffdf5c95000 	C:\WINDOWS\System32\windows.storage.dll
0x00007ffdf7180000 - 0x00007ffdf7277000 	C:\WINDOWS\System32\SHCORE.dll
0x00007ffdf7b20000 - 0x00007ffdf7b86000 	C:\WINDOWS\System32\shlwapi.dll
0x00007ffdf4730000 - 0x00007ffdf4759000 	C:\WINDOWS\SYSTEM32\profapi.dll
0x00007ffdbb980000 - 0x00007ffdbb998000 	C:\Users\NTIC\Downloads\jdk-17_windows-x64_bin\jdk-17.0.10\bin\zip.dll
0x00007ffdbaad0000 - 0x00007ffdbaae9000 	C:\Users\NTIC\Downloads\jdk-17_windows-x64_bin\jdk-17.0.10\bin\net.dll
0x00007ffde6d90000 - 0x00007ffde6ebd000 	C:\WINDOWS\SYSTEM32\WINHTTP.dll
0x00007ffdf3b10000 - 0x00007ffdf3b7c000 	C:\WINDOWS\system32\mswsock.dll
0x00007ffdba9d0000 - 0x00007ffdba9e6000 	C:\Users\NTIC\Downloads\jdk-17_windows-x64_bin\jdk-17.0.10\bin\nio.dll
0x00007ffdb7380000 - 0x00007ffdb7390000 	C:\Users\NTIC\Downloads\jdk-17_windows-x64_bin\jdk-17.0.10\bin\verify.dll
0x00007ffdbba60000 - 0x00007ffdbba87000 	C:\Users\NTIC\.gradle\native\c067742578af261105cb4f569cf0c3c89f3d7b1fecec35dd04571415982c5e48\windows-amd64\native-platform.dll
0x00007ffdaf8c0000 - 0x00007ffdafa04000 	C:\Users\NTIC\.gradle\native\100fb08df4bc3b14c8652ba06237920a3bd2aa13389f12d3474272988ae205f9\windows-amd64\native-platform-file-events.dll
0x00007ffdb7370000 - 0x00007ffdb737a000 	C:\Users\NTIC\Downloads\jdk-17_windows-x64_bin\jdk-17.0.10\bin\management.dll
0x00007ffdb7360000 - 0x00007ffdb736b000 	C:\Users\NTIC\Downloads\jdk-17_windows-x64_bin\jdk-17.0.10\bin\management_ext.dll
0x00007ffdf3df0000 - 0x00007ffdf3e0b000 	C:\WINDOWS\SYSTEM32\CRYPTSP.dll
0x00007ffdf3500000 - 0x00007ffdf3539000 	C:\WINDOWS\system32\rsaenh.dll
0x00007ffdf3bc0000 - 0x00007ffdf3bf3000 	C:\WINDOWS\SYSTEM32\USERENV.dll
0x00007ffdf4700000 - 0x00007ffdf472a000 	C:\WINDOWS\SYSTEM32\bcrypt.dll
0x00007ffdf3e10000 - 0x00007ffdf3e1c000 	C:\WINDOWS\SYSTEM32\CRYPTBASE.dll
0x00007ffdf2ff0000 - 0x00007ffdf3022000 	C:\WINDOWS\SYSTEM32\IPHLPAPI.DLL
0x00007ffdf7290000 - 0x00007ffdf729a000 	C:\WINDOWS\System32\NSI.dll
0x00007ffde7330000 - 0x00007ffde734d000 	C:\WINDOWS\SYSTEM32\dhcpcsvc6.DLL
0x00007ffde7300000 - 0x00007ffde7325000 	C:\WINDOWS\SYSTEM32\dhcpcsvc.DLL
0x00007ffdf3050000 - 0x00007ffdf3182000 	C:\WINDOWS\SYSTEM32\DNSAPI.dll
0x00007ffdb7350000 - 0x00007ffdb735e000 	C:\Users\NTIC\Downloads\jdk-17_windows-x64_bin\jdk-17.0.10\bin\sunmscapi.dll
0x00007ffdf51f0000 - 0x00007ffdf5367000 	C:\WINDOWS\System32\CRYPT32.dll
0x00007ffdf4010000 - 0x00007ffdf4040000 	C:\WINDOWS\SYSTEM32\ncrypt.dll
0x00007ffdf3fc0000 - 0x00007ffdf3fff000 	C:\WINDOWS\SYSTEM32\NTASN1.dll
0x00007ffdbb930000 - 0x00007ffdbb938000 	C:\WINDOWS\system32\wshunix.dll

dbghelp: loaded successfully - version: 4.0.5 - missing functions: none
symbol engine: initialized successfully - sym options: 0x614 - pdb path: .;C:\Users\NTIC\Downloads\jdk-17_windows-x64_bin\jdk-17.0.10\bin;C:\WINDOWS\SYSTEM32;C:\WINDOWS\WinSxS\amd64_microsoft.windows.common-controls_6595b64144ccf1df_6.0.26100.8115_none_3e075c82e3354f9c;C:\Users\NTIC\Downloads\jdk-17_windows-x64_bin\jdk-17.0.10\bin\server;C:\Users\NTIC\.gradle\native\c067742578af261105cb4f569cf0c3c89f3d7b1fecec35dd04571415982c5e48\windows-amd64;C:\Users\NTIC\.gradle\native\100fb08df4bc3b14c8652ba06237920a3bd2aa13389f12d3474272988ae205f9\windows-amd64

VM Arguments:
jvm_args: --add-opens=java.base/java.lang=ALL-UNNAMED --add-opens=java.base/java.lang.invoke=ALL-UNNAMED --add-opens=java.base/java.util=ALL-UNNAMED --add-opens=java.prefs/java.util.prefs=ALL-UNNAMED --add-exports=jdk.compiler/com.sun.tools.javac.api=ALL-UNNAMED --add-exports=jdk.compiler/com.sun.tools.javac.util=ALL-UNNAMED --add-opens=java.base/java.util=ALL-UNNAMED --add-opens=java.prefs/java.util.prefs=ALL-UNNAMED --add-opens=java.base/java.nio.charset=ALL-UNNAMED --add-opens=java.base/java.net=ALL-UNNAMED --add-opens=java.base/java.util.concurrent.atomic=ALL-UNNAMED --add-opens=java.xml/javax.xml.namespace=ALL-UNNAMED -XX:+HeapDumpOnOutOfMemoryError -XX:MaxMetaspaceSize=1024m -Xmx4096m -Dfile.encoding=UTF-8 -Duser.country=FR -Duser.language=fr -Duser.variant -javaagent:C:\Users\NTIC\.gradle\wrapper\dists\gradle-8.11.1-all\2qik7nd48slq1ooc2496ixf4i\gradle-8.11.1\lib\agents\gradle-instrumentation-agent-8.11.1.jar 
java_command: org.gradle.launcher.daemon.bootstrap.GradleDaemon 8.11.1
java_class_path (initial): C:\Users\NTIC\.gradle\wrapper\dists\gradle-8.11.1-all\2qik7nd48slq1ooc2496ixf4i\gradle-8.11.1\lib\gradle-daemon-main-8.11.1.jar
Launcher Type: SUN_STANDARD

[Global flags]
     intx CICompilerCount                          = 3                                         {product} {ergonomic}
   size_t CompressedClassSpaceSize                 = 872415232                                 {product} {ergonomic}
     uint ConcGCThreads                            = 1                                         {product} {ergonomic}
     uint G1ConcRefinementThreads                  = 4                                         {product} {ergonomic}
   size_t G1HeapRegionSize                         = 2097152                                   {product} {ergonomic}
    uintx GCDrainStackTargetSize                   = 64                                        {product} {ergonomic}
     bool HeapDumpOnOutOfMemoryError               = true                                   {manageable} {command line}
   size_t InitialHeapSize                          = 60817408                                  {product} {ergonomic}
   size_t MarkStackSize                            = 4194304                                   {product} {ergonomic}
   size_t MaxHeapSize                              = 4294967296                                {product} {command line}
   size_t MaxMetaspaceSize                         = 1073741824                                {product} {command line}
   size_t MaxNewSize                               = 2575302656                                {product} {ergonomic}
   size_t MinHeapDeltaBytes                        = 2097152                                   {product} {ergonomic}
   size_t MinHeapSize                              = 8388608                                   {product} {ergonomic}
    uintx NonNMethodCodeHeapSize                   = 5832780                                {pd product} {ergonomic}
    uintx NonProfiledCodeHeapSize                  = 122912730                              {pd product} {ergonomic}
    uintx ProfiledCodeHeapSize                     = 122912730                              {pd product} {ergonomic}
    uintx ReservedCodeCacheSize                    = 251658240                              {pd product} {ergonomic}
     bool SegmentedCodeCache                       = true                                      {product} {ergonomic}
   size_t SoftMaxHeapSize                          = 4294967296                             {manageable} {ergonomic}
     bool UseCompressedClassPointers               = true                           {product lp64_product} {ergonomic}
     bool UseCompressedOops                        = true                           {product lp64_product} {ergonomic}
     bool UseG1GC                                  = true                                      {product} {ergonomic}
     bool UseLargePagesIndividualAllocation        = false                                  {pd product} {ergonomic}

Logging:
Log output configuration:
 #0: stdout all=warning uptime,level,tags
 #1: stderr all=off uptime,level,tags

Environment Variables:
JAVA_HOME=C:\Users\NTIC\Downloads\jdk-17_windows-x64_bin\jdk-17.0.10
PATH=C:\Users\NTIC\AppData\Local\Programs\Microsoft VS Code;C:\Program Files\Common Files\Oracle\Java\javapath;C:\oraclexe\app\oracle\product\10.2.0\server\bin;C:\WINDOWS\system32;C:\WINDOWS;C:\WINDOWS\System32\Wbem;C:\WINDOWS\System32\WindowsPowerShell\v1.0\;C:\WINDOWS\System32\OpenSSH\;C:\Program Files\Git\cmd;C:\Program Files\nodejs\;C:\Program Files\MySQL\MySQL Server 8.0\bin;C:\xampp\php;C:\ProgramData\ComposerSetup\bin;C:\Users\NTIC\Downloads\flutter_windows_3.16.9-stable\flutter\bin;C:\Program Files\Java\jdk-20\bin;C:\Users\NTIC\Downloads\gradle-8.7-all\gradle-8.7\bin;C:\Users\NTIC\AppData\Local\Pub\Cache\bin;C:\wamp64\bin\php\php8.3.0;C:\Program Files\MongoDB\mongosh-2.5.0-win32-x64\bin;C:\Program Files\dotnet\;C:\Program Files\apache-maven-3.9.12\bin;;C:\Program Files\Docker\Docker\resources\bin;C:\Users\NTIC\Downloads\jdk-17_windows-x64_bin\jdk-17.0.10\bin;C:\Program Files\Common Files\Oracle\Java\javapath;C:\oraclexe\app\oracle\product\10.2.0\server\bin;C:\WINDOWS\system32;C:\WINDOWS;C:\WINDOWS\System32\Wbem;C:\WINDOWS\System32\WindowsPowerShell\v1.0\;C:\WINDOWS\System32\OpenSSH\;C:\Program Files\Git\cmd;C:\Program Files\nodejs\;C:\Program Files\MySQL\MySQL Server 8.0\bin;C:\xampp\php;C:\ProgramData\ComposerSetup\bin;C:\Users\NTIC\Downloads\flutter_windows_3.16.9-stable\flutter\bin;C:\Program Files\Java\jdk-20\bin;C:\Users\NTIC\Downloads\gradle-8.7-all\gradle-8.7\bin;C:\Users\NTIC\AppData\Local\Pub\Cache\bin;C:\wamp64\bin\php\php8.3.0;C:\Program Files\MongoDB\mongosh-2.5.0-win32-x64\bin;C:\Program Files\dotnet\;C:\Program Files\apache-maven-3.9.12\bin;;C:\Program Files\Docker\Docker\resources\bin;C:\Users\NTIC\AppData\Local\Programs\Microsoft VS Code\bin;C:\Users\NTIC\AppData\Local\Programs\Windsurf\bin;C:\Users\NTIC\AppData\Local\GitHubDesktop\bin
USERNAME=NTIC
OS=Windows_NT
PROCESSOR_IDENTIFIER=Intel64 Family 6 Model 140 Stepping 1, GenuineIntel



---------------  S Y S T E M  ---------------

OS:
 Windows 11 , 64 bit Build 26100 (10.0.26100.8115)
OS uptime: 0 days 0:19 hours
Hyper-V role detected

CPU: total 4 (initial active 4) (2 cores per cpu, 2 threads per core) family 6 model 140 stepping 1 microcode 0xbc, cx8, cmov, fxsr, ht, mmx, 3dnowpref, sse, sse2, sse3, ssse3, sse4.1, sse4.2, popcnt, lzcnt, tsc, tscinvbit, avx, avx2, aes, erms, clmul, bmi1, bmi2, adx, avx512f, avx512dq, avx512cd, avx512bw, avx512vl, sha, fma, vzeroupper, avx512_vpopcntdq, avx512_vpclmulqdq, avx512_vaes, avx512_vnni, clflush, clflushopt, clwb, avx512_vbmi2, avx512_vbmi, hv

Memory: 4k page, system-wide physical 3662M (96M free)
TotalPageFile size 14926M (AvailPageFile size 2M)
current process WorkingSet (physical memory assigned to process): 128M, peak: 133M
current process commit charge ("private bytes"): 204M, peak: 209M

vm_info: Java HotSpot(TM) 64-Bit Server VM (17.0.10+11-LTS-240) for windows-amd64 JRE (17.0.10+11-LTS-240), built on Dec 19 2023 21:47:25 by "mach5one" with MS VC++ 17.1 (VS2022)

END.
