#
# There is insufficient memory for the Java Runtime Environment to continue.
# Native memory allocation (malloc) failed to allocate 2360336 bytes for Chunk::new
# Possible reasons:
#   The system is out of physical RAM or swap space
#   The process is running with CompressedOops enabled, and the Java Heap may be blocking the growth of the native heap
# Possible solutions:
#   Reduce memory load on the system
#   Increase physical memory or swap space
#   Check if swap backing store is full
#   Decrease Java heap size (-Xmx/-Xms)
#   Decrease number of Java threads
#   Decrease Java thread stack sizes (-Xss)
#   Set larger code cache with -XX:ReservedCodeCacheSize=
#   JVM is running with Unscaled Compressed Oops mode in which the Java heap is
#     placed in the first 4GB address space. The Java Heap base address is the
#     maximum limit for the native heap growth. Please use -XX:HeapBaseMinAddress
#     to set the Java Heap base and to place the Java Heap above 4GB virtual address.
# This output file may be truncated or incomplete.
#
#  Out of Memory Error (arena.cpp:189), pid=16740, tid=4652
#
# JRE version: Java(TM) SE Runtime Environment (17.0.10+11) (build 17.0.10+11-LTS-240)
# Java VM: Java HotSpot(TM) 64-Bit Server VM (17.0.10+11-LTS-240, mixed mode, sharing, tiered, compressed oops, compressed class ptrs, g1 gc, windows-amd64)
# No core dump will be written. Minidumps are not enabled by default on client versions of Windows
#

---------------  S U M M A R Y ------------

Command Line: -XX:+HeapDumpOnOutOfMemoryError -XX:MaxMetaspaceSize=256m --add-opens=java.base/java.util=ALL-UNNAMED --add-opens=java.base/java.lang=ALL-UNNAMED --add-opens=java.base/java.lang.invoke=ALL-UNNAMED --add-opens=java.prefs/java.util.prefs=ALL-UNNAMED --add-opens=java.base/java.nio.charset=ALL-UNNAMED --add-opens=java.base/java.net=ALL-UNNAMED --add-opens=java.base/java.util.concurrent.atomic=ALL-UNNAMED -Xmx1024m -Dfile.encoding=utf8 -Duser.country=FR -Duser.language=fr -Duser.variant -javaagent:C:\Users\NTIC\.gradle\wrapper\dists\gradle-8.7-all\aan3ydargesu18aqyqjwhr3pc\gradle-8.7\lib\agents\gradle-instrumentation-agent-8.7.jar org.gradle.launcher.daemon.bootstrap.GradleDaemon 8.7

Host: 11th Gen Intel(R) Core(TM) i3-1115G4 @ 3.00GHz, 4 cores, 3G,  Windows 11 , 64 bit Build 26100 (10.0.26100.8115)
Time: Sun Mar 29 17:57:55 2026 W. Central Africa Standard Time elapsed time: 108.616145 seconds (0d 0h 1m 48s)

---------------  T H R E A D  ---------------

Current thread (0x000001e53412ec40):  JavaThread "C2 CompilerThread0" daemon [_thread_in_native, id=4652, stack(0x0000007b54400000,0x0000007b54500000)]


Current CompileTask:
C2: 108616 7217       4       org.objectweb.asm.ClassReader::readCode (5117 bytes)

Stack: [0x0000007b54400000,0x0000007b54500000]
Native frames: (J=compiled Java code, j=interpreted, Vv=VM code, C=native code)
V  [jvm.dll+0x677a5a]
V  [jvm.dll+0x7d8b2d]
V  [jvm.dll+0x7da48e]
V  [jvm.dll+0x7daaf3]
V  [jvm.dll+0x2455ff]
V  [jvm.dll+0xaaafb]
V  [jvm.dll+0xab09c]
V  [jvm.dll+0x361b5f]
V  [jvm.dll+0x32c211]
V  [jvm.dll+0x32b6aa]
V  [jvm.dll+0x21794f]
V  [jvm.dll+0x216d81]
V  [jvm.dll+0x1a3410]
V  [jvm.dll+0x226aeb]
V  [jvm.dll+0x224cab]
V  [jvm.dll+0x78e45c]
V  [jvm.dll+0x78888a]
V  [jvm.dll+0x676935]
C  [ucrtbase.dll+0x37b0]
C  [KERNEL32.DLL+0x2e8d7]
C  [ntdll.dll+0x8c3fc]


---------------  P R O C E S S  ---------------

Threads class SMR info:
_java_thread_list=0x000001e539c16a90, length=37, elements={
0x000001e50ad28550, 0x000001e50ade2070, 0x000001e50ade2b40, 0x000001e534129400,
0x000001e53412bce0, 0x000001e53412cbc0, 0x000001e53412dc30, 0x000001e53412ec40,
0x000001e5341366c0, 0x000001e534143020, 0x000001e534238080, 0x000001e5342c08e0,
0x000001e53a8ebfb0, 0x000001e539257690, 0x000001e53b145da0, 0x000001e539da68b0,
0x000001e534c1bd20, 0x000001e534a09dd0, 0x000001e534a07550, 0x000001e534a0a2e0,
0x000001e534a098c0, 0x000001e534a07a60, 0x000001e534a08990, 0x000001e534a08ea0,
0x000001e534a07f70, 0x000001e534a093b0, 0x000001e534a07040, 0x000001e534a08480,
0x000001e53b34ee10, 0x000001e53b350c70, 0x000001e53b34e900, 0x000001e53b351180,
0x000001e53b350250, 0x000001e53b34dee0, 0x000001e53b350760, 0x000001e53b34f830,
0x000001e53b351690
}

Java Threads: ( => current thread )
  0x000001e50ad28550 JavaThread "main" [_thread_blocked, id=15460, stack(0x0000007b53700000,0x0000007b53800000)]
  0x000001e50ade2070 JavaThread "Reference Handler" daemon [_thread_blocked, id=2404, stack(0x0000007b53e00000,0x0000007b53f00000)]
  0x000001e50ade2b40 JavaThread "Finalizer" daemon [_thread_blocked, id=15700, stack(0x0000007b53f00000,0x0000007b54000000)]
  0x000001e534129400 JavaThread "Signal Dispatcher" daemon [_thread_blocked, id=4488, stack(0x0000007b54000000,0x0000007b54100000)]
  0x000001e53412bce0 JavaThread "Attach Listener" daemon [_thread_blocked, id=16112, stack(0x0000007b54100000,0x0000007b54200000)]
  0x000001e53412cbc0 JavaThread "Service Thread" daemon [_thread_blocked, id=10684, stack(0x0000007b54200000,0x0000007b54300000)]
  0x000001e53412dc30 JavaThread "Monitor Deflation Thread" daemon [_thread_blocked, id=17800, stack(0x0000007b54300000,0x0000007b54400000)]
=>0x000001e53412ec40 JavaThread "C2 CompilerThread0" daemon [_thread_in_native, id=4652, stack(0x0000007b54400000,0x0000007b54500000)]
  0x000001e5341366c0 JavaThread "C1 CompilerThread0" daemon [_thread_blocked, id=1256, stack(0x0000007b54500000,0x0000007b54600000)]
  0x000001e534143020 JavaThread "Sweeper thread" daemon [_thread_blocked, id=2528, stack(0x0000007b54600000,0x0000007b54700000)]
  0x000001e534238080 JavaThread "Common-Cleaner" daemon [_thread_blocked, id=8164, stack(0x0000007b54700000,0x0000007b54800000)]
  0x000001e5342c08e0 JavaThread "Notification Thread" daemon [_thread_blocked, id=13716, stack(0x0000007b54800000,0x0000007b54900000)]
  0x000001e53a8ebfb0 JavaThread "Daemon health stats" [_thread_blocked, id=12524, stack(0x0000007b54e00000,0x0000007b54f00000)]
  0x000001e539257690 JavaThread "Incoming local TCP Connector on port 56319" [_thread_in_native, id=7476, stack(0x0000007b54f00000,0x0000007b55000000)]
  0x000001e53b145da0 JavaThread "Daemon periodic checks" [_thread_blocked, id=17340, stack(0x0000007b55000000,0x0000007b55100000)]
  0x000001e539da68b0 JavaThread "Daemon" [_thread_blocked, id=17084, stack(0x0000007b54d00000,0x0000007b54e00000)]
  0x000001e534c1bd20 JavaThread "Handler for socket connection from /127.0.0.1:56319 to /127.0.0.1:56320" [_thread_in_native, id=14548, stack(0x0000007b55100000,0x0000007b55200000)]
  0x000001e534a09dd0 JavaThread "Cancel handler" [_thread_blocked, id=15060, stack(0x0000007b55200000,0x0000007b55300000)]
  0x000001e534a07550 JavaThread "Daemon worker" [_thread_in_Java, id=13384, stack(0x0000007b55300000,0x0000007b55400000)]
  0x000001e534a0a2e0 JavaThread "Asynchronous log dispatcher for DefaultDaemonConnection: socket connection from /127.0.0.1:56319 to /127.0.0.1:56320" [_thread_blocked, id=17804, stack(0x0000007b55400000,0x0000007b55500000)]
  0x000001e534a098c0 JavaThread "Stdin handler" [_thread_blocked, id=4816, stack(0x0000007b55500000,0x0000007b55600000)]
  0x000001e534a07a60 JavaThread "Daemon client event forwarder" [_thread_blocked, id=11184, stack(0x0000007b55600000,0x0000007b55700000)]
  0x000001e534a08990 JavaThread "Cache worker for journal cache (C:\Users\NTIC\.gradle\caches\journal-1)" [_thread_blocked, id=17784, stack(0x0000007b55700000,0x0000007b55800000)]
  0x000001e534a08ea0 JavaThread "File lock request listener" [_thread_in_native, id=4640, stack(0x0000007b55800000,0x0000007b55900000)]
  0x000001e534a07f70 JavaThread "Cache worker for file hash cache (C:\Users\NTIC\.gradle\caches\8.7\fileHashes)" [_thread_blocked, id=12608, stack(0x0000007b55900000,0x0000007b55a00000)]
  0x000001e534a093b0 JavaThread "Cache worker for file hash cache (C:\Users\NTIC\Documents\GitHub\parking\parking_front\android\.gradle\8.7\fileHashes)" [_thread_blocked, id=12620, stack(0x0000007b55a00000,0x0000007b55b00000)]
  0x000001e534a07040 JavaThread "File lock release action executor" [_thread_blocked, id=9116, stack(0x0000007b55b00000,0x0000007b55c00000)]
  0x000001e534a08480 JavaThread "File watcher server" daemon [_thread_in_native, id=14196, stack(0x0000007b55c00000,0x0000007b55d00000)]
  0x000001e53b34ee10 JavaThread "File watcher consumer" daemon [_thread_blocked, id=13620, stack(0x0000007b55d00000,0x0000007b55e00000)]
  0x000001e53b350c70 JavaThread "jar transforms" [_thread_blocked, id=18020, stack(0x0000007b55e00000,0x0000007b55f00000)]
  0x000001e53b34e900 JavaThread "jar transforms Thread 2" [_thread_blocked, id=13240, stack(0x0000007b55f00000,0x0000007b56000000)]
  0x000001e53b351180 JavaThread "jar transforms Thread 3" [_thread_blocked, id=15176, stack(0x0000007b56000000,0x0000007b56100000)]
  0x000001e53b350250 JavaThread "Cache worker for checksums cache (C:\Users\NTIC\Documents\GitHub\parking\parking_front\android\.gradle\8.7\checksums)" [_thread_blocked, id=12132, stack(0x0000007b56100000,0x0000007b56200000)]
  0x000001e53b34dee0 JavaThread "Cache worker for cache directory md-supplier (C:\Users\NTIC\.gradle\caches\8.7\md-supplier)" [_thread_blocked, id=18296, stack(0x0000007b56200000,0x0000007b56300000)]
  0x000001e53b350760 JavaThread "Cache worker for cache directory md-rule (C:\Users\NTIC\.gradle\caches\8.7\md-rule)" [_thread_blocked, id=4168, stack(0x0000007b56300000,0x0000007b56400000)]
  0x000001e53b34f830 JavaThread "Cache worker for file content cache (C:\Users\NTIC\.gradle\caches\8.7\fileContent)" [_thread_blocked, id=6460, stack(0x0000007b56400000,0x0000007b56500000)]
  0x000001e53b351690 JavaThread "jar transforms Thread 4" [_thread_blocked, id=8144, stack(0x0000007b56500000,0x0000007b56600000)]

Other Threads:
  0x000001e50add6270 VMThread "VM Thread" [stack: 0x0000007b53d00000,0x0000007b53e00000] [id=13556]
  0x000001e50ad78640 WatcherThread [stack: 0x0000007b54900000,0x0000007b54a00000] [id=12032]
  0x000001e50ad65700 GCTaskThread "GC Thread#0" [stack: 0x0000007b53800000,0x0000007b53900000] [id=14808]
  0x000001e5345f5fb0 GCTaskThread "GC Thread#1" [stack: 0x0000007b54a00000,0x0000007b54b00000] [id=18196]
  0x000001e5346398c0 GCTaskThread "GC Thread#2" [stack: 0x0000007b54b00000,0x0000007b54c00000] [id=6304]
  0x000001e5342dccf0 GCTaskThread "GC Thread#3" [stack: 0x0000007b54c00000,0x0000007b54d00000] [id=14716]
  0x000001e50ad6f230 ConcurrentGCThread "G1 Main Marker" [stack: 0x0000007b53900000,0x0000007b53a00000] [id=2448]
  0x000001e50ad6fb50 ConcurrentGCThread "G1 Conc#0" [stack: 0x0000007b53a00000,0x0000007b53b00000] [id=2436]
  0x000001e50adb09a0 ConcurrentGCThread "G1 Refine#0" [stack: 0x0000007b53b00000,0x0000007b53c00000] [id=7516]
  0x000001e50adb2190 ConcurrentGCThread "G1 Service" [stack: 0x0000007b53c00000,0x0000007b53d00000] [id=12908]

Threads with active compile tasks:
C2 CompilerThread0   108674 7217       4       org.objectweb.asm.ClassReader::readCode (5117 bytes)
C1 CompilerThread0   108674 7250       3       java.util.Comparator$$Lambda$201/0x000001e5271761c0::compare (10 bytes)

VM state: not at safepoint (normal execution)

VM Mutex/Monitor currently owned by a thread:  ([mutex/lock_event])
[0x000001e50ad23440] CodeCache_lock - owner thread: 0x0000000000000000

Heap address: 0x00000000c0000000, size: 1024 MB, Compressed Oops mode: 32-bit

CDS archive(s) mapped at: [0x000001e526000000-0x000001e526bd0000-0x000001e526bd0000), size 12386304, SharedBaseAddress: 0x000001e526000000, ArchiveRelocationMode: 1.
Compressed class space mapped at: 0x000001e527000000-0x000001e534000000, reserved size: 218103808
Narrow klass base: 0x000001e526000000, Narrow klass shift: 0, Narrow klass range: 0x100000000

GC Precious Log:
 CPUs: 4 total, 4 available
 Memory: 3662M
 Large Page Support: Disabled
 NUMA Support: Disabled
 Compressed Oops: Enabled (32-bit)
 Heap Region Size: 1M
 Heap Min Capacity: 8M
 Heap Initial Capacity: 58M
 Heap Max Capacity: 1G
 Pre-touch: Disabled
 Parallel Workers: 4
 Concurrent Workers: 1
 Concurrent Refinement Workers: 4
 Periodic GC: Disabled

Heap:
 garbage-first heap   total 180224K, used 106316K [0x00000000c0000000, 0x0000000100000000)
  region size 1024K, 56 young (57344K), 6 survivors (6144K)
 Metaspace       used 49125K, committed 49728K, reserved 278528K
  class space    used 6756K, committed 7040K, reserved 212992K

Heap Regions: E=young(eden), S=young(survivor), O=old, HS=humongous(starts), HC=humongous(continues), CS=collection set, F=free, OA=open archive, CA=closed archive, TAMS=top-at-mark-start (previous, next)
|   0|0x00000000c0000000, 0x00000000c0100000, 0x00000000c0100000|100%| O|  |TAMS 0x00000000c0100000, 0x00000000c0000000| Untracked 
|   1|0x00000000c0100000, 0x00000000c0200000, 0x00000000c0200000|100%|HS|  |TAMS 0x00000000c0200000, 0x00000000c0100000| Complete 
|   2|0x00000000c0200000, 0x00000000c0300000, 0x00000000c0300000|100%|HC|  |TAMS 0x00000000c0300000, 0x00000000c0200000| Complete 
|   3|0x00000000c0300000, 0x00000000c0400000, 0x00000000c0400000|100%|HC|  |TAMS 0x00000000c0400000, 0x00000000c0300000| Complete 
|   4|0x00000000c0400000, 0x00000000c0500000, 0x00000000c0500000|100%|HC|  |TAMS 0x00000000c0500000, 0x00000000c0400000| Complete 
|   5|0x00000000c0500000, 0x00000000c0600000, 0x00000000c0600000|100%| O|  |TAMS 0x00000000c0600000, 0x00000000c0500000| Untracked 
|   6|0x00000000c0600000, 0x00000000c0700000, 0x00000000c0700000|100%| O|  |TAMS 0x00000000c0700000, 0x00000000c0600000| Untracked 
|   7|0x00000000c0700000, 0x00000000c0800000, 0x00000000c0800000|100%| O|  |TAMS 0x00000000c0800000, 0x00000000c0700000| Untracked 
|   8|0x00000000c0800000, 0x00000000c0900000, 0x00000000c0900000|100%|HS|  |TAMS 0x00000000c0800000, 0x00000000c0800000| Complete 
|   9|0x00000000c0900000, 0x00000000c0a00000, 0x00000000c0a00000|100%| O|  |TAMS 0x00000000c0a00000, 0x00000000c0900000| Untracked 
|  10|0x00000000c0a00000, 0x00000000c0b00000, 0x00000000c0b00000|100%| O|  |TAMS 0x00000000c0b00000, 0x00000000c0a00000| Untracked 
|  11|0x00000000c0b00000, 0x00000000c0c00000, 0x00000000c0c00000|100%| O|  |TAMS 0x00000000c0b00000, 0x00000000c0b00000| Untracked 
|  12|0x00000000c0c00000, 0x00000000c0d00000, 0x00000000c0d00000|100%| O|  |TAMS 0x00000000c0d00000, 0x00000000c0c00000| Untracked 
|  13|0x00000000c0d00000, 0x00000000c0e00000, 0x00000000c0e00000|100%| O|  |TAMS 0x00000000c0e00000, 0x00000000c0d00000| Untracked 
|  14|0x00000000c0e00000, 0x00000000c0f00000, 0x00000000c0f00000|100%| O|  |TAMS 0x00000000c0f00000, 0x00000000c0e00000| Untracked 
|  15|0x00000000c0f00000, 0x00000000c1000000, 0x00000000c1000000|100%| O|  |TAMS 0x00000000c1000000, 0x00000000c0f00000| Untracked 
|  16|0x00000000c1000000, 0x00000000c1100000, 0x00000000c1100000|100%| O|  |TAMS 0x00000000c1100000, 0x00000000c1000000| Untracked 
|  17|0x00000000c1100000, 0x00000000c1200000, 0x00000000c1200000|100%| O|  |TAMS 0x00000000c1200000, 0x00000000c1100000| Untracked 
|  18|0x00000000c1200000, 0x00000000c1300000, 0x00000000c1300000|100%| O|  |TAMS 0x00000000c1300000, 0x00000000c1200000| Untracked 
|  19|0x00000000c1300000, 0x00000000c1400000, 0x00000000c1400000|100%| O|  |TAMS 0x00000000c1400000, 0x00000000c1300000| Untracked 
|  20|0x00000000c1400000, 0x00000000c1500000, 0x00000000c1500000|100%| O|  |TAMS 0x00000000c1500000, 0x00000000c1400000| Untracked 
|  21|0x00000000c1500000, 0x00000000c1600000, 0x00000000c1600000|100%| O|  |TAMS 0x00000000c1600000, 0x00000000c1500000| Untracked 
|  22|0x00000000c1600000, 0x00000000c1700000, 0x00000000c1700000|100%| O|  |TAMS 0x00000000c1700000, 0x00000000c1600000| Untracked 
|  23|0x00000000c1700000, 0x00000000c1800000, 0x00000000c1800000|100%| O|  |TAMS 0x00000000c1800000, 0x00000000c1700000| Untracked 
|  24|0x00000000c1800000, 0x00000000c1900000, 0x00000000c1900000|100%| O|  |TAMS 0x00000000c1900000, 0x00000000c1800000| Untracked 
|  25|0x00000000c1900000, 0x00000000c1a00000, 0x00000000c1a00000|100%| O|  |TAMS 0x00000000c1a00000, 0x00000000c1900000| Untracked 
|  26|0x00000000c1a00000, 0x00000000c1b00000, 0x00000000c1b00000|100%| O|  |TAMS 0x00000000c1b00000, 0x00000000c1a00000| Untracked 
|  27|0x00000000c1b00000, 0x00000000c1c00000, 0x00000000c1c00000|100%| O|  |TAMS 0x00000000c1c00000, 0x00000000c1b00000| Untracked 
|  28|0x00000000c1c00000, 0x00000000c1d00000, 0x00000000c1d00000|100%| O|  |TAMS 0x00000000c1d00000, 0x00000000c1c00000| Untracked 
|  29|0x00000000c1d00000, 0x00000000c1e00000, 0x00000000c1e00000|100%| O|  |TAMS 0x00000000c1e00000, 0x00000000c1d00000| Untracked 
|  30|0x00000000c1e00000, 0x00000000c1f00000, 0x00000000c1f00000|100%| O|  |TAMS 0x00000000c1f00000, 0x00000000c1e00000| Untracked 
|  31|0x00000000c1f00000, 0x00000000c2000000, 0x00000000c2000000|100%| O|  |TAMS 0x00000000c2000000, 0x00000000c1f00000| Untracked 
|  32|0x00000000c2000000, 0x00000000c2100000, 0x00000000c2100000|100%| O|  |TAMS 0x00000000c2100000, 0x00000000c2000000| Untracked 
|  33|0x00000000c2100000, 0x00000000c2200000, 0x00000000c2200000|100%| O|  |TAMS 0x00000000c2200000, 0x00000000c2100000| Untracked 
|  34|0x00000000c2200000, 0x00000000c2300000, 0x00000000c2300000|100%| O|  |TAMS 0x00000000c2300000, 0x00000000c2200000| Untracked 
|  35|0x00000000c2300000, 0x00000000c2400000, 0x00000000c2400000|100%| O|  |TAMS 0x00000000c2400000, 0x00000000c2300000| Untracked 
|  36|0x00000000c2400000, 0x00000000c2500000, 0x00000000c2500000|100%| O|  |TAMS 0x00000000c2500000, 0x00000000c2400000| Untracked 
|  37|0x00000000c2500000, 0x00000000c2600000, 0x00000000c2600000|100%| O|  |TAMS 0x00000000c2600000, 0x00000000c2500000| Untracked 
|  38|0x00000000c2600000, 0x00000000c2700000, 0x00000000c2700000|100%| O|  |TAMS 0x00000000c2700000, 0x00000000c2600000| Untracked 
|  39|0x00000000c2700000, 0x00000000c2800000, 0x00000000c2800000|100%| O|  |TAMS 0x00000000c2800000, 0x00000000c2700000| Untracked 
|  40|0x00000000c2800000, 0x00000000c2900000, 0x00000000c2900000|100%| O|  |TAMS 0x00000000c2900000, 0x00000000c2800000| Untracked 
|  41|0x00000000c2900000, 0x00000000c2a00000, 0x00000000c2a00000|100%| O|  |TAMS 0x00000000c2a00000, 0x00000000c2900000| Untracked 
|  42|0x00000000c2a00000, 0x00000000c2b00000, 0x00000000c2b00000|100%| O|  |TAMS 0x00000000c2b00000, 0x00000000c2a00000| Untracked 
|  43|0x00000000c2b00000, 0x00000000c2c00000, 0x00000000c2c00000|100%| O|  |TAMS 0x00000000c2c00000, 0x00000000c2b00000| Untracked 
|  44|0x00000000c2c00000, 0x00000000c2d00000, 0x00000000c2d00000|100%| O|  |TAMS 0x00000000c2d00000, 0x00000000c2c00000| Untracked 
|  45|0x00000000c2d00000, 0x00000000c2e00000, 0x00000000c2e00000|100%| O|  |TAMS 0x00000000c2ddb200, 0x00000000c2d00000| Untracked 
|  46|0x00000000c2e00000, 0x00000000c2f00000, 0x00000000c2f00000|100%| O|  |TAMS 0x00000000c2e00000, 0x00000000c2e00000| Untracked 
|  47|0x00000000c2f00000, 0x00000000c3000000, 0x00000000c3000000|100%| O|  |TAMS 0x00000000c2f00000, 0x00000000c2f00000| Untracked 
|  48|0x00000000c3000000, 0x00000000c3100000, 0x00000000c3100000|100%| O|  |TAMS 0x00000000c3000000, 0x00000000c3000000| Untracked 
|  49|0x00000000c3100000, 0x00000000c31f5200, 0x00000000c3200000| 95%| O|  |TAMS 0x00000000c3100000, 0x00000000c3100000| Untracked 
|  50|0x00000000c3200000, 0x00000000c3200000, 0x00000000c3300000|  0%| F|  |TAMS 0x00000000c3200000, 0x00000000c3200000| Untracked 
|  51|0x00000000c3300000, 0x00000000c3300000, 0x00000000c3400000|  0%| F|  |TAMS 0x00000000c3300000, 0x00000000c3300000| Untracked 
|  52|0x00000000c3400000, 0x00000000c3400000, 0x00000000c3500000|  0%| F|  |TAMS 0x00000000c3400000, 0x00000000c3400000| Untracked 
|  53|0x00000000c3500000, 0x00000000c3500000, 0x00000000c3600000|  0%| F|  |TAMS 0x00000000c3500000, 0x00000000c3500000| Untracked 
|  54|0x00000000c3600000, 0x00000000c3600000, 0x00000000c3700000|  0%| F|  |TAMS 0x00000000c3600000, 0x00000000c3600000| Untracked 
|  55|0x00000000c3700000, 0x00000000c3700000, 0x00000000c3800000|  0%| F|  |TAMS 0x00000000c3700000, 0x00000000c3700000| Untracked 
|  56|0x00000000c3800000, 0x00000000c3800000, 0x00000000c3900000|  0%| F|  |TAMS 0x00000000c3800000, 0x00000000c3800000| Untracked 
|  57|0x00000000c3900000, 0x00000000c3900000, 0x00000000c3a00000|  0%| F|  |TAMS 0x00000000c3900000, 0x00000000c3900000| Untracked 
|  58|0x00000000c3a00000, 0x00000000c3a00000, 0x00000000c3b00000|  0%| F|  |TAMS 0x00000000c3a00000, 0x00000000c3a00000| Untracked 
|  59|0x00000000c3b00000, 0x00000000c3b00000, 0x00000000c3c00000|  0%| F|  |TAMS 0x00000000c3b00000, 0x00000000c3b00000| Untracked 
|  60|0x00000000c3c00000, 0x00000000c3c00000, 0x00000000c3d00000|  0%| F|  |TAMS 0x00000000c3c00000, 0x00000000c3c00000| Untracked 
|  61|0x00000000c3d00000, 0x00000000c3d00000, 0x00000000c3e00000|  0%| F|  |TAMS 0x00000000c3d00000, 0x00000000c3d00000| Untracked 
|  62|0x00000000c3e00000, 0x00000000c3e00000, 0x00000000c3f00000|  0%| F|  |TAMS 0x00000000c3e00000, 0x00000000c3e00000| Untracked 
|  63|0x00000000c3f00000, 0x00000000c3f00000, 0x00000000c4000000|  0%| F|  |TAMS 0x00000000c3f00000, 0x00000000c3f00000| Untracked 
|  64|0x00000000c4000000, 0x00000000c4000000, 0x00000000c4100000|  0%| F|  |TAMS 0x00000000c4000000, 0x00000000c4000000| Untracked 
|  65|0x00000000c4100000, 0x00000000c4100000, 0x00000000c4200000|  0%| F|  |TAMS 0x00000000c4100000, 0x00000000c4100000| Untracked 
|  66|0x00000000c4200000, 0x00000000c4200000, 0x00000000c4300000|  0%| F|  |TAMS 0x00000000c4200000, 0x00000000c4200000| Untracked 
|  67|0x00000000c4300000, 0x00000000c4300000, 0x00000000c4400000|  0%| F|  |TAMS 0x00000000c4300000, 0x00000000c4300000| Untracked 
|  68|0x00000000c4400000, 0x00000000c4400000, 0x00000000c4500000|  0%| F|  |TAMS 0x00000000c4400000, 0x00000000c4400000| Untracked 
|  69|0x00000000c4500000, 0x00000000c4500000, 0x00000000c4600000|  0%| F|  |TAMS 0x00000000c4500000, 0x00000000c4500000| Untracked 
|  70|0x00000000c4600000, 0x00000000c4600000, 0x00000000c4700000|  0%| F|  |TAMS 0x00000000c4600000, 0x00000000c4600000| Untracked 
|  71|0x00000000c4700000, 0x00000000c4700000, 0x00000000c4800000|  0%| F|  |TAMS 0x00000000c4700000, 0x00000000c4700000| Untracked 
|  72|0x00000000c4800000, 0x00000000c4800000, 0x00000000c4900000|  0%| F|  |TAMS 0x00000000c4800000, 0x00000000c4800000| Untracked 
|  73|0x00000000c4900000, 0x00000000c4900000, 0x00000000c4a00000|  0%| F|  |TAMS 0x00000000c4900000, 0x00000000c4900000| Untracked 
|  74|0x00000000c4a00000, 0x00000000c4a00000, 0x00000000c4b00000|  0%| F|  |TAMS 0x00000000c4a00000, 0x00000000c4a00000| Untracked 
|  75|0x00000000c4b00000, 0x00000000c4bddeb0, 0x00000000c4c00000| 86%| S|CS|TAMS 0x00000000c4b00000, 0x00000000c4b00000| Complete 
|  76|0x00000000c4c00000, 0x00000000c4d00000, 0x00000000c4d00000|100%| S|CS|TAMS 0x00000000c4c00000, 0x00000000c4c00000| Complete 
|  77|0x00000000c4d00000, 0x00000000c4e00000, 0x00000000c4e00000|100%| S|CS|TAMS 0x00000000c4d00000, 0x00000000c4d00000| Complete 
|  78|0x00000000c4e00000, 0x00000000c4f00000, 0x00000000c4f00000|100%| S|CS|TAMS 0x00000000c4e00000, 0x00000000c4e00000| Complete 
|  79|0x00000000c4f00000, 0x00000000c5000000, 0x00000000c5000000|100%| S|CS|TAMS 0x00000000c4f00000, 0x00000000c4f00000| Complete 
|  80|0x00000000c5000000, 0x00000000c5100000, 0x00000000c5100000|100%| S|CS|TAMS 0x00000000c5000000, 0x00000000c5000000| Complete 
|  81|0x00000000c5100000, 0x00000000c5100000, 0x00000000c5200000|  0%| F|  |TAMS 0x00000000c5100000, 0x00000000c5100000| Untracked 
|  82|0x00000000c5200000, 0x00000000c5200000, 0x00000000c5300000|  0%| F|  |TAMS 0x00000000c5200000, 0x00000000c5200000| Untracked 
|  83|0x00000000c5300000, 0x00000000c5300000, 0x00000000c5400000|  0%| F|  |TAMS 0x00000000c5300000, 0x00000000c5300000| Untracked 
|  84|0x00000000c5400000, 0x00000000c5400000, 0x00000000c5500000|  0%| F|  |TAMS 0x00000000c5400000, 0x00000000c5400000| Untracked 
|  85|0x00000000c5500000, 0x00000000c5500000, 0x00000000c5600000|  0%| F|  |TAMS 0x00000000c5500000, 0x00000000c5500000| Untracked 
|  86|0x00000000c5600000, 0x00000000c5600000, 0x00000000c5700000|  0%| F|  |TAMS 0x00000000c5600000, 0x00000000c5600000| Untracked 
|  87|0x00000000c5700000, 0x00000000c5700000, 0x00000000c5800000|  0%| F|  |TAMS 0x00000000c5700000, 0x00000000c5700000| Untracked 
|  88|0x00000000c5800000, 0x00000000c5800000, 0x00000000c5900000|  0%| F|  |TAMS 0x00000000c5800000, 0x00000000c5800000| Untracked 
|  89|0x00000000c5900000, 0x00000000c5900000, 0x00000000c5a00000|  0%| F|  |TAMS 0x00000000c5900000, 0x00000000c5900000| Untracked 
|  90|0x00000000c5a00000, 0x00000000c5a00000, 0x00000000c5b00000|  0%| F|  |TAMS 0x00000000c5a00000, 0x00000000c5a00000| Untracked 
|  91|0x00000000c5b00000, 0x00000000c5b00000, 0x00000000c5c00000|  0%| F|  |TAMS 0x00000000c5b00000, 0x00000000c5b00000| Untracked 
|  92|0x00000000c5c00000, 0x00000000c5c00000, 0x00000000c5d00000|  0%| F|  |TAMS 0x00000000c5c00000, 0x00000000c5c00000| Untracked 
|  93|0x00000000c5d00000, 0x00000000c5d00000, 0x00000000c5e00000|  0%| F|  |TAMS 0x00000000c5d00000, 0x00000000c5d00000| Untracked 
|  94|0x00000000c5e00000, 0x00000000c5e00000, 0x00000000c5f00000|  0%| F|  |TAMS 0x00000000c5e00000, 0x00000000c5e00000| Untracked 
|  95|0x00000000c5f00000, 0x00000000c5f00000, 0x00000000c6000000|  0%| F|  |TAMS 0x00000000c5f00000, 0x00000000c5f00000| Untracked 
|  96|0x00000000c6000000, 0x00000000c6000000, 0x00000000c6100000|  0%| F|  |TAMS 0x00000000c6000000, 0x00000000c6000000| Untracked 
|  97|0x00000000c6100000, 0x00000000c6100000, 0x00000000c6200000|  0%| F|  |TAMS 0x00000000c6100000, 0x00000000c6100000| Untracked 
|  98|0x00000000c6200000, 0x00000000c6200000, 0x00000000c6300000|  0%| F|  |TAMS 0x00000000c6200000, 0x00000000c6200000| Untracked 
|  99|0x00000000c6300000, 0x00000000c6300000, 0x00000000c6400000|  0%| F|  |TAMS 0x00000000c6300000, 0x00000000c6300000| Untracked 
| 100|0x00000000c6400000, 0x00000000c6400000, 0x00000000c6500000|  0%| F|  |TAMS 0x00000000c6400000, 0x00000000c6400000| Untracked 
| 101|0x00000000c6500000, 0x00000000c6500000, 0x00000000c6600000|  0%| F|  |TAMS 0x00000000c6500000, 0x00000000c6500000| Untracked 
| 102|0x00000000c6600000, 0x00000000c6600000, 0x00000000c6700000|  0%| F|  |TAMS 0x00000000c6600000, 0x00000000c6600000| Untracked 
| 103|0x00000000c6700000, 0x00000000c6700000, 0x00000000c6800000|  0%| F|  |TAMS 0x00000000c6700000, 0x00000000c6700000| Untracked 
| 104|0x00000000c6800000, 0x00000000c6800000, 0x00000000c6900000|  0%| F|  |TAMS 0x00000000c6800000, 0x00000000c6800000| Untracked 
| 105|0x00000000c6900000, 0x00000000c6900000, 0x00000000c6a00000|  0%| F|  |TAMS 0x00000000c6900000, 0x00000000c6900000| Untracked 
| 106|0x00000000c6a00000, 0x00000000c6a00000, 0x00000000c6b00000|  0%| F|  |TAMS 0x00000000c6a00000, 0x00000000c6a00000| Untracked 
| 107|0x00000000c6b00000, 0x00000000c6b00000, 0x00000000c6c00000|  0%| F|  |TAMS 0x00000000c6b00000, 0x00000000c6b00000| Untracked 
| 108|0x00000000c6c00000, 0x00000000c6c00000, 0x00000000c6d00000|  0%| F|  |TAMS 0x00000000c6c00000, 0x00000000c6c00000| Untracked 
| 109|0x00000000c6d00000, 0x00000000c6d00000, 0x00000000c6e00000|  0%| F|  |TAMS 0x00000000c6d00000, 0x00000000c6d00000| Untracked 
| 110|0x00000000c6e00000, 0x00000000c6e00000, 0x00000000c6f00000|  0%| F|  |TAMS 0x00000000c6e00000, 0x00000000c6e00000| Untracked 
| 111|0x00000000c6f00000, 0x00000000c6f00000, 0x00000000c7000000|  0%| F|  |TAMS 0x00000000c6f00000, 0x00000000c6f00000| Untracked 
| 112|0x00000000c7000000, 0x00000000c7000000, 0x00000000c7100000|  0%| F|  |TAMS 0x00000000c7000000, 0x00000000c7000000| Untracked 
| 113|0x00000000c7100000, 0x00000000c7100000, 0x00000000c7200000|  0%| F|  |TAMS 0x00000000c7100000, 0x00000000c7100000| Untracked 
| 114|0x00000000c7200000, 0x00000000c7200000, 0x00000000c7300000|  0%| F|  |TAMS 0x00000000c7200000, 0x00000000c7200000| Untracked 
| 115|0x00000000c7300000, 0x00000000c7300000, 0x00000000c7400000|  0%| F|  |TAMS 0x00000000c7300000, 0x00000000c7300000| Untracked 
| 116|0x00000000c7400000, 0x00000000c7400000, 0x00000000c7500000|  0%| F|  |TAMS 0x00000000c7400000, 0x00000000c7400000| Untracked 
| 117|0x00000000c7500000, 0x00000000c7500000, 0x00000000c7600000|  0%| F|  |TAMS 0x00000000c7500000, 0x00000000c7500000| Untracked 
| 118|0x00000000c7600000, 0x00000000c7600000, 0x00000000c7700000|  0%| F|  |TAMS 0x00000000c7600000, 0x00000000c7600000| Untracked 
| 119|0x00000000c7700000, 0x00000000c7700000, 0x00000000c7800000|  0%| F|  |TAMS 0x00000000c7700000, 0x00000000c7700000| Untracked 
| 120|0x00000000c7800000, 0x00000000c7800000, 0x00000000c7900000|  0%| F|  |TAMS 0x00000000c7800000, 0x00000000c7800000| Untracked 
| 121|0x00000000c7900000, 0x00000000c7900000, 0x00000000c7a00000|  0%| F|  |TAMS 0x00000000c7900000, 0x00000000c7900000| Untracked 
| 122|0x00000000c7a00000, 0x00000000c7a00000, 0x00000000c7b00000|  0%| F|  |TAMS 0x00000000c7a00000, 0x00000000c7a00000| Untracked 
| 123|0x00000000c7b00000, 0x00000000c7b00000, 0x00000000c7c00000|  0%| F|  |TAMS 0x00000000c7b00000, 0x00000000c7b00000| Untracked 
| 124|0x00000000c7c00000, 0x00000000c7c00000, 0x00000000c7d00000|  0%| F|  |TAMS 0x00000000c7c00000, 0x00000000c7c00000| Untracked 
| 125|0x00000000c7d00000, 0x00000000c7d00000, 0x00000000c7e00000|  0%| F|  |TAMS 0x00000000c7d00000, 0x00000000c7d00000| Untracked 
| 126|0x00000000c7e00000, 0x00000000c7e80800, 0x00000000c7f00000| 50%| E|  |TAMS 0x00000000c7e00000, 0x00000000c7e00000| Complete 
| 127|0x00000000c7f00000, 0x00000000c8000000, 0x00000000c8000000|100%| E|CS|TAMS 0x00000000c7f00000, 0x00000000c7f00000| Complete 
| 128|0x00000000c8000000, 0x00000000c8100000, 0x00000000c8100000|100%| E|CS|TAMS 0x00000000c8000000, 0x00000000c8000000| Complete 
| 129|0x00000000c8100000, 0x00000000c8200000, 0x00000000c8200000|100%| E|CS|TAMS 0x00000000c8100000, 0x00000000c8100000| Complete 
| 130|0x00000000c8200000, 0x00000000c8300000, 0x00000000c8300000|100%| E|CS|TAMS 0x00000000c8200000, 0x00000000c8200000| Complete 
| 131|0x00000000c8300000, 0x00000000c8400000, 0x00000000c8400000|100%| E|CS|TAMS 0x00000000c8300000, 0x00000000c8300000| Complete 
| 132|0x00000000c8400000, 0x00000000c8500000, 0x00000000c8500000|100%| E|CS|TAMS 0x00000000c8400000, 0x00000000c8400000| Complete 
| 133|0x00000000c8500000, 0x00000000c8600000, 0x00000000c8600000|100%| E|CS|TAMS 0x00000000c8500000, 0x00000000c8500000| Complete 
| 134|0x00000000c8600000, 0x00000000c8700000, 0x00000000c8700000|100%| E|CS|TAMS 0x00000000c8600000, 0x00000000c8600000| Complete 
| 135|0x00000000c8700000, 0x00000000c8800000, 0x00000000c8800000|100%| E|CS|TAMS 0x00000000c8700000, 0x00000000c8700000| Complete 
| 136|0x00000000c8800000, 0x00000000c8900000, 0x00000000c8900000|100%| E|CS|TAMS 0x00000000c8800000, 0x00000000c8800000| Complete 
| 137|0x00000000c8900000, 0x00000000c8a00000, 0x00000000c8a00000|100%| E|CS|TAMS 0x00000000c8900000, 0x00000000c8900000| Complete 
| 138|0x00000000c8a00000, 0x00000000c8b00000, 0x00000000c8b00000|100%| E|CS|TAMS 0x00000000c8a00000, 0x00000000c8a00000| Complete 
| 139|0x00000000c8b00000, 0x00000000c8c00000, 0x00000000c8c00000|100%| E|CS|TAMS 0x00000000c8b00000, 0x00000000c8b00000| Complete 
| 140|0x00000000c8c00000, 0x00000000c8d00000, 0x00000000c8d00000|100%| E|CS|TAMS 0x00000000c8c00000, 0x00000000c8c00000| Complete 
| 141|0x00000000c8d00000, 0x00000000c8e00000, 0x00000000c8e00000|100%| E|CS|TAMS 0x00000000c8d00000, 0x00000000c8d00000| Complete 
| 142|0x00000000c8e00000, 0x00000000c8f00000, 0x00000000c8f00000|100%| E|CS|TAMS 0x00000000c8e00000, 0x00000000c8e00000| Complete 
| 143|0x00000000c8f00000, 0x00000000c9000000, 0x00000000c9000000|100%| E|CS|TAMS 0x00000000c8f00000, 0x00000000c8f00000| Complete 
| 144|0x00000000c9000000, 0x00000000c9100000, 0x00000000c9100000|100%| E|CS|TAMS 0x00000000c9000000, 0x00000000c9000000| Complete 
| 145|0x00000000c9100000, 0x00000000c9200000, 0x00000000c9200000|100%| E|CS|TAMS 0x00000000c9100000, 0x00000000c9100000| Complete 
| 146|0x00000000c9200000, 0x00000000c9300000, 0x00000000c9300000|100%| E|CS|TAMS 0x00000000c9200000, 0x00000000c9200000| Complete 
| 147|0x00000000c9300000, 0x00000000c9400000, 0x00000000c9400000|100%| E|CS|TAMS 0x00000000c9300000, 0x00000000c9300000| Complete 
| 148|0x00000000c9400000, 0x00000000c9500000, 0x00000000c9500000|100%| E|CS|TAMS 0x00000000c9400000, 0x00000000c9400000| Complete 
| 149|0x00000000c9500000, 0x00000000c9600000, 0x00000000c9600000|100%| E|CS|TAMS 0x00000000c9500000, 0x00000000c9500000| Complete 
| 150|0x00000000c9600000, 0x00000000c9700000, 0x00000000c9700000|100%| E|CS|TAMS 0x00000000c9600000, 0x00000000c9600000| Complete 
| 151|0x00000000c9700000, 0x00000000c9800000, 0x00000000c9800000|100%| E|CS|TAMS 0x00000000c9700000, 0x00000000c9700000| Complete 
| 152|0x00000000c9800000, 0x00000000c9900000, 0x00000000c9900000|100%| E|CS|TAMS 0x00000000c9800000, 0x00000000c9800000| Complete 
| 153|0x00000000c9900000, 0x00000000c9a00000, 0x00000000c9a00000|100%| E|CS|TAMS 0x00000000c9900000, 0x00000000c9900000| Complete 
| 154|0x00000000c9a00000, 0x00000000c9b00000, 0x00000000c9b00000|100%| E|CS|TAMS 0x00000000c9a00000, 0x00000000c9a00000| Complete 
| 155|0x00000000c9b00000, 0x00000000c9c00000, 0x00000000c9c00000|100%| E|CS|TAMS 0x00000000c9b00000, 0x00000000c9b00000| Complete 
| 156|0x00000000c9c00000, 0x00000000c9d00000, 0x00000000c9d00000|100%| E|CS|TAMS 0x00000000c9c00000, 0x00000000c9c00000| Complete 
| 157|0x00000000c9d00000, 0x00000000c9e00000, 0x00000000c9e00000|100%| E|CS|TAMS 0x00000000c9d00000, 0x00000000c9d00000| Complete 
| 158|0x00000000c9e00000, 0x00000000c9f00000, 0x00000000c9f00000|100%| E|CS|TAMS 0x00000000c9e00000, 0x00000000c9e00000| Complete 
| 159|0x00000000c9f00000, 0x00000000ca000000, 0x00000000ca000000|100%| E|  |TAMS 0x00000000c9f00000, 0x00000000c9f00000| Complete 
| 160|0x00000000ca000000, 0x00000000ca100000, 0x00000000ca100000|100%| E|CS|TAMS 0x00000000ca000000, 0x00000000ca000000| Complete 
| 161|0x00000000ca100000, 0x00000000ca200000, 0x00000000ca200000|100%| E|CS|TAMS 0x00000000ca100000, 0x00000000ca100000| Complete 
| 162|0x00000000ca200000, 0x00000000ca300000, 0x00000000ca300000|100%| E|CS|TAMS 0x00000000ca200000, 0x00000000ca200000| Complete 
| 163|0x00000000ca300000, 0x00000000ca400000, 0x00000000ca400000|100%| E|CS|TAMS 0x00000000ca300000, 0x00000000ca300000| Complete 
| 164|0x00000000ca400000, 0x00000000ca500000, 0x00000000ca500000|100%| E|CS|TAMS 0x00000000ca400000, 0x00000000ca400000| Complete 
| 165|0x00000000ca500000, 0x00000000ca600000, 0x00000000ca600000|100%| E|CS|TAMS 0x00000000ca500000, 0x00000000ca500000| Complete 
| 166|0x00000000ca600000, 0x00000000ca700000, 0x00000000ca700000|100%| E|CS|TAMS 0x00000000ca600000, 0x00000000ca600000| Complete 
| 167|0x00000000ca700000, 0x00000000ca800000, 0x00000000ca800000|100%| E|CS|TAMS 0x00000000ca700000, 0x00000000ca700000| Complete 
| 168|0x00000000ca800000, 0x00000000ca900000, 0x00000000ca900000|100%| E|CS|TAMS 0x00000000ca800000, 0x00000000ca800000| Complete 
| 169|0x00000000ca900000, 0x00000000caa00000, 0x00000000caa00000|100%| E|CS|TAMS 0x00000000ca900000, 0x00000000ca900000| Complete 
| 170|0x00000000caa00000, 0x00000000cab00000, 0x00000000cab00000|100%| E|CS|TAMS 0x00000000caa00000, 0x00000000caa00000| Complete 
| 171|0x00000000cab00000, 0x00000000cac00000, 0x00000000cac00000|100%| E|CS|TAMS 0x00000000cab00000, 0x00000000cab00000| Complete 
| 172|0x00000000cac00000, 0x00000000cad00000, 0x00000000cad00000|100%| E|CS|TAMS 0x00000000cac00000, 0x00000000cac00000| Complete 
| 173|0x00000000cad00000, 0x00000000cae00000, 0x00000000cae00000|100%| E|CS|TAMS 0x00000000cad00000, 0x00000000cad00000| Complete 
| 174|0x00000000cae00000, 0x00000000caf00000, 0x00000000caf00000|100%| E|CS|TAMS 0x00000000cae00000, 0x00000000cae00000| Complete 
| 175|0x00000000caf00000, 0x00000000cb000000, 0x00000000cb000000|100%| E|CS|TAMS 0x00000000caf00000, 0x00000000caf00000| Complete 

Card table byte_map: [0x000001e5215d0000,0x000001e5217d0000] _byte_map_base: 0x000001e520fd0000

Marking Bits (Prev, Next): (CMBitMap*) 0x000001e50ad65c70, (CMBitMap*) 0x000001e50ad65c30
 Prev Bits: [0x000001e5229d0000, 0x000001e5239d0000)
 Next Bits: [0x000001e5219d0000, 0x000001e5229d0000)

Polling page: 0x000001e508c10000

Metaspace:

Usage:
  Non-class:     41.38 MB used.
      Class:      6.60 MB used.
       Both:     47.97 MB used.

Virtual space:
  Non-class space:       64.00 MB reserved,      41.69 MB ( 65%) committed,  1 nodes.
      Class space:      208.00 MB reserved,       6.88 MB (  3%) committed,  1 nodes.
             Both:      272.00 MB reserved,      48.56 MB ( 18%) committed. 

Chunk freelists:
   Non-Class:  6.09 MB
       Class:  8.98 MB
        Both:  15.08 MB

MaxMetaspaceSize: 256.00 MB
CompressedClassSpaceSize: 208.00 MB
Initial GC threshold: 21.00 MB
Current GC threshold: 71.38 MB
CDS: on
MetaspaceReclaimPolicy: balanced
 - commit_granule_bytes: 65536.
 - commit_granule_words: 8192.
 - virtual_space_node_default_size: 8388608.
 - enlarge_chunks_in_place: 1.
 - new_chunks_are_fully_committed: 0.
 - uncommit_free_chunks: 1.
 - use_allocation_guard: 0.
 - handle_deallocations: 1.


Internal statistics:

num_allocs_failed_limit: 3.
num_arena_births: 614.
num_arena_deaths: 2.
num_vsnodes_births: 2.
num_vsnodes_deaths: 0.
num_space_committed: 777.
num_space_uncommitted: 0.
num_chunks_returned_to_freelist: 6.
num_chunks_taken_from_freelist: 2521.
num_chunk_merges: 3.
num_chunk_splits: 1653.
num_chunks_enlarged: 1130.
num_inconsistent_stats: 0.

CodeHeap 'non-profiled nmethods': size=120000Kb used=4593Kb max_used=4593Kb free=115407Kb
 bounds [0x000001e51a0a0000, 0x000001e51a520000, 0x000001e5215d0000]
CodeHeap 'profiled nmethods': size=120000Kb used=13881Kb max_used=13881Kb free=106118Kb
 bounds [0x000001e5125d0000, 0x000001e513360000, 0x000001e519b00000]
CodeHeap 'non-nmethods': size=5760Kb used=2333Kb max_used=2383Kb free=3426Kb
 bounds [0x000001e519b00000, 0x000001e519d70000, 0x000001e51a0a0000]
 total_blobs=7345 nmethods=6512 adapters=744
 compilation: enabled
              stopped_count=0, restarted_count=0
 full_count=0

Compilation events (20 events):
Event: 108.505 Thread 0x000001e5341366c0 7228       3       org.gradle.internal.instantiation.generator.AbstractClassGenerator$PropertyMetadata::hasAnnotation (14 bytes)
Event: 108.506 Thread 0x000001e5341366c0 nmethod 7228 0x000001e51334f090 code [0x000001e51334f380, 0x000001e5133505a8]
Event: 108.506 Thread 0x000001e5341366c0 7229       3       org.gradle.internal.instantiation.generator.AbstractClassGenerator$PropertyMetadata::findAnnotation (22 bytes)
Event: 108.507 Thread 0x000001e5341366c0 nmethod 7229 0x000001e513350b90 code [0x000001e513350e60, 0x000001e513351fe8]
Event: 108.507 Thread 0x000001e5341366c0 7230       3       org.gradle.internal.instantiation.generator.AbstractClassGenerator$PropertyMetadata::backingFieldAnnotationOf (20 bytes)
Event: 108.508 Thread 0x000001e5341366c0 nmethod 7230 0x000001e513352590 code [0x000001e5133527c0, 0x000001e513352f68]
Event: 108.510 Thread 0x000001e5341366c0 7231       3       org.gradle.model.internal.asm.MethodVisitorScope::_DUP (7 bytes)
Event: 108.510 Thread 0x000001e5341366c0 nmethod 7231 0x000001e513353210 code [0x000001e5133533c0, 0x000001e513353628]
Event: 108.510 Thread 0x000001e5341366c0 7232       3       org.gradle.model.internal.asm.MethodVisitorScope::_GOTO (9 bytes)
Event: 108.510 Thread 0x000001e5341366c0 nmethod 7232 0x000001e513353710 code [0x000001e5133538c0, 0x000001e513353b48]
Event: 108.511 Thread 0x000001e5341366c0 7233       3       org.gradle.internal.instantiation.generator.AsmBackedClassGenerator$ClassBuilderImpl::applyConventionMappingToGetter (64 bytes)
Event: 108.512 Thread 0x000001e5341366c0 nmethod 7233 0x000001e513353c90 code [0x000001e513353ee0, 0x000001e513354bb8]
Event: 108.513 Thread 0x000001e5341366c0 7234       3       org.gradle.internal.instantiation.generator.AsmBackedClassGenerator$ClassBuilderImpl::applyConventionMappingToProperty (23 bytes)
Event: 108.513 Thread 0x000001e5341366c0 nmethod 7234 0x000001e513354f90 code [0x000001e5133551e0, 0x000001e5133559a8]
Event: 108.514 Thread 0x000001e5341366c0 7236       3       java.lang.invoke.DirectMethodHandle$Special::<init> (16 bytes)
Event: 108.514 Thread 0x000001e5341366c0 nmethod 7236 0x000001e513355c90 code [0x000001e513355e40, 0x000001e513355fe8]
Event: 108.521 Thread 0x000001e5341366c0 7240       3       jdk.internal.misc.Unsafe::ensureClassInitialized (18 bytes)
Event: 108.521 Thread 0x000001e5341366c0 nmethod 7240 0x000001e513356090 code [0x000001e513356240, 0x000001e513356478]
Event: 108.546 Thread 0x000001e5341366c0 7241       3       org.gradle.internal.serialize.InputStreamBackedDecoder::readInt (8 bytes)
Event: 108.546 Thread 0x000001e5341366c0 nmethod 7241 0x000001e513356590 code [0x000001e513356740, 0x000001e513356888]

GC Heap History (20 events):
Event: 82.757 GC heap before
{Heap before GC invocations=28 (full 0):
 garbage-first heap   total 86016K, used 67026K [0x00000000c0000000, 0x0000000100000000)
  region size 1024K, 30 young (30720K), 3 survivors (3072K)
 Metaspace       used 42626K, committed 43072K, reserved 278528K
  class space    used 5887K, committed 6080K, reserved 212992K
}
Event: 82.765 GC heap after
{Heap after GC invocations=29 (full 0):
 garbage-first heap   total 86016K, used 41376K [0x00000000c0000000, 0x0000000100000000)
  region size 1024K, 4 young (4096K), 4 survivors (4096K)
 Metaspace       used 42626K, committed 43072K, reserved 278528K
  class space    used 5887K, committed 6080K, reserved 212992K
}
Event: 82.902 GC heap before
{Heap before GC invocations=29 (full 0):
 garbage-first heap   total 86016K, used 68000K [0x00000000c0000000, 0x0000000100000000)
  region size 1024K, 30 young (30720K), 4 survivors (4096K)
 Metaspace       used 42627K, committed 43072K, reserved 278528K
  class space    used 5887K, committed 6080K, reserved 212992K
}
Event: 82.919 GC heap after
{Heap after GC invocations=30 (full 0):
 garbage-first heap   total 86016K, used 42336K [0x00000000c0000000, 0x0000000100000000)
  region size 1024K, 2 young (2048K), 2 survivors (2048K)
 Metaspace       used 42627K, committed 43072K, reserved 278528K
  class space    used 5887K, committed 6080K, reserved 212992K
}
Event: 83.302 GC heap before
{Heap before GC invocations=31 (full 0):
 garbage-first heap   total 89088K, used 68960K [0x00000000c0000000, 0x0000000100000000)
  region size 1024K, 28 young (28672K), 2 survivors (2048K)
 Metaspace       used 42631K, committed 43072K, reserved 278528K
  class space    used 5887K, committed 6080K, reserved 212992K
}
Event: 83.309 GC heap after
{Heap after GC invocations=32 (full 0):
 garbage-first heap   total 89088K, used 43369K [0x00000000c0000000, 0x0000000100000000)
  region size 1024K, 3 young (3072K), 3 survivors (3072K)
 Metaspace       used 42631K, committed 43072K, reserved 278528K
  class space    used 5887K, committed 6080K, reserved 212992K
}
Event: 83.668 GC heap before
{Heap before GC invocations=32 (full 0):
 garbage-first heap   total 89088K, used 72041K [0x00000000c0000000, 0x0000000100000000)
  region size 1024K, 31 young (31744K), 3 survivors (3072K)
 Metaspace       used 42642K, committed 43072K, reserved 278528K
  class space    used 5887K, committed 6080K, reserved 212992K
}
Event: 83.684 GC heap after
{Heap after GC invocations=33 (full 0):
 garbage-first heap   total 89088K, used 45262K [0x00000000c0000000, 0x0000000100000000)
  region size 1024K, 4 young (4096K), 4 survivors (4096K)
 Metaspace       used 42642K, committed 43072K, reserved 278528K
  class space    used 5887K, committed 6080K, reserved 212992K
}
Event: 90.428 GC heap before
{Heap before GC invocations=34 (full 0):
 garbage-first heap   total 89088K, used 72910K [0x00000000c0000000, 0x0000000100000000)
  region size 1024K, 31 young (31744K), 4 survivors (4096K)
 Metaspace       used 42933K, committed 43392K, reserved 278528K
  class space    used 5911K, committed 6144K, reserved 212992K
}
Event: 90.433 GC heap after
{Heap after GC invocations=35 (full 0):
 garbage-first heap   total 89088K, used 46527K [0x00000000c0000000, 0x0000000100000000)
  region size 1024K, 3 young (3072K), 3 survivors (3072K)
 Metaspace       used 42933K, committed 43392K, reserved 278528K
  class space    used 5911K, committed 6144K, reserved 212992K
}
Event: 90.474 GC heap before
{Heap before GC invocations=35 (full 0):
 garbage-first heap   total 89088K, used 47551K [0x00000000c0000000, 0x0000000100000000)
  region size 1024K, 4 young (4096K), 3 survivors (3072K)
 Metaspace       used 42976K, committed 43392K, reserved 278528K
  class space    used 5912K, committed 6144K, reserved 212992K
}
Event: 90.479 GC heap after
{Heap after GC invocations=36 (full 0):
 garbage-first heap   total 89088K, used 46464K [0x00000000c0000000, 0x0000000100000000)
  region size 1024K, 1 young (1024K), 1 survivors (1024K)
 Metaspace       used 42976K, committed 43392K, reserved 278528K
  class space    used 5912K, committed 6144K, reserved 212992K
}
Event: 92.999 GC heap before
{Heap before GC invocations=36 (full 0):
 garbage-first heap   total 89088K, used 73088K [0x00000000c0000000, 0x0000000100000000)
  region size 1024K, 27 young (27648K), 1 survivors (1024K)
 Metaspace       used 43405K, committed 43840K, reserved 278528K
  class space    used 5935K, committed 6144K, reserved 212992K
}
Event: 93.004 GC heap after
{Heap after GC invocations=37 (full 0):
 garbage-first heap   total 89088K, used 48336K [0x00000000c0000000, 0x0000000100000000)
  region size 1024K, 3 young (3072K), 3 survivors (3072K)
 Metaspace       used 43405K, committed 43840K, reserved 278528K
  class space    used 5935K, committed 6144K, reserved 212992K
}
Event: 93.197 GC heap before
{Heap before GC invocations=38 (full 0):
 garbage-first heap   total 92160K, used 72912K [0x00000000c0000000, 0x0000000100000000)
  region size 1024K, 27 young (27648K), 3 survivors (3072K)
 Metaspace       used 43405K, committed 43840K, reserved 278528K
  class space    used 5935K, committed 6144K, reserved 212992K
}
Event: 93.206 GC heap after
{Heap after GC invocations=39 (full 0):
 garbage-first heap   total 92160K, used 50557K [0x00000000c0000000, 0x0000000100000000)
  region size 1024K, 3 young (3072K), 3 survivors (3072K)
 Metaspace       used 43405K, committed 43840K, reserved 278528K
  class space    used 5935K, committed 6144K, reserved 212992K
}
Event: 93.209 GC heap before
{Heap before GC invocations=39 (full 0):
 garbage-first heap   total 92160K, used 51581K [0x00000000c0000000, 0x0000000100000000)
  region size 1024K, 4 young (4096K), 3 survivors (3072K)
 Metaspace       used 43405K, committed 43840K, reserved 278528K
  class space    used 5935K, committed 6144K, reserved 212992K
}
Event: 93.215 GC heap after
{Heap after GC invocations=40 (full 0):
 garbage-first heap   total 180224K, used 50537K [0x00000000c0000000, 0x0000000100000000)
  region size 1024K, 1 young (1024K), 1 survivors (1024K)
 Metaspace       used 43405K, committed 43840K, reserved 278528K
  class space    used 5935K, committed 6144K, reserved 212992K
}
Event: 102.467 GC heap before
{Heap before GC invocations=40 (full 0):
 garbage-first heap   total 180224K, used 147817K [0x00000000c0000000, 0x0000000100000000)
  region size 1024K, 95 young (97280K), 1 survivors (1024K)
 Metaspace       used 45893K, committed 46528K, reserved 278528K
  class space    used 6262K, committed 6528K, reserved 212992K
}
Event: 102.506 GC heap after
{Heap after GC invocations=41 (full 0):
 garbage-first heap   total 180224K, used 57164K [0x00000000c0000000, 0x0000000100000000)
  region size 1024K, 6 young (6144K), 6 survivors (6144K)
 Metaspace       used 45893K, committed 46528K, reserved 278528K
  class space    used 6262K, committed 6528K, reserved 212992K
}

Deoptimization events (20 events):
Event: 108.017 Thread 0x000001e534a07550 Uncommon trap: trap_request=0xffffffc6 fr.pc=0x000001e51a3b59bc relative=0x0000000000000abc
Event: 108.017 Thread 0x000001e534a07550 Uncommon trap: reason=bimorphic_or_optimized_type_check action=maybe_recompile pc=0x000001e51a3b59bc method=org.codehaus.groovy.runtime.metaclass.MetaMethodIndex.isOverridden(Lgroovy/lang/MetaMethod;Lgroovy/lang/MetaMethod;)Z @ 56 c2
Event: 108.017 Thread 0x000001e534a07550 DEOPT PACKING pc=0x000001e51a3b59bc sp=0x0000007b553f35a0
Event: 108.017 Thread 0x000001e534a07550 DEOPT UNPACKING pc=0x000001e519b55ba3 sp=0x0000007b553f34f8 mode 2
Event: 108.125 Thread 0x000001e534a07550 Uncommon trap: trap_request=0xffffff76 fr.pc=0x000001e51a4d9cc0 relative=0x00000000000001a0
Event: 108.125 Thread 0x000001e534a07550 Uncommon trap: reason=predicate action=maybe_recompile pc=0x000001e51a4d9cc0 method=java.util.LinkedHashMap.keysToArray([Ljava/lang/Object;)[Ljava/lang/Object; @ 12 c2
Event: 108.125 Thread 0x000001e534a07550 DEOPT PACKING pc=0x000001e51a4d9cc0 sp=0x0000007b553f1af0
Event: 108.125 Thread 0x000001e534a07550 DEOPT UNPACKING pc=0x000001e519b55ba3 sp=0x0000007b553f1aa8 mode 2
Event: 108.127 Thread 0x000001e534a07550 Uncommon trap: trap_request=0xffffff45 fr.pc=0x000001e51a446dd0 relative=0x0000000000000230
Event: 108.127 Thread 0x000001e534a07550 Uncommon trap: reason=unstable_if action=reinterpret pc=0x000001e51a446dd0 method=org.objectweb.asm.Label.resolve([BLorg/objectweb/asm/ByteVector;I)Z @ 81 c2
Event: 108.127 Thread 0x000001e534a07550 DEOPT PACKING pc=0x000001e51a446dd0 sp=0x0000007b553f1510
Event: 108.127 Thread 0x000001e534a07550 DEOPT UNPACKING pc=0x000001e519b55ba3 sp=0x0000007b553f1480 mode 2
Event: 108.275 Thread 0x000001e534a07550 Uncommon trap: trap_request=0xffffff45 fr.pc=0x000001e51a341280 relative=0x0000000000000880
Event: 108.275 Thread 0x000001e534a07550 Uncommon trap: reason=unstable_if action=reinterpret pc=0x000001e51a341280 method=java.util.HashMap.putVal(ILjava/lang/Object;Ljava/lang/Object;ZZ)Ljava/lang/Object; @ 85 c2
Event: 108.275 Thread 0x000001e534a07550 DEOPT PACKING pc=0x000001e51a341280 sp=0x0000007b553f0790
Event: 108.275 Thread 0x000001e534a07550 DEOPT UNPACKING pc=0x000001e519b55ba3 sp=0x0000007b553f0738 mode 2
Event: 108.283 Thread 0x000001e534a07550 Uncommon trap: trap_request=0xffffff45 fr.pc=0x000001e51a2a2738 relative=0x00000000000002f8
Event: 108.283 Thread 0x000001e534a07550 Uncommon trap: reason=unstable_if action=reinterpret pc=0x000001e51a2a2738 method=org.gradle.internal.reflect.PropertyAccessorType.isGetGetterName(Ljava/lang/String;)Z @ 14 c2
Event: 108.283 Thread 0x000001e534a07550 DEOPT PACKING pc=0x000001e51a2a2738 sp=0x0000007b553f12c0
Event: 108.283 Thread 0x000001e534a07550 DEOPT UNPACKING pc=0x000001e519b55ba3 sp=0x0000007b553f1218 mode 2

Classes unloaded (3 events):
Event: 79.241 Thread 0x000001e50add6270 Unloading class 0x000001e527588918 '_BuildScript_$_run_closure1$_closure2'
Event: 79.241 Thread 0x000001e50add6270 Unloading class 0x000001e527588530 '_BuildScript_$_run_closure1'
Event: 79.241 Thread 0x000001e50add6270 Unloading class 0x000001e527588000 '_BuildScript_'

Classes redefined (0 events):
No events

Internal exceptions (20 events):
Event: 102.514 Thread 0x000001e534a07550 Exception <a 'java/lang/NoSuchMethodError'{0x00000000caf02820}: 'java.lang.Object java.lang.invoke.DirectMethodHandle$Holder.invokeStatic(java.lang.Object, java.lang.Object, java.lang.Object, java.lang.Object, java.lang.Object, java.lang.Object, java.lang.Object, java.lang.Object, java.lang.Object, java.lang.Object, java.lang.Object, java.lang.Object, java.lang.Object, java.lang.Object, java.lang.Object, java.lang.Object, java.lang.Object, java.lang.Object, java.lang.Object, java.lang.Object, java.lang.Obj
Event: 102.532 Thread 0x000001e534a07550 Exception <a 'java/lang/NoSuchMethodError'{0x00000000caf340d0}: 'java.lang.Object java.lang.invoke.DirectMethodHandle$Holder.invokeStatic(java.lang.Object, java.lang.Object, java.lang.Object, java.lang.Object, java.lang.Object, java.lang.Object, java.lang.Object, java.lang.Object, java.lang.Object, java.lang.Object, java.lang.Object, java.lang.Object, java.lang.Object, java.lang.Object, java.lang.Object, java.lang.Object, java.lang.Object, java.lang.Object, java.lang.Object, java.lang.Object, java.lang.Obj
Event: 102.548 Thread 0x000001e534a07550 Exception <a 'java/lang/NoSuchMethodError'{0x00000000caf66d90}: 'java.lang.Object java.lang.invoke.DirectMethodHandle$Holder.invokeStatic(java.lang.Object, java.lang.Object, java.lang.Object, java.lang.Object, java.lang.Object, java.lang.Object, java.lang.Object, java.lang.Object, java.lang.Object, java.lang.Object, java.lang.Object, java.lang.Object, java.lang.Object, java.lang.Object, java.lang.Object, java.lang.Object, java.lang.Object, java.lang.Object, java.lang.Object, java.lang.Object, java.lang.Obj
Event: 106.014 Thread 0x000001e534a07a60 Exception <a 'java/lang/NoSuchMethodError'{0x00000000c9a89f28}: static Lorg/gradle/internal/build/event/types/DefaultBuildPhaseDescriptor;.<clinit>()V> (0x00000000c9a89f28) 
thrown [s\open\src\hotspot\share\prims\jni.cpp, line 1107]
Event: 107.653 Thread 0x000001e534a07550 Exception <a 'java/lang/ClassNotFoundException'{0x00000000c929fa80}: org/gradle/api/internal/project/DefaultProject_DecoratedBeanInfo> (0x00000000c929fa80) 
thrown [s\open\src\hotspot\share\classfile\systemDictionary.cpp, line 256]
Event: 107.653 Thread 0x000001e534a07550 Exception <a 'java/lang/ClassNotFoundException'{0x00000000c92b0120}: org/gradle/api/internal/project/DefaultProjectBeanInfo> (0x00000000c92b0120) 
thrown [s\open\src\hotspot\share\classfile\systemDictionary.cpp, line 256]
Event: 107.654 Thread 0x000001e534a07550 Exception <a 'java/lang/ClassNotFoundException'{0x00000000c92c07e8}: org/gradle/api/internal/project/DefaultProjectCustomizer> (0x00000000c92c07e8) 
thrown [s\open\src\hotspot\share\classfile\systemDictionary.cpp, line 256]
Event: 107.681 Thread 0x000001e534a07550 Exception <a 'java/lang/ClassNotFoundException'{0x00000000c916e430}: org/gradle/api/internal/project/DefaultProject_DecoratedCustomizer> (0x00000000c916e430) 
thrown [s\open\src\hotspot\share\classfile\systemDictionary.cpp, line 256]
Event: 108.022 Thread 0x000001e534a07550 Exception <a 'java/lang/ClassNotFoundException'{0x00000000c8b57d50}: org/gradle/api/internal/plugins/DefaultPluginContainerBeanInfo> (0x00000000c8b57d50) 
thrown [s\open\src\hotspot\share\classfile\systemDictionary.cpp, line 256]
Event: 108.024 Thread 0x000001e534a07550 Exception <a 'java/lang/ClassNotFoundException'{0x00000000c8b68540}: org/gradle/api/internal/plugins/DefaultPluginCollectionBeanInfo> (0x00000000c8b68540) 
thrown [s\open\src\hotspot\share\classfile\systemDictionary.cpp, line 256]
Event: 108.025 Thread 0x000001e534a07550 Exception <a 'java/lang/ClassNotFoundException'{0x00000000c8b78a70}: org/gradle/api/internal/DefaultDomainObjectSetBeanInfo> (0x00000000c8b78a70) 
thrown [s\open\src\hotspot\share\classfile\systemDictionary.cpp, line 256]
Event: 108.026 Thread 0x000001e534a07550 Exception <a 'java/lang/ClassNotFoundException'{0x00000000c8b89220}: org/gradle/api/internal/DefaultDomainObjectSetCustomizer> (0x00000000c8b89220) 
thrown [s\open\src\hotspot\share\classfile\systemDictionary.cpp, line 256]
Event: 108.029 Thread 0x000001e534a07550 Exception <a 'java/lang/ClassNotFoundException'{0x00000000c8ba8838}: org/gradle/api/internal/plugins/DefaultPluginCollectionCustomizer> (0x00000000c8ba8838) 
thrown [s\open\src\hotspot\share\classfile\systemDictionary.cpp, line 256]
Event: 108.035 Thread 0x000001e534a07550 Exception <a 'java/lang/ClassNotFoundException'{0x00000000c8be1ee0}: org/gradle/api/internal/plugins/DefaultPluginContainerCustomizer> (0x00000000c8be1ee0) 
thrown [s\open\src\hotspot\share\classfile\systemDictionary.cpp, line 256]
Event: 108.104 Thread 0x000001e534a07550 Exception <a 'java/lang/ClassNotFoundException'{0x00000000c8afa2e8}: org/gradle/api/internal/plugins/DefaultObjectConfigurationActionBeanInfo> (0x00000000c8afa2e8) 
thrown [s\open\src\hotspot\share\classfile\systemDictionary.cpp, line 256]
Event: 108.104 Thread 0x000001e534a07550 Exception <a 'java/lang/ClassNotFoundException'{0x00000000c89147b0}: org/gradle/api/internal/plugins/DefaultObjectConfigurationActionCustomizer> (0x00000000c89147b0) 
thrown [s\open\src\hotspot\share\classfile\systemDictionary.cpp, line 256]
Event: 108.276 Thread 0x000001e534a07550 Exception <a 'java/lang/NoSuchMethodError'{0x00000000c869ec80}: 'long java.lang.invoke.DirectMethodHandle$Holder.invokeStatic(java.lang.Object, long)'> (0x00000000c869ec80) 
thrown [s\open\src\hotspot\share\interpreter\linkResolver.cpp, line 759]
Event: 108.518 Thread 0x000001e534a07550 Exception <a 'java/lang/NoSuchMethodError'{0x00000000c801b9f0}: 'java.lang.Object java.lang.invoke.DirectMethodHandle$Holder.newInvokeSpecial(java.lang.Object, java.lang.Object, java.lang.Object, java.lang.Object, int)'> (0x00000000c801b9f0) 
thrown [s\open\src\hotspot\share\interpreter\linkResolver.cpp, line 759]
Event: 108.520 Thread 0x000001e534a07550 Exception <a 'java/lang/NoSuchMethodError'{0x00000000c8021a60}: 'java.lang.Object java.lang.invoke.DirectMethodHandle$Holder.invokeSpecial(java.lang.Object, java.lang.Object, java.lang.Object, java.lang.Object, java.lang.Object, int)'> (0x00000000c8021a60) 
thrown [s\open\src\hotspot\share\interpreter\linkResolver.cpp, line 759]
Event: 108.521 Thread 0x000001e534a07550 Exception <a 'java/lang/NoSuchMethodError'{0x00000000c8027480}: 'java.lang.Object java.lang.invoke.Invokers$Holder.linkToTargetMethod(java.lang.Object, java.lang.Object, java.lang.Object, int, java.lang.Object)'> (0x00000000c8027480) 
thrown [s\open\src\hotspot\share\interpreter\linkResolver.cpp, line 759]

VM Operations (20 events):
Event: 101.431 Executing VM operation: Cleanup
Event: 101.431 Executing VM operation: Cleanup done
Event: 102.442 Executing VM operation: Cleanup
Event: 102.458 Executing VM operation: Cleanup done
Event: 102.467 Executing VM operation: G1CollectForAllocation
Event: 102.506 Executing VM operation: G1CollectForAllocation done
Event: 103.511 Executing VM operation: Cleanup
Event: 103.511 Executing VM operation: Cleanup done
Event: 104.516 Executing VM operation: Cleanup
Event: 104.530 Executing VM operation: Cleanup done
Event: 105.536 Executing VM operation: Cleanup
Event: 105.536 Executing VM operation: Cleanup done
Event: 106.546 Executing VM operation: Cleanup
Event: 106.547 Executing VM operation: Cleanup done
Event: 107.050 Executing VM operation: HandshakeAllThreads
Event: 107.051 Executing VM operation: HandshakeAllThreads done
Event: 108.059 Executing VM operation: Cleanup
Event: 108.060 Executing VM operation: Cleanup done
Event: 108.084 Executing VM operation: HandshakeAllThreads
Event: 108.084 Executing VM operation: HandshakeAllThreads done

Events (20 events):
Event: 102.524 loading class java/lang/invoke/BoundMethodHandle$Species_LLLLLLLLLLLLLLLLLLLLLL
Event: 102.524 loading class java/lang/invoke/BoundMethodHandle$Species_LLLLLLLLLLLLLLLLLLLLLL done
Event: 102.542 loading class java/lang/invoke/BoundMethodHandle$Species_LLLLLLLLLLLLLLLLLLLLLLL
Event: 102.544 loading class java/lang/invoke/BoundMethodHandle$Species_LLLLLLLLLLLLLLLLLLLLLLL done
Event: 105.075 loading class java/util/concurrent/atomic/AtomicReferenceFieldUpdater
Event: 105.079 loading class java/util/concurrent/atomic/AtomicReferenceFieldUpdater done
Event: 105.079 loading class java/util/concurrent/atomic/AtomicReferenceFieldUpdater$AtomicReferenceFieldUpdaterImpl
Event: 105.115 loading class java/util/concurrent/atomic/AtomicReferenceFieldUpdater$AtomicReferenceFieldUpdaterImpl done
Event: 105.115 loading class java/util/concurrent/atomic/AtomicReferenceFieldUpdater$AtomicReferenceFieldUpdaterImpl$1
Event: 105.118 loading class java/util/concurrent/atomic/AtomicReferenceFieldUpdater$AtomicReferenceFieldUpdaterImpl$1 done
Event: 107.051 loading class java/nio/file/AtomicMoveNotSupportedException
Event: 107.054 loading class java/nio/file/AtomicMoveNotSupportedException done
Event: 107.696 loading class org/xml/sax/Locator
Event: 107.723 loading class org/xml/sax/Locator done
Event: 107.723 loading class org/xml/sax/SAXParseException
Event: 107.735 loading class org/xml/sax/SAXParseException done
Event: 107.813 loading class org/xml/sax/Attributes
Event: 107.814 loading class org/xml/sax/Attributes done
Event: 108.275 loading class java/util/function/LongUnaryOperator
Event: 108.276 loading class java/util/function/LongUnaryOperator done


Dynamic libraries:
0x00007ff7e8f10000 - 0x00007ff7e8f20000 	C:\Users\NTIC\Downloads\jdk-17_windows-x64_bin\jdk-17.0.10\bin\java.exe
0x00007fffc0040000 - 0x00007fffc02a7000 	C:\WINDOWS\SYSTEM32\ntdll.dll
0x00007fffbf060000 - 0x00007fffbf129000 	C:\WINDOWS\System32\KERNEL32.DLL
0x00007fffbc9c0000 - 0x00007fffbcdb4000 	C:\WINDOWS\System32\KERNELBASE.dll
0x00007fffbd0b0000 - 0x00007fffbd1fb000 	C:\WINDOWS\System32\ucrtbase.dll
0x00007fff9ce50000 - 0x00007fff9ce69000 	C:\Users\NTIC\Downloads\jdk-17_windows-x64_bin\jdk-17.0.10\bin\jli.dll
0x00007fffbdf30000 - 0x00007fffbdfe6000 	C:\WINDOWS\System32\ADVAPI32.dll
0x00007fffbe090000 - 0x00007fffbe139000 	C:\WINDOWS\System32\msvcrt.dll
0x00007fffbe2e0000 - 0x00007fffbe387000 	C:\WINDOWS\System32\sechost.dll
0x00007fffbfb30000 - 0x00007fffbfc48000 	C:\WINDOWS\System32\RPCRT4.dll
0x00007fff9b900000 - 0x00007fff9b91b000 	C:\Users\NTIC\Downloads\jdk-17_windows-x64_bin\jdk-17.0.10\bin\VCRUNTIME140.dll
0x00007fffbee90000 - 0x00007fffbf055000 	C:\WINDOWS\System32\USER32.dll
0x00007fffbdba0000 - 0x00007fffbdbc7000 	C:\WINDOWS\System32\win32u.dll
0x00007fffbf130000 - 0x00007fffbf15b000 	C:\WINDOWS\System32\GDI32.dll
0x00007fffbda70000 - 0x00007fffbdb9a000 	C:\WINDOWS\System32\gdi32full.dll
0x00007fffbcdc0000 - 0x00007fffbce63000 	C:\WINDOWS\System32\msvcp_win.dll
0x00007fff9c3f0000 - 0x00007fff9c683000 	C:\WINDOWS\WinSxS\amd64_microsoft.windows.common-controls_6595b64144ccf1df_6.0.26100.8115_none_3e075c82e3354f9c\COMCTL32.dll
0x00007fffaa7f0000 - 0x00007fffaa7fb000 	C:\WINDOWS\SYSTEM32\VERSION.dll
0x00007fffbfa80000 - 0x00007fffbfab2000 	C:\WINDOWS\System32\IMM32.DLL
0x00007fffa9990000 - 0x00007fffa999c000 	C:\Users\NTIC\Downloads\jdk-17_windows-x64_bin\jdk-17.0.10\bin\vcruntime140_1.dll
0x00007fff7bc40000 - 0x00007fff7bcce000 	C:\Users\NTIC\Downloads\jdk-17_windows-x64_bin\jdk-17.0.10\bin\msvcp140.dll
0x00007fff36e50000 - 0x00007fff37a2f000 	C:\Users\NTIC\Downloads\jdk-17_windows-x64_bin\jdk-17.0.10\bin\server\jvm.dll
0x00007fffbfac0000 - 0x00007fffbfac8000 	C:\WINDOWS\System32\PSAPI.DLL
0x00007fffb7800000 - 0x00007fffb780a000 	C:\WINDOWS\SYSTEM32\WSOCK32.dll
0x00007fffbe000000 - 0x00007fffbe080000 	C:\WINDOWS\System32\WS2_32.dll
0x00007fffb5670000 - 0x00007fffb56a6000 	C:\WINDOWS\SYSTEM32\WINMM.dll
0x00007fffbb6a0000 - 0x00007fffbb6bb000 	C:\WINDOWS\SYSTEM32\kernel.appcore.dll
0x00007fff9d1f0000 - 0x00007fff9d1fa000 	C:\Users\NTIC\Downloads\jdk-17_windows-x64_bin\jdk-17.0.10\bin\jimage.dll
0x00007fffba700000 - 0x00007fffba942000 	C:\WINDOWS\SYSTEM32\DBGHELP.DLL
0x00007fffbe390000 - 0x00007fffbe712000 	C:\WINDOWS\System32\combase.dll
0x00007fffbf160000 - 0x00007fffbf237000 	C:\WINDOWS\System32\OLEAUT32.dll
0x00007fff94eb0000 - 0x00007fff94eeb000 	C:\WINDOWS\SYSTEM32\dbgcore.DLL
0x00007fffbc910000 - 0x00007fffbc9b5000 	C:\WINDOWS\System32\bcryptPrimitives.dll
0x00007fffaa6b0000 - 0x00007fffaa6be000 	C:\Users\NTIC\Downloads\jdk-17_windows-x64_bin\jdk-17.0.10\bin\instrument.dll
0x00007fff92090000 - 0x00007fff920b5000 	C:\Users\NTIC\Downloads\jdk-17_windows-x64_bin\jdk-17.0.10\bin\java.dll
0x00007fff7bb60000 - 0x00007fff7bc37000 	C:\Users\NTIC\Downloads\jdk-17_windows-x64_bin\jdk-17.0.10\bin\jsvml.dll
0x00007fffbe720000 - 0x00007fffbee86000 	C:\WINDOWS\System32\SHELL32.dll
0x00007fffbdc60000 - 0x00007fffbddca000 	C:\WINDOWS\System32\wintypes.dll
0x00007fffbd200000 - 0x00007fffbda65000 	C:\WINDOWS\System32\windows.storage.dll
0x00007fffbf240000 - 0x00007fffbf337000 	C:\WINDOWS\System32\SHCORE.dll
0x00007fffbff90000 - 0x00007fffbfff6000 	C:\WINDOWS\System32\shlwapi.dll
0x00007fffbc830000 - 0x00007fffbc859000 	C:\WINDOWS\SYSTEM32\profapi.dll
0x00007fff9b880000 - 0x00007fff9b898000 	C:\Users\NTIC\Downloads\jdk-17_windows-x64_bin\jdk-17.0.10\bin\zip.dll
0x00007fff92070000 - 0x00007fff92089000 	C:\Users\NTIC\Downloads\jdk-17_windows-x64_bin\jdk-17.0.10\bin\net.dll
0x00007fffaf3c0000 - 0x00007fffaf4ed000 	C:\WINDOWS\SYSTEM32\WINHTTP.dll
0x00007fffbbc10000 - 0x00007fffbbc7c000 	C:\WINDOWS\system32\mswsock.dll
0x00007fff8f380000 - 0x00007fff8f396000 	C:\Users\NTIC\Downloads\jdk-17_windows-x64_bin\jdk-17.0.10\bin\nio.dll
0x00007fffaa6a0000 - 0x00007fffaa6b0000 	C:\Users\NTIC\Downloads\jdk-17_windows-x64_bin\jdk-17.0.10\bin\verify.dll
0x00007fffa9aa0000 - 0x00007fffa9ac7000 	C:\Users\NTIC\.gradle\native\c067742578af261105cb4f569cf0c3c89f3d7b1fecec35dd04571415982c5e48\windows-amd64\native-platform.dll
0x00007fff6f200000 - 0x00007fff6f344000 	C:\Users\NTIC\.gradle\native\38dada09dfb8b06ba9b0570ebf7e218e3eb74d4ef43ca46872605cf95ebc2f47\windows-amd64\native-platform-file-events.dll
0x00007fff958e0000 - 0x00007fff958ea000 	C:\Users\NTIC\Downloads\jdk-17_windows-x64_bin\jdk-17.0.10\bin\management.dll
0x00007fff95880000 - 0x00007fff9588b000 	C:\Users\NTIC\Downloads\jdk-17_windows-x64_bin\jdk-17.0.10\bin\management_ext.dll
0x00007fffbbef0000 - 0x00007fffbbf0b000 	C:\WINDOWS\SYSTEM32\CRYPTSP.dll
0x00007fffbb600000 - 0x00007fffbb639000 	C:\WINDOWS\system32\rsaenh.dll
0x00007fffbbcc0000 - 0x00007fffbbcf3000 	C:\WINDOWS\SYSTEM32\USERENV.dll
0x00007fffbc800000 - 0x00007fffbc82a000 	C:\WINDOWS\SYSTEM32\bcrypt.dll
0x00007fffbbf10000 - 0x00007fffbbf1c000 	C:\WINDOWS\SYSTEM32\CRYPTBASE.dll
0x00007fffbb0f0000 - 0x00007fffbb122000 	C:\WINDOWS\SYSTEM32\IPHLPAPI.DLL
0x00007fffbdff0000 - 0x00007fffbdffa000 	C:\WINDOWS\System32\NSI.dll
0x00007fffb55f0000 - 0x00007fffb560d000 	C:\WINDOWS\SYSTEM32\dhcpcsvc6.DLL
0x00007fffb55c0000 - 0x00007fffb55e5000 	C:\WINDOWS\SYSTEM32\dhcpcsvc.DLL
0x00007fffbb150000 - 0x00007fffbb282000 	C:\WINDOWS\SYSTEM32\DNSAPI.dll
0x00007fff956c0000 - 0x00007fff956ce000 	C:\Users\NTIC\Downloads\jdk-17_windows-x64_bin\jdk-17.0.10\bin\sunmscapi.dll
0x00007fffbcf30000 - 0x00007fffbd0a7000 	C:\WINDOWS\System32\CRYPT32.dll
0x00007fffbc110000 - 0x00007fffbc140000 	C:\WINDOWS\SYSTEM32\ncrypt.dll
0x00007fffbc0c0000 - 0x00007fffbc0ff000 	C:\WINDOWS\SYSTEM32\NTASN1.dll
0x00007fffb99d0000 - 0x00007fffb99d8000 	C:\WINDOWS\system32\wshunix.dll

dbghelp: loaded successfully - version: 4.0.5 - missing functions: none
symbol engine: initialized successfully - sym options: 0x614 - pdb path: .;C:\Users\NTIC\Downloads\jdk-17_windows-x64_bin\jdk-17.0.10\bin;C:\WINDOWS\SYSTEM32;C:\WINDOWS\WinSxS\amd64_microsoft.windows.common-controls_6595b64144ccf1df_6.0.26100.8115_none_3e075c82e3354f9c;C:\Users\NTIC\Downloads\jdk-17_windows-x64_bin\jdk-17.0.10\bin\server;C:\Users\NTIC\.gradle\native\c067742578af261105cb4f569cf0c3c89f3d7b1fecec35dd04571415982c5e48\windows-amd64;C:\Users\NTIC\.gradle\native\38dada09dfb8b06ba9b0570ebf7e218e3eb74d4ef43ca46872605cf95ebc2f47\windows-amd64

VM Arguments:
jvm_args: -XX:+HeapDumpOnOutOfMemoryError -XX:MaxMetaspaceSize=256m --add-opens=java.base/java.util=ALL-UNNAMED --add-opens=java.base/java.lang=ALL-UNNAMED --add-opens=java.base/java.lang.invoke=ALL-UNNAMED --add-opens=java.prefs/java.util.prefs=ALL-UNNAMED --add-opens=java.base/java.nio.charset=ALL-UNNAMED --add-opens=java.base/java.net=ALL-UNNAMED --add-opens=java.base/java.util.concurrent.atomic=ALL-UNNAMED -Xmx1024m -Dfile.encoding=utf8 -Duser.country=FR -Duser.language=fr -Duser.variant -javaagent:C:\Users\NTIC\.gradle\wrapper\dists\gradle-8.7-all\aan3ydargesu18aqyqjwhr3pc\gradle-8.7\lib\agents\gradle-instrumentation-agent-8.7.jar 
java_command: org.gradle.launcher.daemon.bootstrap.GradleDaemon 8.7
java_class_path (initial): C:\Users\NTIC\.gradle\wrapper\dists\gradle-8.7-all\aan3ydargesu18aqyqjwhr3pc\gradle-8.7\lib\gradle-launcher-8.7.jar
Launcher Type: SUN_STANDARD

[Global flags]
     intx CICompilerCount                          = 3                                         {product} {ergonomic}
   size_t CompressedClassSpaceSize                 = 218103808                                 {product} {ergonomic}
     uint ConcGCThreads                            = 1                                         {product} {ergonomic}
     uint G1ConcRefinementThreads                  = 4                                         {product} {ergonomic}
   size_t G1HeapRegionSize                         = 1048576                                   {product} {ergonomic}
    uintx GCDrainStackTargetSize                   = 64                                        {product} {ergonomic}
     bool HeapDumpOnOutOfMemoryError               = true                                   {manageable} {command line}
   size_t InitialHeapSize                          = 60817408                                  {product} {ergonomic}
   size_t MarkStackSize                            = 4194304                                   {product} {ergonomic}
   size_t MaxHeapSize                              = 1073741824                                {product} {command line}
   size_t MaxMetaspaceSize                         = 268435456                                 {product} {command line}
   size_t MaxNewSize                               = 643825664                                 {product} {ergonomic}
   size_t MinHeapDeltaBytes                        = 1048576                                   {product} {ergonomic}
   size_t MinHeapSize                              = 8388608                                   {product} {ergonomic}
    uintx NonNMethodCodeHeapSize                   = 5832780                                {pd product} {ergonomic}
    uintx NonProfiledCodeHeapSize                  = 122912730                              {pd product} {ergonomic}
    uintx ProfiledCodeHeapSize                     = 122912730                              {pd product} {ergonomic}
    uintx ReservedCodeCacheSize                    = 251658240                              {pd product} {ergonomic}
     bool SegmentedCodeCache                       = true                                      {product} {ergonomic}
   size_t SoftMaxHeapSize                          = 1073741824                             {manageable} {ergonomic}
     bool UseCompressedClassPointers               = true                           {product lp64_product} {ergonomic}
     bool UseCompressedOops                        = true                           {product lp64_product} {ergonomic}
     bool UseG1GC                                  = true                                      {product} {ergonomic}
     bool UseLargePagesIndividualAllocation        = false                                  {pd product} {ergonomic}

Logging:
Log output configuration:
 #0: stdout all=warning uptime,level,tags
 #1: stderr all=off uptime,level,tags

Environment Variables:
JAVA_HOME=C:\Users\NTIC\Downloads\jdk-17_windows-x64_bin\jdk-17.0.10
PATH=C:\Users\NTIC\AppData\Local\Programs\Microsoft VS Code;C:\Program Files\Common Files\Oracle\Java\javapath;C:\oraclexe\app\oracle\product\10.2.0\server\bin;C:\WINDOWS\system32;C:\WINDOWS;C:\WINDOWS\System32\Wbem;C:\WINDOWS\System32\WindowsPowerShell\v1.0\;C:\WINDOWS\System32\OpenSSH\;C:\Program Files\Git\cmd;C:\Program Files\nodejs\;C:\Program Files\MySQL\MySQL Server 8.0\bin;C:\xampp\php;C:\ProgramData\ComposerSetup\bin;C:\Users\NTIC\Downloads\flutter_windows_3.16.9-stable\flutter\bin;C:\Program Files\Java\jdk-20\bin;C:\Users\NTIC\Downloads\gradle-8.7-all\gradle-8.7\bin;C:\Users\NTIC\AppData\Local\Pub\Cache\bin;C:\wamp64\bin\php\php8.3.0;C:\Program Files\MongoDB\mongosh-2.5.0-win32-x64\bin;C:\Program Files\dotnet\;C:\Program Files\apache-maven-3.9.12\bin;;C:\Program Files\Docker\Docker\resources\bin;C:\Users\NTIC\Downloads\jdk-17_windows-x64_bin\jdk-17.0.10\bin;C:\Program Files\Common Files\Oracle\Java\javapath;C:\oraclexe\app\oracle\product\10.2.0\server\bin;C:\WINDOWS\system32;C:\WINDOWS;C:\WINDOWS\System32\Wbem;C:\WINDOWS\System32\WindowsPowerShell\v1.0\;C:\WINDOWS\System32\OpenSSH\;C:\Program Files\Git\cmd;C:\Program Files\nodejs\;C:\Program Files\MySQL\MySQL Server 8.0\bin;C:\xampp\php;C:\ProgramData\ComposerSetup\bin;C:\Users\NTIC\Downloads\flutter_windows_3.16.9-stable\flutter\bin;C:\Program Files\Java\jdk-20\bin;C:\Users\NTIC\Downloads\gradle-8.7-all\gradle-8.7\bin;C:\Users\NTIC\AppData\Local\Pub\Cache\bin;C:\wamp64\bin\php\php8.3.0;C:\Program Files\MongoDB\mongosh-2.5.0-win32-x64\bin;C:\Program Files\dotnet\;C:\Program Files\apache-maven-3.9.12\bin;;C:\Program Files\Docker\Docker\resources\bin;C:\Users\NTIC\AppData\Local\Programs\Microsoft VS Code\bin;C:\Users\NTIC\AppData\Local\Programs\Windsurf\bin;C:\Users\NTIC\AppData\Local\GitHubDesktop\bin
USERNAME=NTIC
OS=Windows_NT
PROCESSOR_IDENTIFIER=Intel64 Family 6 Model 140 Stepping 1, GenuineIntel



---------------  S Y S T E M  ---------------

OS:
 Windows 11 , 64 bit Build 26100 (10.0.26100.8115)
OS uptime: 0 days 18:34 hours
Hyper-V role detected

CPU: total 4 (initial active 4) (2 cores per cpu, 2 threads per core) family 6 model 140 stepping 1 microcode 0xbc, cx8, cmov, fxsr, ht, mmx, 3dnowpref, sse, sse2, sse3, ssse3, sse4.1, sse4.2, popcnt, lzcnt, tsc, tscinvbit, avx, avx2, aes, erms, clmul, bmi1, bmi2, adx, avx512f, avx512dq, avx512cd, avx512bw, avx512vl, sha, fma, vzeroupper, avx512_vpopcntdq, avx512_vpclmulqdq, avx512_vaes, avx512_vnni, clflush, clflushopt, clwb, avx512_vbmi2, avx512_vbmi, hv

Memory: 4k page, system-wide physical 3662M (65M free)
TotalPageFile size 14926M (AvailPageFile size 5M)
current process WorkingSet (physical memory assigned to process): 214M, peak: 249M
current process commit charge ("private bytes"): 373M, peak: 376M

vm_info: Java HotSpot(TM) 64-Bit Server VM (17.0.10+11-LTS-240) for windows-amd64 JRE (17.0.10+11-LTS-240), built on Dec 19 2023 21:47:25 by "mach5one" with MS VC++ 17.1 (VS2022)

END.
